d:\windowsdriverpratice\masm6432\windowskernelsecurity\22_enumdriver\debug\vc142.pdb
d:\windowsdriverpratice\masm6432\windowskernelsecurity\22_enumdriver\debug\main.obj
d:\windowsdriverpratice\masm6432\windowskernelsecurity\debug\22_enumdriver\22_enumdriver.cat
d:\windowsdriverpratice\masm6432\windowskernelsecurity\debug\22_enumdriver.sys
d:\windowsdriverpratice\masm6432\windowskernelsecurity\debug\22_enumdriver.pdb
d:\windowsdriverpratice\masm6432\windowskernelsecurity\22_enumdriver\debug\22_enumdriver.inf
d:\windowsdriverpratice\masm6432\windowskernelsecurity\debug\22_enumdriver.cer
d:\windowsdriverpratice\masm6432\windowskernelsecurity\debug\22_enumdriver.inf
d:\windowsdriverpratice\masm6432\windowskernelsecurity\22_enumdriver\debug\22_enumdriver.tlog\cl.command.1.tlog
d:\windowsdriverpratice\masm6432\windowskernelsecurity\22_enumdriver\debug\22_enumdriver.tlog\cl.read.1.tlog
d:\windowsdriverpratice\masm6432\windowskernelsecurity\22_enumdriver\debug\22_enumdriver.tlog\cl.write.1.tlog
d:\windowsdriverpratice\masm6432\windowskernelsecurity\22_enumdriver\debug\22_enumdriver.tlog\inf2cat-expand.10940.read.1.tlog
d:\windowsdriverpratice\masm6432\windowskernelsecurity\22_enumdriver\debug\22_enumdriver.tlog\inf2cat-expand.10940.write.1.tlog
d:\windowsdriverpratice\masm6432\windowskernelsecurity\22_enumdriver\debug\22_enumdriver.tlog\inf2cat-expand.12464.read.1.tlog
d:\windowsdriverpratice\masm6432\windowskernelsecurity\22_enumdriver\debug\22_enumdriver.tlog\inf2cat-expand.12464.write.1.tlog
d:\windowsdriverpratice\masm6432\windowskernelsecurity\22_enumdriver\debug\22_enumdriver.tlog\inf2cat-expand.31720.read.1.tlog
d:\windowsdriverpratice\masm6432\windowskernelsecurity\22_enumdriver\debug\22_enumdriver.tlog\inf2cat-expand.31720.write.1.tlog
d:\windowsdriverpratice\masm6432\windowskernelsecurity\22_enumdriver\debug\22_enumdriver.tlog\inf2cat-expand.35900.read.1.tlog
d:\windowsdriverpratice\masm6432\windowskernelsecurity\22_enumdriver\debug\22_enumdriver.tlog\inf2cat-expand.35900.write.1.tlog
d:\windowsdriverpratice\masm6432\windowskernelsecurity\22_enumdriver\debug\22_enumdriver.tlog\inf2cat-expand.57172.read.1.tlog
d:\windowsdriverpratice\masm6432\windowskernelsecurity\22_enumdriver\debug\22_enumdriver.tlog\inf2cat-expand.57172.write.1.tlog
d:\windowsdriverpratice\masm6432\windowskernelsecurity\22_enumdriver\debug\22_enumdriver.tlog\inf2cat-expand.58216.read.1.tlog
d:\windowsdriverpratice\masm6432\windowskernelsecurity\22_enumdriver\debug\22_enumdriver.tlog\inf2cat-expand.58216.write.1.tlog
d:\windowsdriverpratice\masm6432\windowskernelsecurity\22_enumdriver\debug\22_enumdriver.tlog\inf2cat-expand.60424.read.1.tlog
d:\windowsdriverpratice\masm6432\windowskernelsecurity\22_enumdriver\debug\22_enumdriver.tlog\inf2cat-expand.60424.write.1.tlog
d:\windowsdriverpratice\masm6432\windowskernelsecurity\22_enumdriver\debug\22_enumdriver.tlog\inf2cat-expand.66320.read.1.tlog
d:\windowsdriverpratice\masm6432\windowskernelsecurity\22_enumdriver\debug\22_enumdriver.tlog\inf2cat-expand.66320.write.1.tlog
d:\windowsdriverpratice\masm6432\windowskernelsecurity\22_enumdriver\debug\22_enumdriver.tlog\inf2cat-expand.69728.read.1.tlog
d:\windowsdriverpratice\masm6432\windowskernelsecurity\22_enumdriver\debug\22_enumdriver.tlog\inf2cat-expand.69728.write.1.tlog
d:\windowsdriverpratice\masm6432\windowskernelsecurity\22_enumdriver\debug\22_enumdriver.tlog\inf2cat-expand.70336.read.1.tlog
d:\windowsdriverpratice\masm6432\windowskernelsecurity\22_enumdriver\debug\22_enumdriver.tlog\inf2cat-expand.70336.write.1.tlog
d:\windowsdriverpratice\masm6432\windowskernelsecurity\22_enumdriver\debug\22_enumdriver.tlog\inf2cat-expand.74616.read.1.tlog
d:\windowsdriverpratice\masm6432\windowskernelsecurity\22_enumdriver\debug\22_enumdriver.tlog\inf2cat-expand.74616.write.1.tlog
d:\windowsdriverpratice\masm6432\windowskernelsecurity\22_enumdriver\debug\22_enumdriver.tlog\inf2cat-expand.read.1.tlog
d:\windowsdriverpratice\masm6432\windowskernelsecurity\22_enumdriver\debug\22_enumdriver.tlog\inf2cat-expand.write.1.tlog
d:\windowsdriverpratice\masm6432\windowskernelsecurity\22_enumdriver\debug\22_enumdriver.tlog\inf2cat.command.1.tlog
d:\windowsdriverpratice\masm6432\windowskernelsecurity\22_enumdriver\debug\22_enumdriver.tlog\inf2cat.read.1.tlog
d:\windowsdriverpratice\masm6432\windowskernelsecurity\22_enumdriver\debug\22_enumdriver.tlog\inf2cat.write.1.tlog
d:\windowsdriverpratice\masm6432\windowskernelsecurity\22_enumdriver\debug\22_enumdriver.tlog\link.command.1.tlog
d:\windowsdriverpratice\masm6432\windowskernelsecurity\22_enumdriver\debug\22_enumdriver.tlog\link.read.1.tlog
d:\windowsdriverpratice\masm6432\windowskernelsecurity\22_enumdriver\debug\22_enumdriver.tlog\link.write.1.tlog
d:\windowsdriverpratice\masm6432\windowskernelsecurity\22_enumdriver\debug\22_enumdriver.tlog\signtool.command.1.tlog
d:\windowsdriverpratice\masm6432\windowskernelsecurity\22_enumdriver\debug\22_enumdriver.tlog\signtool.read.1.tlog
d:\windowsdriverpratice\masm6432\windowskernelsecurity\22_enumdriver\debug\22_enumdriver.tlog\signtool.timestamp.1.tlog
d:\windowsdriverpratice\masm6432\windowskernelsecurity\22_enumdriver\debug\22_enumdriver.tlog\signtool.write.1.tlog
d:\windowsdriverpratice\masm6432\windowskernelsecurity\22_enumdriver\debug\22_enumdriver.tlog\stampinf.command.1.tlog
d:\windowsdriverpratice\masm6432\windowskernelsecurity\22_enumdriver\debug\22_enumdriver.tlog\stampinf.read.1.tlog
d:\windowsdriverpratice\masm6432\windowskernelsecurity\22_enumdriver\debug\22_enumdriver.tlog\stampinf.write.1.tlog
