C51 COMPILER V9.54   MAIN                                                                  11/07/2024 00:36:03 PAGE 1   


C51 COMPILER V9.54, COMPILATION OF MODULE MAIN
OBJECT MODULE PLACED IN .\Objects\main.obj
COMPILER INVOKED BY: C:\Keil_v5\C51\BIN\C51.EXE main.c OPTIMIZE(8,SPEED) BROWSE DEBUG OBJECTEXTEND PRINT(.\Listings\main
                    -.lst) TABS(2) OBJECT(.\Objects\main.obj)

line level    source

   1          /*************************************************
   2          Copyright (C), 2009-2012    , Level Chip Co., Ltd.
   3          文件名: mainwindow.h
   4          作  者: 钱锐      版本: V0.1.0     新建日期: 2024.11.07
   5          描  述: 点亮一个LED灯
   6          备  注:  
   7          修改记录: 
   8          
   9            1.  日期: 2024.11.07
  10                作者: 钱锐
  11                内容:
  12                    1) 此为模板第一个版本;
  13                版本:V0.1.0
  14          
  15          *************************************************/
  16          
  17          #include <REGX52.H>
  18          #include <INTRINS.H>
  19          
  20          static void Delay500ms()    //@12.000MHz
  21          {
  22   1        unsigned char i, j, k;
  23   1      
  24   1        _nop_();
  25   1        i = 4;
  26   1        j = 205;
  27   1        k = 187;
  28   1        do
  29   1        {
  30   2          do
  31   2          {
  32   3            while (--k);
  33   3          } while (--j);
  34   2        } while (--i);
  35   1      }
  36          
  37          
  38          int main()
  39          {
  40   1        while(1)
  41   1        {
  42   2          P2 = 0xfe;
  43   2          Delay500ms();
  44   2      
  45   2          P2 = 0xff;
  46   2          Delay500ms();
  47   2        }
  48   1        
  49   1        return 0;
  50   1      }
*** WARNING C294 IN LINE 49 OF main.c: unreachable code


MODULE INFORMATION:   STATIC OVERLAYABLE
C51 COMPILER V9.54   MAIN                                                                  11/07/2024 00:36:03 PAGE 2   

   CODE SIZE        =     28    ----
   CONSTANT SIZE    =   ----    ----
   XDATA SIZE       =   ----    ----
   PDATA SIZE       =   ----    ----
   DATA SIZE        =   ----    ----
   IDATA SIZE       =   ----    ----
   BIT SIZE         =   ----    ----
END OF MODULE INFORMATION.


C51 COMPILATION COMPLETE.  1 WARNING(S),  0 ERROR(S)
