d:\windowsdriverpratice\masm6432\kmdfdiver\16_01_threeioctltype\debug\vc142.pdb
d:\windowsdriverpratice\masm6432\kmdfdiver\16_01_threeioctltype\debug\queue.obj
d:\windowsdriverpratice\masm6432\kmdfdiver\16_01_threeioctltype\debug\driver.obj
d:\windowsdriverpratice\masm6432\kmdfdiver\16_01_threeioctltype\debug\device.obj
d:\windowsdriverpratice\masm6432\kmdfdiver\debug\16_01_threeioctltype\16_01_threeioctltype.cat
d:\windowsdriverpratice\masm6432\kmdfdiver\debug\16_01_threeioctltype.sys
d:\windowsdriverpratice\masm6432\kmdfdiver\debug\16_01_threeioctltype.pdb
d:\windowsdriverpratice\masm6432\kmdfdiver\16_01_threeioctltype\debug\16_01_threeioctltype.inf
d:\windowsdriverpratice\masm6432\kmdfdiver\debug\16_01_threeioctltype.cer
d:\windowsdriverpratice\masm6432\kmdfdiver\debug\16_01_threeioctltype.inf
d:\windowsdriverpratice\masm6432\kmdfdiver\16_01_threeioctltype\debug\16_01_th.3972f6c9.tlog\cl.command.1.tlog
d:\windowsdriverpratice\masm6432\kmdfdiver\16_01_threeioctltype\debug\16_01_th.3972f6c9.tlog\cl.read.1.tlog
d:\windowsdriverpratice\masm6432\kmdfdiver\16_01_threeioctltype\debug\16_01_th.3972f6c9.tlog\cl.write.1.tlog
d:\windowsdriverpratice\masm6432\kmdfdiver\16_01_threeioctltype\debug\16_01_th.3972f6c9.tlog\inf2cat-expand.20052.read.1.tlog
d:\windowsdriverpratice\masm6432\kmdfdiver\16_01_threeioctltype\debug\16_01_th.3972f6c9.tlog\inf2cat-expand.20052.write.1.tlog
d:\windowsdriverpratice\masm6432\kmdfdiver\16_01_threeioctltype\debug\16_01_th.3972f6c9.tlog\inf2cat-expand.42980.read.1.tlog
d:\windowsdriverpratice\masm6432\kmdfdiver\16_01_threeioctltype\debug\16_01_th.3972f6c9.tlog\inf2cat-expand.42980.write.1.tlog
d:\windowsdriverpratice\masm6432\kmdfdiver\16_01_threeioctltype\debug\16_01_th.3972f6c9.tlog\inf2cat-expand.read.1.tlog
d:\windowsdriverpratice\masm6432\kmdfdiver\16_01_threeioctltype\debug\16_01_th.3972f6c9.tlog\inf2cat-expand.write.1.tlog
d:\windowsdriverpratice\masm6432\kmdfdiver\16_01_threeioctltype\debug\16_01_th.3972f6c9.tlog\inf2cat.command.1.tlog
d:\windowsdriverpratice\masm6432\kmdfdiver\16_01_threeioctltype\debug\16_01_th.3972f6c9.tlog\inf2cat.read.1.tlog
d:\windowsdriverpratice\masm6432\kmdfdiver\16_01_threeioctltype\debug\16_01_th.3972f6c9.tlog\inf2cat.write.1.tlog
d:\windowsdriverpratice\masm6432\kmdfdiver\16_01_threeioctltype\debug\16_01_th.3972f6c9.tlog\link.command.1.tlog
d:\windowsdriverpratice\masm6432\kmdfdiver\16_01_threeioctltype\debug\16_01_th.3972f6c9.tlog\link.read.1.tlog
d:\windowsdriverpratice\masm6432\kmdfdiver\16_01_threeioctltype\debug\16_01_th.3972f6c9.tlog\link.write.1.tlog
d:\windowsdriverpratice\masm6432\kmdfdiver\16_01_threeioctltype\debug\16_01_th.3972f6c9.tlog\signtool.command.1.tlog
d:\windowsdriverpratice\masm6432\kmdfdiver\16_01_threeioctltype\debug\16_01_th.3972f6c9.tlog\signtool.read.1.tlog
d:\windowsdriverpratice\masm6432\kmdfdiver\16_01_threeioctltype\debug\16_01_th.3972f6c9.tlog\signtool.timestamp.1.tlog
d:\windowsdriverpratice\masm6432\kmdfdiver\16_01_threeioctltype\debug\16_01_th.3972f6c9.tlog\signtool.write.1.tlog
d:\windowsdriverpratice\masm6432\kmdfdiver\16_01_threeioctltype\debug\16_01_th.3972f6c9.tlog\stampinf.command.1.tlog
d:\windowsdriverpratice\masm6432\kmdfdiver\16_01_threeioctltype\debug\16_01_th.3972f6c9.tlog\stampinf.read.1.tlog
d:\windowsdriverpratice\masm6432\kmdfdiver\16_01_threeioctltype\debug\16_01_th.3972f6c9.tlog\stampinf.write.1.tlog
