C:\Program Files\Microsoft Visual Studio\2022\Community\MSBuild\Microsoft\VC\v170\Microsoft.CppBuild.targets(514,5): warning MSB8028: 中间目录(x64\Debug\)包含从另一个项目(函数模板.vcxproj)共享的文件。   这会导致错误的清除和重新生成行为。
C:\Program Files\Microsoft Visual Studio\2022\Community\MSBuild\Microsoft\VC\v170\Microsoft.CppBuild.targets(514,5): warning MSB8028: 中间目录(x64\Debug\)包含从另一个项目(typename应用场合、趣味写法分析、默认模板参数.vcxproj)共享的文件。   这会导致错误的清除和重新生成行为。
C:\Program Files\Microsoft Visual Studio\2022\Community\MSBuild\Microsoft\VC\v170\Microsoft.CppBuild.targets(514,5): warning MSB8028: 中间目录(x64\Debug\)包含从另一个项目(类模板.vcxproj)共享的文件。   这会导致错误的清除和重新生成行为。
  源.cpp
D:\C++Pratice\王建伟老师课程练习\模板\06_模板全特化、偏特化(局部特化)\Template_Specialization.h(97,13): warning C4244: “return”: 从“U”转换到“T”，可能丢失数据
          with
          [
              U=float
          ]
          and
          [
              T=int
          ]
D:\C++Pratice\王建伟老师课程练习\模板\06_模板全特化、偏特化(局部特化)\Template_Specialization.cpp(26): message : 查看对正在编译的函数 模板 实例化“T Template_Specialization_NameSpace::Mul<int,float,float>(U,W)”的引用
          with
          [
              T=int,
              U=float,
              W=float
          ]
  函数模板.vcxproj -> D:\C++Pratice\王建伟老师课程练习\模板\x64\Debug\01_函数模板.exe
