C51 COMPILER V9.54   MAIN                                                                  11/22/2024 01:22:26 PAGE 1   


C51 COMPILER V9.54, COMPILATION OF MODULE MAIN
OBJECT MODULE PLACED IN .\Objects\main.obj
COMPILER INVOKED BY: C:\Keil_v5\C51\BIN\C51.EXE main.c OPTIMIZE(8,SPEED) BROWSE DEBUG OBJECTEXTEND PRINT(.\Listings\main
                    -.lst) TABS(2) OBJECT(.\Objects\main.obj)

line level    source

   1          /*************************************************
   2          Copyright (C), 2009-2012    , Level Chip Co., Ltd.
   3          文件名:  main.c
   4          作  者: 钱锐      版本: V0.1.0     新建日期: 2024.11.17
   5          描  述: 实现DS1302可调时钟
   6          备  注:  
   7          修改记录: 
   8          
   9            1.  日期: 2024.11.17
  10                作者: 钱锐
  11                内容:
  12                    1) 此为模板第一个版本;
  13                版本:V0.1.0
  14          
  15          *************************************************/
  16          
  17          #include <REGX52.H>
  18          
  19          #include "DS1302.h"
  20          #include "LCD1602.h"
  21          #include "Timer0.h"
  22          #include "Key.h"
  23          
  24          static unsigned char g_chCurKey = 0;          //当前输入独立按键
  25          static unsigned char g_chSelectIndex = 0;     //当前选择修改的数值位置索引
  26          static unsigned char g_chShowStatus = 0;      //显示状态;0--显示;1--熄灭
  27          static DS1302_TIME g_tDS1302_Time = { 24, 11, 17, 22, 13, 55 };   //初始时间
  28          
  29          //设置模式
  30          static void SetMode(void)
  31          { 
  32   1        if(g_chCurKey == 3)                       //增加数量
  33   1        {   
  34   2          if(g_chSelectIndex == 0)
  35   2          {
  36   3            g_tDS1302_Time.Year++;
  37   3            if(g_tDS1302_Time.Year > 99){ g_tDS1302_Time.Year = 0; };
  38   3          }
  39   2          if(g_chSelectIndex == 1)
  40   2          {
  41   3            g_tDS1302_Time.Month++;
  42   3            if(g_tDS1302_Time.Month > 12){ g_tDS1302_Time.Month = 1; };
  43   3          }
  44   2          if(g_chSelectIndex == 2)
  45   2          {
  46   3            g_tDS1302_Time.Date++;
  47   3            if(g_tDS1302_Time.Month == 1 || g_tDS1302_Time.Month == 3 || g_tDS1302_Time.Month == 5 || g_tDS1302_Tim
             -e.Month == 7 ||
  48   3              g_tDS1302_Time.Month == 8 || g_tDS1302_Time.Month == 10 || g_tDS1302_Time.Month == 12)
  49   3            {
  50   4              g_tDS1302_Time.Date > 31? g_tDS1302_Time.Date = 1: 0;
  51   4            } 
  52   3            else if(g_tDS1302_Time.Month == 4 || g_tDS1302_Time.Month == 6 || g_tDS1302_Time.Month == 9 || g_tDS130
             -2_Time.Month == 11)
C51 COMPILER V9.54   MAIN                                                                  11/22/2024 01:22:26 PAGE 2   

  53   3            {
  54   4              g_tDS1302_Time.Date > 30? g_tDS1302_Time.Date = 1: 0;
  55   4            }
  56   3            else if(g_tDS1302_Time.Month == 2)
  57   3            {
  58   4              !(g_tDS1302_Time.Year % 4) && g_tDS1302_Time.Date > 28? g_tDS1302_Time.Date = 1: 0;
  59   4              g_tDS1302_Time.Year % 4 && g_tDS1302_Time.Date > 29? g_tDS1302_Time.Date = 1: 0;
  60   4            }     
  61   3          }
  62   2          if(g_chSelectIndex == 3)
  63   2          {
  64   3            g_tDS1302_Time.Hour++;
  65   3            if(g_tDS1302_Time.Hour > 23){ g_tDS1302_Time.Hour = 0; };
  66   3          }
  67   2          if(g_chSelectIndex == 4)
  68   2          {
  69   3            g_tDS1302_Time.Minute++;
  70   3            if(g_tDS1302_Time.Minute > 59){ g_tDS1302_Time.Minute = 0; };
  71   3          }
  72   2          if(g_chSelectIndex == 5)
  73   2          {
  74   3            g_tDS1302_Time.Sec++;
  75   3            if(g_tDS1302_Time.Sec > 59){ g_tDS1302_Time.Sec = 0; };
  76   3          }
  77   2        }
  78   1        else if(g_chCurKey == 4)                  //减少数量
  79   1        {
  80   2          if(g_chSelectIndex == 0)
  81   2          {
  82   3            g_tDS1302_Time.Year--;
  83   3            if(g_tDS1302_Time.Year < 0){ g_tDS1302_Time.Year = 99; };
  84   3          }
  85   2          if(g_chSelectIndex == 1)
  86   2          {
  87   3            g_tDS1302_Time.Month--;
  88   3            if(g_tDS1302_Time.Month < 1){ g_tDS1302_Time.Month = 12; };
  89   3          }
  90   2          if(g_chSelectIndex == 2)
  91   2          {
  92   3            g_tDS1302_Time.Date--;
  93   3            if(g_tDS1302_Time.Month == 1 || g_tDS1302_Time.Month == 3 || g_tDS1302_Time.Month == 5 || g_tDS1302_Tim
             -e.Month == 7 ||
  94   3              g_tDS1302_Time.Month == 8 || g_tDS1302_Time.Month == 10 || g_tDS1302_Time.Month == 12)
  95   3            {
  96   4              g_tDS1302_Time.Date < 1? g_tDS1302_Time.Date = 31: 0;
  97   4            } 
  98   3            else if(g_tDS1302_Time.Month == 4 || g_tDS1302_Time.Month == 6 || g_tDS1302_Time.Month == 9 || g_tDS130
             -2_Time.Month == 11)
  99   3            {
 100   4              g_tDS1302_Time.Date < 1? g_tDS1302_Time.Date = 30: 0;
 101   4            }
 102   3            else if(g_tDS1302_Time.Month == 2)
 103   3            {
 104   4              !(g_tDS1302_Time.Year % 4) && g_tDS1302_Time.Date < 1? g_tDS1302_Time.Date = 28: 0;
 105   4              g_tDS1302_Time.Year % 4 && g_tDS1302_Time.Date < 1? g_tDS1302_Time.Date = 29: 0;
 106   4            }     
 107   3          }
 108   2          if(g_chSelectIndex == 3)
 109   2          {
 110   3            g_tDS1302_Time.Hour--;
 111   3            if(g_tDS1302_Time.Hour < 0){ g_tDS1302_Time.Hour = 23; };
 112   3          }
C51 COMPILER V9.54   MAIN                                                                  11/22/2024 01:22:26 PAGE 3   

 113   2          if(g_chSelectIndex == 4)
 114   2          {
 115   3            g_tDS1302_Time.Minute--;
 116   3            if(g_tDS1302_Time.Minute < 0){ g_tDS1302_Time.Minute = 59; };
 117   3          }
 118   2          if(g_chSelectIndex == 5)
 119   2          {
 120   3            g_tDS1302_Time.Sec--;
 121   3            if(g_tDS1302_Time.Sec < 0){ g_tDS1302_Time.Sec = 59; };
 122   3          }
 123   2          
 124   2          //防止在设置月份时，月份和天数不对应的情况
 125   2      
 126   2          if(g_tDS1302_Time.Month == 1 || g_tDS1302_Time.Month == 3 || g_tDS1302_Time.Month == 5 || g_tDS1302_Time
             -.Month == 7 ||
 127   2            g_tDS1302_Time.Month == 8 || g_tDS1302_Time.Month == 10 || g_tDS1302_Time.Month == 12)
 128   2          {
 129   3            g_tDS1302_Time.Date > 31? g_tDS1302_Time.Date = 1: 0;
 130   3          } 
 131   2          else if(g_tDS1302_Time.Month == 4 || g_tDS1302_Time.Month == 6 || g_tDS1302_Time.Month == 9 || g_tDS1302
             -_Time.Month == 11)
 132   2          {
 133   3            g_tDS1302_Time.Date > 30? g_tDS1302_Time.Date = 1: 0;
 134   3          }
 135   2          else if(g_tDS1302_Time.Month == 2)
 136   2          {
 137   3            !(g_tDS1302_Time.Year % 4) && g_tDS1302_Time.Date > 28? g_tDS1302_Time.Date = 1: 0;
 138   3            g_tDS1302_Time.Year % 4 && g_tDS1302_Time.Date > 29? g_tDS1302_Time.Date = 1: 0;
 139   3          }     
 140   2        }
 141   1        
 142   1        //实现在设置对应值时的闪烁效果
 143   1        if(g_chShowStatus)
 144   1        {
 145   2          g_chSelectIndex == 0? LCD_ShowString(1, 1, "  "): 0;
*** WARNING C275 IN LINE 145 OF main.c: expression with possibly no effect
 146   2          g_chSelectIndex == 1? LCD_ShowString(1, 4, "  "): 0;
*** WARNING C275 IN LINE 146 OF main.c: expression with possibly no effect
 147   2          g_chSelectIndex == 2? LCD_ShowString(1, 7, "  "): 0;
*** WARNING C275 IN LINE 147 OF main.c: expression with possibly no effect
 148   2          g_chSelectIndex == 3? LCD_ShowString(2, 1, "  "): 0;
*** WARNING C275 IN LINE 148 OF main.c: expression with possibly no effect
 149   2          g_chSelectIndex == 4? LCD_ShowString(2, 4, "  "): 0;
*** WARNING C275 IN LINE 149 OF main.c: expression with possibly no effect
 150   2          g_chSelectIndex == 5? LCD_ShowString(2, 7, "  "): 0;
*** WARNING C275 IN LINE 150 OF main.c: expression with possibly no effect
 151   2        }
 152   1        else
 153   1        {
 154   2          LCD_ShowNum(1, 1,  g_tDS1302_Time.Year, 2);
 155   2          LCD_ShowNum(1, 4,  g_tDS1302_Time.Month, 2);
 156   2          LCD_ShowNum(1, 7,  g_tDS1302_Time.Date, 2);
 157   2          LCD_ShowNum(2, 1,  g_tDS1302_Time.Hour, 2);
 158   2          LCD_ShowNum(2, 4,  g_tDS1302_Time.Minute, 2);
 159   2          LCD_ShowNum(2, 7,  g_tDS1302_Time.Sec, 2);
 160   2        }
 161   1        
 162   1        SetCurTime(g_tDS1302_Time);
 163   1      }
 164          
 165          //显示模式
 166          static void ShowMode(void)
C51 COMPILER V9.54   MAIN                                                                  11/22/2024 01:22:26 PAGE 4   

 167          { 
 168   1        g_chSelectIndex = 0;
 169   1        
 170   1        GetCurTime(&g_tDS1302_Time);
 171   1        LCD_ShowNum(1, 1,  g_tDS1302_Time.Year, 2);
 172   1        LCD_ShowNum(1, 4,  g_tDS1302_Time.Month, 2);
 173   1        LCD_ShowNum(1, 7,  g_tDS1302_Time.Date, 2);
 174   1        LCD_ShowNum(2, 1,  g_tDS1302_Time.Hour, 2);
 175   1        LCD_ShowNum(2, 4,  g_tDS1302_Time.Minute, 2);
 176   1        LCD_ShowNum(2, 7,  g_tDS1302_Time.Sec, 2);
 177   1      }
 178          
 179          int main(void)
 180          {
 181   1        unsigned char chCurMode = 0;      //当前模式;0--显示模式;1--设置模式;
 182   1        
 183   1        //初始化操作
 184   1        DS1302_Init();
 185   1        LCD_Init();
 186   1        Timer0_Init();
 187   1        
 188   1        LCD_ShowString(1, 1, "  -  -");
 189   1        LCD_ShowString(2, 1, "  :  :");
 190   1        
 191   1        SetCurTime(g_tDS1302_Time);
 192   1        
 193   1        while(1)
 194   1        {
 195   2          g_chCurKey = GetCurKey();
 196   2          
 197   2          switch(g_chCurKey)
 198   2          {
 199   3            case 1:
 200   3              chCurMode = !chCurMode;
 201   3              break;
 202   3            case 2:
 203   3              if(chCurMode == 1)
 204   3              {
 205   4                ++g_chSelectIndex;
 206   4                g_chSelectIndex = g_chSelectIndex % 6;
 207   4              }
 208   3              break;
 209   3            default:
 210   3              break;
 211   3          }
 212   2          
 213   2          chCurMode == 0? ShowMode(): SetMode();
 214   2        }
 215   1        
 216   1        return 0;
 217   1      }
 218          
 219          //定时器0的中断函数
 220          void Timer0_Rountime(void) interrupt 1
 221          {
 222   1        static int nCount = 0;
 223   1        
 224   1        TL0 = 0x20;   //设置定时初值
 225   1        TH0 = 0xD1;   //设置定时初值
 226   1        
 227   1        nCount++;
 228   1        if(nCount >= 500)
C51 COMPILER V9.54   MAIN                                                                  11/22/2024 01:22:26 PAGE 5   

 229   1        {
 230   2          g_chShowStatus = !g_chShowStatus;
 231   2          nCount = 0;
 232   2        }
 233   1      }
*** WARNING C294 IN LINE 216 OF main.c: unreachable code


MODULE INFORMATION:   STATIC OVERLAYABLE
   CODE SIZE        =   1208    ----
   CONSTANT SIZE    =     17    ----
   XDATA SIZE       =   ----    ----
   PDATA SIZE       =   ----    ----
   DATA SIZE        =     11       1
   IDATA SIZE       =   ----    ----
   BIT SIZE         =   ----    ----
END OF MODULE INFORMATION.


C51 COMPILATION COMPLETE.  7 WARNING(S),  0 ERROR(S)
