C51 COMPILER V9.54   MAIN                                                                  12/02/2024 19:48:11 PAGE 1   


C51 COMPILER V9.54, COMPILATION OF MODULE MAIN
OBJECT MODULE PLACED IN .\Objects\main.obj
COMPILER INVOKED BY: C:\Keil_v5\C51\BIN\C51.EXE main.c OPTIMIZE(8,SPEED) BROWSE DEBUG OBJECTEXTEND PRINT(.\Listings\main
                    -.lst) TABS(2) OBJECT(.\Objects\main.obj)

line level    source

   1          /*************************************************
   2          Copyright (C), 2009-2012    , Level Chip Co., Ltd.
   3          文件名:  main.c
   4          作  者: 钱锐      版本: V0.1.0     新建日期: 2024.12.02s
   5          描  述: DA数模转换
   6          备  注:  
   7          修改记录: 
   8          
   9            1.  日期: 2024.12.02
  10                作者: 钱锐
  11                内容:
  12                    1) 此为模板第一个版本;
  13                版本:V0.1.0
  14          
  15          *************************************************/
  16          #include <REGX52.H>
  17          
  18          #include "Key.h"
  19          #include "Delay.h"
  20          #include "NixieTube.h"
  21          #include "Timer0.h"
  22          #include "LCD1602.h"
  23          
  24          #define DA P2_1
  25          
  26          static unsigned int g_unCompValue = 0;      //比较值
  27          
  28          int main(void)
  29          {
  30   1        int i = 0;
  31   1        
  32   1        Timer0_Init();
  33   1        
  34   1        while(1)
  35   1        {
  36   2          for(i = 0; i < 100; i++)
  37   2          {
  38   3            g_unCompValue = i;
  39   3            Delay(1);
  40   3          }
  41   2          
  42   2          for(i = 100; i > 0; i--)
  43   2          {
  44   3            g_unCompValue = i;
  45   3            Delay(1);
  46   3          }
  47   2        }
  48   1        
  49   1        return 0;
  50   1      }
  51          
  52          //定时器0的中断函数;100us
  53          void Timer0_Rountime(void) interrupt 1
  54          {
C51 COMPILER V9.54   MAIN                                                                  12/02/2024 19:48:11 PAGE 2   

  55   1        static unsigned int unKeyCounter = 0;
  56   1        static unsigned int unCounter = 0;
  57   1        static unsigned int unNixieTubeCount = 0;     //数码管计数
  58   1        
  59   1        TL0 = 0xA4;   //设置定时初值
  60   1        TH0 = 0xFF;   //设置定时初值
  61   1        
  62   1        //独立按键调用
  63   1        unKeyCounter++;
  64   1        if(unKeyCounter >= 200)
  65   1        {
  66   2          unKeyCounter = 0;
  67   2          KeyLoop();
  68   2        }
  69   1            
  70   1        unNixieTubeCount++;
  71   1        if(unNixieTubeCount >= 20)
  72   1        {
  73   2          unNixieTubeCount = 0;
  74   2          
  75   2          NixieTubeLoop();
  76   2        }
  77   1        
  78   1        unCounter++;
  79   1        unCounter %= 100;
  80   1        if(unCounter > g_unCompValue)
  81   1        {
  82   2          DA = 0;
  83   2        }
  84   1        else if(unCounter <= g_unCompValue)
  85   1        {
  86   2          DA = 1;
  87   2        }
  88   1      }
*** WARNING C294 IN LINE 49 OF main.c: unreachable code


MODULE INFORMATION:   STATIC OVERLAYABLE
   CODE SIZE        =    251    ----
   CONSTANT SIZE    =   ----    ----
   XDATA SIZE       =   ----    ----
   PDATA SIZE       =   ----    ----
   DATA SIZE        =      8       2
   IDATA SIZE       =   ----    ----
   BIT SIZE         =   ----    ----
END OF MODULE INFORMATION.


C51 COMPILATION COMPLETE.  1 WARNING(S),  0 ERROR(S)
