d:\windowsdriverpratice\masm6432\wdmdriver\wdmdriver\02_12_ioportoperate\debug\vc142.pdb
d:\windowsdriverpratice\masm6432\wdmdriver\wdmdriver\02_12_ioportoperate\debug\main.obj
d:\windowsdriverpratice\masm6432\wdmdriver\wdmdriver\debug\02_12_ioportoperate\02_12_ioportoperate.cat
d:\windowsdriverpratice\masm6432\wdmdriver\wdmdriver\debug\02_12_ioportoperate.sys
d:\windowsdriverpratice\masm6432\wdmdriver\wdmdriver\debug\02_12_ioportoperate.pdb
d:\windowsdriverpratice\masm6432\wdmdriver\wdmdriver\02_12_ioportoperate\debug\02_12_ioportoperate.inf
d:\windowsdriverpratice\masm6432\wdmdriver\wdmdriver\debug\02_12_ioportoperate.cer
d:\windowsdriverpratice\masm6432\wdmdriver\wdmdriver\debug\02_12_ioportoperate.inf
d:\windowsdriverpratice\masm6432\wdmdriver\wdmdriver\02_12_ioportoperate\debug\02_12_io.ed8e44a0.tlog\cl.command.1.tlog
d:\windowsdriverpratice\masm6432\wdmdriver\wdmdriver\02_12_ioportoperate\debug\02_12_io.ed8e44a0.tlog\cl.read.1.tlog
d:\windowsdriverpratice\masm6432\wdmdriver\wdmdriver\02_12_ioportoperate\debug\02_12_io.ed8e44a0.tlog\cl.write.1.tlog
d:\windowsdriverpratice\masm6432\wdmdriver\wdmdriver\02_12_ioportoperate\debug\02_12_io.ed8e44a0.tlog\inf2cat-expand.27208.read.1.tlog
d:\windowsdriverpratice\masm6432\wdmdriver\wdmdriver\02_12_ioportoperate\debug\02_12_io.ed8e44a0.tlog\inf2cat-expand.27208.write.1.tlog
d:\windowsdriverpratice\masm6432\wdmdriver\wdmdriver\02_12_ioportoperate\debug\02_12_io.ed8e44a0.tlog\inf2cat-expand.read.1.tlog
d:\windowsdriverpratice\masm6432\wdmdriver\wdmdriver\02_12_ioportoperate\debug\02_12_io.ed8e44a0.tlog\inf2cat-expand.write.1.tlog
d:\windowsdriverpratice\masm6432\wdmdriver\wdmdriver\02_12_ioportoperate\debug\02_12_io.ed8e44a0.tlog\inf2cat.command.1.tlog
d:\windowsdriverpratice\masm6432\wdmdriver\wdmdriver\02_12_ioportoperate\debug\02_12_io.ed8e44a0.tlog\inf2cat.read.1.tlog
d:\windowsdriverpratice\masm6432\wdmdriver\wdmdriver\02_12_ioportoperate\debug\02_12_io.ed8e44a0.tlog\inf2cat.write.1.tlog
d:\windowsdriverpratice\masm6432\wdmdriver\wdmdriver\02_12_ioportoperate\debug\02_12_io.ed8e44a0.tlog\link.command.1.tlog
d:\windowsdriverpratice\masm6432\wdmdriver\wdmdriver\02_12_ioportoperate\debug\02_12_io.ed8e44a0.tlog\link.read.1.tlog
d:\windowsdriverpratice\masm6432\wdmdriver\wdmdriver\02_12_ioportoperate\debug\02_12_io.ed8e44a0.tlog\link.write.1.tlog
d:\windowsdriverpratice\masm6432\wdmdriver\wdmdriver\02_12_ioportoperate\debug\02_12_io.ed8e44a0.tlog\signtool.command.1.tlog
d:\windowsdriverpratice\masm6432\wdmdriver\wdmdriver\02_12_ioportoperate\debug\02_12_io.ed8e44a0.tlog\signtool.read.1.tlog
d:\windowsdriverpratice\masm6432\wdmdriver\wdmdriver\02_12_ioportoperate\debug\02_12_io.ed8e44a0.tlog\signtool.timestamp.1.tlog
d:\windowsdriverpratice\masm6432\wdmdriver\wdmdriver\02_12_ioportoperate\debug\02_12_io.ed8e44a0.tlog\signtool.write.1.tlog
d:\windowsdriverpratice\masm6432\wdmdriver\wdmdriver\02_12_ioportoperate\debug\02_12_io.ed8e44a0.tlog\stampinf.command.1.tlog
d:\windowsdriverpratice\masm6432\wdmdriver\wdmdriver\02_12_ioportoperate\debug\02_12_io.ed8e44a0.tlog\stampinf.read.1.tlog
d:\windowsdriverpratice\masm6432\wdmdriver\wdmdriver\02_12_ioportoperate\debug\02_12_io.ed8e44a0.tlog\stampinf.write.1.tlog
