13:45:21 INFO  : Registering command handlers for Vitis TCF services
13:45:21 INFO  : Launching XSCT server: xsct.bat -n  -interactive D:\Zynq\vitis\uart_intr_loop\vitis\temp_xsdb_launch_script.tcl
13:45:23 INFO  : Platform repository initialization has completed.
13:45:23 INFO  : XSCT server has started successfully.
13:45:23 INFO  : Successfully done setting XSCT server connection channel  
13:45:23 INFO  : plnx-install-location is set to ''
13:45:23 INFO  : Successfully done query RDI_DATADIR 
13:45:23 INFO  : Successfully done setting workspace for the tool. 
13:46:17 INFO  : Result from executing command 'getProjects': system_wrapper
13:46:17 INFO  : Result from executing command 'getPlatforms': 
13:46:17 WARN  : An unexpected exception occurred in the module 'platform project logging'
13:46:17 INFO  : Platform 'system_wrapper' is added to custom repositories.
13:46:22 INFO  : Platform 'system_wrapper' is added to custom repositories.
13:52:19 INFO  : Result from executing command 'getProjects': system_wrapper
13:52:19 INFO  : Result from executing command 'getPlatforms': system_wrapper|D:/Zynq/vitis/uart_intr_loop/vitis/system_wrapper/export/system_wrapper/system_wrapper.xpfm
13:52:20 INFO  : Checking for BSP changes to sync application flags for project 'uart_intr_loop'...
13:52:37 INFO  : Checking for BSP changes to sync application flags for project 'uart_intr_loop'...
16:38:35 INFO  : Checking for BSP changes to sync application flags for project 'uart_intr_loop'...
16:39:49 INFO  : Checking for BSP changes to sync application flags for project 'uart_intr_loop'...
16:40:19 INFO  : Checking for BSP changes to sync application flags for project 'uart_intr_loop'...
17:02:07 INFO  : Checking for BSP changes to sync application flags for project 'uart_intr_loop'...
17:02:40 INFO  : Checking for BSP changes to sync application flags for project 'uart_intr_loop'...
17:02:52 INFO  : Checking for BSP changes to sync application flags for project 'uart_intr_loop'...
17:03:04 INFO  : Checking for BSP changes to sync application flags for project 'uart_intr_loop'...
17:06:15 INFO  : Checking for BSP changes to sync application flags for project 'uart_intr_loop'...
17:06:31 INFO  : Checking for BSP changes to sync application flags for project 'uart_intr_loop'...
17:08:32 INFO  : Checking for BSP changes to sync application flags for project 'uart_intr_loop'...
