d:\windowsdriverpratice\masm6432\windowskernelsecurity\08_signupshutdownnotification_02\debug\vc142.pdb
d:\windowsdriverpratice\masm6432\windowskernelsecurity\08_signupshutdownnotification_02\debug\main.obj
d:\windowsdriverpratice\masm6432\windowskernelsecurity\debug\08_signupshutdownnotification_02\08_signupshutdownnotification_02.cat
d:\windowsdriverpratice\masm6432\windowskernelsecurity\debug\08_signupshutdownnotification_02.sys
d:\windowsdriverpratice\masm6432\windowskernelsecurity\debug\08_signupshutdownnotification_02.pdb
d:\windowsdriverpratice\masm6432\windowskernelsecurity\08_signupshutdownnotification_02\debug\08_signupshutdownnotification_02.inf
d:\windowsdriverpratice\masm6432\windowskernelsecurity\debug\08_signupshutdownnotification_02.cer
d:\windowsdriverpratice\masm6432\windowskernelsecurity\debug\08_signupshutdownnotification_02.inf
d:\windowsdriverpratice\masm6432\windowskernelsecurity\08_signupshutdownnotification_02\debug\08_signu.af31e857.tlog\cl.command.1.tlog
d:\windowsdriverpratice\masm6432\windowskernelsecurity\08_signupshutdownnotification_02\debug\08_signu.af31e857.tlog\cl.read.1.tlog
d:\windowsdriverpratice\masm6432\windowskernelsecurity\08_signupshutdownnotification_02\debug\08_signu.af31e857.tlog\cl.write.1.tlog
d:\windowsdriverpratice\masm6432\windowskernelsecurity\08_signupshutdownnotification_02\debug\08_signu.af31e857.tlog\inf2cat-expand.45364.read.1.tlog
d:\windowsdriverpratice\masm6432\windowskernelsecurity\08_signupshutdownnotification_02\debug\08_signu.af31e857.tlog\inf2cat-expand.45364.write.1.tlog
d:\windowsdriverpratice\masm6432\windowskernelsecurity\08_signupshutdownnotification_02\debug\08_signu.af31e857.tlog\inf2cat-expand.49088.read.1.tlog
d:\windowsdriverpratice\masm6432\windowskernelsecurity\08_signupshutdownnotification_02\debug\08_signu.af31e857.tlog\inf2cat-expand.49088.write.1.tlog
d:\windowsdriverpratice\masm6432\windowskernelsecurity\08_signupshutdownnotification_02\debug\08_signu.af31e857.tlog\inf2cat-expand.57288.read.1.tlog
d:\windowsdriverpratice\masm6432\windowskernelsecurity\08_signupshutdownnotification_02\debug\08_signu.af31e857.tlog\inf2cat-expand.57288.write.1.tlog
d:\windowsdriverpratice\masm6432\windowskernelsecurity\08_signupshutdownnotification_02\debug\08_signu.af31e857.tlog\inf2cat-expand.63932.read.1.tlog
d:\windowsdriverpratice\masm6432\windowskernelsecurity\08_signupshutdownnotification_02\debug\08_signu.af31e857.tlog\inf2cat-expand.63932.write.1.tlog
d:\windowsdriverpratice\masm6432\windowskernelsecurity\08_signupshutdownnotification_02\debug\08_signu.af31e857.tlog\inf2cat-expand.66564.read.1.tlog
d:\windowsdriverpratice\masm6432\windowskernelsecurity\08_signupshutdownnotification_02\debug\08_signu.af31e857.tlog\inf2cat-expand.66564.write.1.tlog
d:\windowsdriverpratice\masm6432\windowskernelsecurity\08_signupshutdownnotification_02\debug\08_signu.af31e857.tlog\inf2cat-expand.read.1.tlog
d:\windowsdriverpratice\masm6432\windowskernelsecurity\08_signupshutdownnotification_02\debug\08_signu.af31e857.tlog\inf2cat-expand.write.1.tlog
d:\windowsdriverpratice\masm6432\windowskernelsecurity\08_signupshutdownnotification_02\debug\08_signu.af31e857.tlog\inf2cat.command.1.tlog
d:\windowsdriverpratice\masm6432\windowskernelsecurity\08_signupshutdownnotification_02\debug\08_signu.af31e857.tlog\inf2cat.read.1.tlog
d:\windowsdriverpratice\masm6432\windowskernelsecurity\08_signupshutdownnotification_02\debug\08_signu.af31e857.tlog\inf2cat.write.1.tlog
d:\windowsdriverpratice\masm6432\windowskernelsecurity\08_signupshutdownnotification_02\debug\08_signu.af31e857.tlog\link.command.1.tlog
d:\windowsdriverpratice\masm6432\windowskernelsecurity\08_signupshutdownnotification_02\debug\08_signu.af31e857.tlog\link.read.1.tlog
d:\windowsdriverpratice\masm6432\windowskernelsecurity\08_signupshutdownnotification_02\debug\08_signu.af31e857.tlog\link.write.1.tlog
d:\windowsdriverpratice\masm6432\windowskernelsecurity\08_signupshutdownnotification_02\debug\08_signu.af31e857.tlog\signtool.command.1.tlog
d:\windowsdriverpratice\masm6432\windowskernelsecurity\08_signupshutdownnotification_02\debug\08_signu.af31e857.tlog\signtool.read.1.tlog
d:\windowsdriverpratice\masm6432\windowskernelsecurity\08_signupshutdownnotification_02\debug\08_signu.af31e857.tlog\signtool.timestamp.1.tlog
d:\windowsdriverpratice\masm6432\windowskernelsecurity\08_signupshutdownnotification_02\debug\08_signu.af31e857.tlog\signtool.write.1.tlog
d:\windowsdriverpratice\masm6432\windowskernelsecurity\08_signupshutdownnotification_02\debug\08_signu.af31e857.tlog\stampinf.command.1.tlog
d:\windowsdriverpratice\masm6432\windowskernelsecurity\08_signupshutdownnotification_02\debug\08_signu.af31e857.tlog\stampinf.read.1.tlog
d:\windowsdriverpratice\masm6432\windowskernelsecurity\08_signupshutdownnotification_02\debug\08_signu.af31e857.tlog\stampinf.write.1.tlog
