C51 COMPILER V9.54   AT24C02                                                               11/27/2024 01:05:12 PAGE 1   


C51 COMPILER V9.54, COMPILATION OF MODULE AT24C02
OBJECT MODULE PLACED IN .\Objects\AT24C02.obj
COMPILER INVOKED BY: C:\Keil_v5\C51\BIN\C51.EXE AT24C02.c OPTIMIZE(8,SPEED) BROWSE DEBUG OBJECTEXTEND PRINT(.\Listings\A
                    -T24C02.lst) TABS(2) OBJECT(.\Objects\AT24C02.obj)

line level    source

   1          /*************************************************
   2          Copyright (C), 2009-2012    , Level Chip Co., Ltd.
   3          文件名:  AT24C02.h
   4          作  者: 钱锐      版本: V0.1.0     新建日期: 2024.11.24
   5          描  述: 对AT24C02内部读写数据模块
   6          备  注:  
   7          修改记录: 
   8          
   9            1.  日期: 2024.11.24
  10                作者: 钱锐
  11                内容:
  12                    1) 此为模板第一个版本;
  13                版本:V0.1.0
  14          
  15          *************************************************/
  16          #include <REGX52.H>
  17          
  18          #include "I2C.h"
  19          
  20          #define AT24C02_SLAVEADDR 0xA0      //AT24C02的硬件地址
  21          
  22          static void Delay5ms()    //@11.0592MHz
  23          {
  24   1        unsigned char i, j;
  25   1      
  26   1        i = 9;
  27   1        j = 244;
  28   1        do
  29   1        {
  30   2          while (--j);
  31   2        } while (--i);
  32   1      }
  33          
  34          void AT24C02_WriteByte(unsigned char _Addr, unsigned char _Data)
  35          {
  36   1        I2C_Start();
  37   1        I2C_SendByte(AT24C02_SLAVEADDR);
  38   1        I2C_RecvAck();
  39   1        I2C_SendByte(_Addr);
  40   1        I2C_RecvAck();
  41   1        I2C_SendByte(_Data);
  42   1        I2C_RecvAck();
  43   1        I2C_Stop();
  44   1        
  45   1        Delay5ms();                         //保证数据完全写入E²PROM
  46   1      }
  47          
  48          unsigned char AT24C02_ReadByte(unsigned char _Addr)
  49          {
  50   1        unsigned char uchReadByte = 0;
  51   1        
  52   1        I2C_Start();
  53   1        I2C_SendByte(AT24C02_SLAVEADDR);
  54   1        I2C_RecvAck();
C51 COMPILER V9.54   AT24C02                                                               11/27/2024 01:05:12 PAGE 2   

  55   1        I2C_SendByte(_Addr);
  56   1        I2C_RecvAck();
  57   1        I2C_Start();
  58   1        I2C_SendByte(AT24C02_SLAVEADDR | 0x01);
  59   1        I2C_RecvAck();
  60   1        uchReadByte = I2C_RecvByte();
  61   1        I2C_SendAck(1);
  62   1        I2C_Stop();
  63   1        
  64   1        return uchReadByte;
  65   1      }


MODULE INFORMATION:   STATIC OVERLAYABLE
   CODE SIZE        =     97    ----
   CONSTANT SIZE    =   ----    ----
   XDATA SIZE       =   ----    ----
   PDATA SIZE       =   ----    ----
   DATA SIZE        =   ----       4
   IDATA SIZE       =   ----    ----
   BIT SIZE         =   ----    ----
END OF MODULE INFORMATION.


C51 COMPILATION COMPLETE.  0 WARNING(S),  0 ERROR(S)
