C51 COMPILER V9.54   DELAY                                                                 11/27/2024 01:05:12 PAGE 1   


C51 COMPILER V9.54, COMPILATION OF MODULE DELAY
OBJECT MODULE PLACED IN .\Objects\Delay.obj
COMPILER INVOKED BY: C:\Keil_v5\C51\BIN\C51.EXE Delay.c OPTIMIZE(8,SPEED) BROWSE DEBUG OBJECTEXTEND PRINT(.\Listings\Del
                    -ay.lst) TABS(2) OBJECT(.\Objects\Delay.obj)

line level    source

   1          /*************************************************
   2          Copyright (C), 2009-2012    , Level Chip Co., Ltd.
   3          文件名:  Delay.c
   4          作  者: 钱锐      版本: V0.1.0     新建日期: 2024.11.11
   5          描  述: 延时模块
   6          备  注:  
   7          修改记录: 
   8          
   9            1.  日期: 2024.11.11
  10                作者: 钱锐
  11                内容:
  12                    1) 此为模板第一个版本;
  13                版本:V0.1.0
  14          
  15          *************************************************/
  16          #include <REGX52.H>
  17          #include <INTRINS.H>
  18          
  19          #include "Delay.h"
  20          
  21          void Delay(unsigned int _Ms)    //@11.0592MHz
  22          {
  23   1        unsigned char i, j;
  24   1      
  25   1        while(_Ms--)
  26   1        {
  27   2          _nop_();
  28   2          i = 2;
  29   2          j = 199;
  30   2          do
  31   2          {
  32   3            while (--j);
  33   3          } while (--i);
  34   2        }
  35   1      }


MODULE INFORMATION:   STATIC OVERLAYABLE
   CODE SIZE        =     22    ----
   CONSTANT SIZE    =   ----    ----
   XDATA SIZE       =   ----    ----
   PDATA SIZE       =   ----    ----
   DATA SIZE        =   ----    ----
   IDATA SIZE       =   ----    ----
   BIT SIZE         =   ----    ----
END OF MODULE INFORMATION.


C51 COMPILATION COMPLETE.  0 WARNING(S),  0 ERROR(S)
