C51 COMPILER V9.54   MAIN                                                                  11/27/2024 01:05:12 PAGE 1   


C51 COMPILER V9.54, COMPILATION OF MODULE MAIN
OBJECT MODULE PLACED IN .\Objects\main.obj
COMPILER INVOKED BY: C:\Keil_v5\C51\BIN\C51.EXE main.c OPTIMIZE(8,SPEED) BROWSE DEBUG OBJECTEXTEND PRINT(.\Listings\main
                    -.lst) TABS(2) OBJECT(.\Objects\main.obj)

line level    source

   1          /*************************************************
   2          Copyright (C), 2009-2012    , Level Chip Co., Ltd.
   3          文件名:  Buzzer.c
   4          作  者: 钱锐      版本: V0.1.0     新建日期: 2024.11.26
   5          描  述: 秒表(定时器扫描按键数码管)
   6          备  注:  
   7          修改记录: 
   8          
   9            1.  日期: 2024.11.26
  10                作者: 钱锐
  11                内容:
  12                    1) 此为模板第一个版本;
  13                版本:V0.1.0
  14          
  15          *************************************************/
  16          #include <REGX52.H>
  17          
  18          #include "AT24C02.h"
  19          #include "Key.h"
  20          #include "Delay.h"
  21          #include "NixieTube.h"
  22          #include "Timer0.h"
  23          
  24          static unsigned int g_unMin = 0;        //分
  25          static unsigned int g_unSec = 0;        //秒
  26          static unsigned int g_unMinSec = 0;     //百分之一秒
  27          static int g_nIsStartSecWatch = 0;              //是否启动计时器;1--启动;0--不启动
  28          
  29          int main(void)
  30          {
  31   1        int nCurKey = 0;
  32   1        
  33   1        Timer0_Init();
  34   1        
  35   1        while(1)
  36   1        {
  37   2          SetNixieTube(1, g_unMin / 10);
  38   2          SetNixieTube(2, g_unMin % 10);
  39   2          SetNixieTube(3, 10);
  40   2          SetNixieTube(4, g_unSec / 10);
  41   2          SetNixieTube(5, g_unSec % 10);
  42   2          SetNixieTube(6, 10);
  43   2          SetNixieTube(7, g_unMinSec / 10);
  44   2          SetNixieTube(8, g_unMinSec % 10);
  45   2          
  46   2          nCurKey = GetCurKey();
  47   2          if(nCurKey == 0)
  48   2            continue;
  49   2          
  50   2          if(nCurKey == 1)
  51   2          {
  52   3            g_nIsStartSecWatch = !g_nIsStartSecWatch;
  53   3          }
  54   2          else if(nCurKey == 2)
C51 COMPILER V9.54   MAIN                                                                  11/27/2024 01:05:12 PAGE 2   

  55   2          {
  56   3            g_unMin = 0;
  57   3            g_unSec = 0;
  58   3            g_unMinSec = 0;
  59   3          }
  60   2          else if(nCurKey == 3)
  61   2          {
  62   3            AT24C02_WriteByte(0, g_unMin);
  63   3            AT24C02_WriteByte(1, g_unSec);
  64   3            AT24C02_WriteByte(2, g_unMinSec);
  65   3          }
  66   2          else if(nCurKey == 4)
  67   2          {
  68   3            g_unMin = AT24C02_ReadByte(0);
  69   3            g_unSec = AT24C02_ReadByte(1);
  70   3            g_unMinSec = AT24C02_ReadByte(2);
  71   3          }
  72   2        }
  73   1        
  74   1        return 0;
  75   1      }
  76          
  77          void Timer0_Rountime(void) interrupt 1
  78          {
  79   1        static unsigned int unSecWatchCount = 0;      //秒表计数
  80   1        static unsigned int unKeyCount = 0;           //独立按键计数
  81   1        static unsigned int unNixieTubeCount = 0;     //数码管计数
  82   1        
  83   1        TL0 = 0x66;   //设置定时初值
  84   1        TH0 = 0xFC;   //设置定时初值
  85   1        
  86   1        unSecWatchCount++;
  87   1        unKeyCount++;
  88   1        unNixieTubeCount++;
  89   1        
  90   1        if(unSecWatchCount >= 10)
  91   1        {
  92   2          unSecWatchCount = 0;
  93   2          
  94   2          if(g_nIsStartSecWatch)    //刷新计时器
  95   2          {
  96   3            g_unMinSec++;
  97   3            if(g_unMinSec >= 100)
  98   3            {
  99   4              g_unMinSec = 0;
 100   4              g_unSec++;
 101   4              if(g_unSec >= 60)
 102   4              {
 103   5                g_unSec = 0;
 104   5                g_unMin++;
 105   5                if(g_unMin >= 60)
 106   5                  g_unMin = 0;
 107   5              }
 108   4            }
 109   3          }
 110   2        }
 111   1        
 112   1        if(unKeyCount >= 20)
 113   1        {
 114   2          unKeyCount = 0;
 115   2          
 116   2          KeyLoop();
C51 COMPILER V9.54   MAIN                                                                  11/27/2024 01:05:12 PAGE 3   

 117   2        }
 118   1          
 119   1        if(unNixieTubeCount >= 2)
 120   1        {
 121   2          unNixieTubeCount = 0;
 122   2          
 123   2          NixieTubeLoop();
 124   2        }
 125   1        
 126   1        
 127   1      }
*** WARNING C294 IN LINE 74 OF main.c: unreachable code


MODULE INFORMATION:   STATIC OVERLAYABLE
   CODE SIZE        =    480    ----
   CONSTANT SIZE    =   ----    ----
   XDATA SIZE       =   ----    ----
   PDATA SIZE       =   ----    ----
   DATA SIZE        =     14       2
   IDATA SIZE       =   ----    ----
   BIT SIZE         =   ----    ----
END OF MODULE INFORMATION.


C51 COMPILATION COMPLETE.  1 WARNING(S),  0 ERROR(S)
