d:\windowsdriverpratice\masm6432\wdmdriver\wdmdriver\02_04_deviceinterfaceandsysboliclink\debug\vc142.pdb
d:\windowsdriverpratice\masm6432\wdmdriver\wdmdriver\02_04_deviceinterfaceandsysboliclink\debug\main.obj
d:\windowsdriverpratice\masm6432\wdmdriver\wdmdriver\debug\02_04_deviceinterfaceandsysboliclink.sys
d:\windowsdriverpratice\masm6432\wdmdriver\wdmdriver\debug\02_04_deviceinterfaceandsysboliclink.pdb
d:\windowsdriverpratice\masm6432\wdmdriver\wdmdriver\02_04_deviceinterfaceandsysboliclink\debug\02_04_deviceinterfaceandsysboliclink.inf
d:\windowsdriverpratice\masm6432\wdmdriver\wdmdriver\debug\02_04_deviceinterfaceandsysboliclink.cer
d:\windowsdriverpratice\masm6432\wdmdriver\wdmdriver\debug\02_04_deviceinterfaceandsysboliclink.inf
d:\windowsdriverpratice\masm6432\wdmdriver\wdmdriver\02_04_deviceinterfaceandsysboliclink\debug\02_04_de.e4ba317a.tlog\cl.command.1.tlog
d:\windowsdriverpratice\masm6432\wdmdriver\wdmdriver\02_04_deviceinterfaceandsysboliclink\debug\02_04_de.e4ba317a.tlog\cl.read.1.tlog
d:\windowsdriverpratice\masm6432\wdmdriver\wdmdriver\02_04_deviceinterfaceandsysboliclink\debug\02_04_de.e4ba317a.tlog\cl.write.1.tlog
d:\windowsdriverpratice\masm6432\wdmdriver\wdmdriver\02_04_deviceinterfaceandsysboliclink\debug\02_04_de.e4ba317a.tlog\link.command.1.tlog
d:\windowsdriverpratice\masm6432\wdmdriver\wdmdriver\02_04_deviceinterfaceandsysboliclink\debug\02_04_de.e4ba317a.tlog\link.read.1.tlog
d:\windowsdriverpratice\masm6432\wdmdriver\wdmdriver\02_04_deviceinterfaceandsysboliclink\debug\02_04_de.e4ba317a.tlog\link.write.1.tlog
d:\windowsdriverpratice\masm6432\wdmdriver\wdmdriver\02_04_deviceinterfaceandsysboliclink\debug\02_04_de.e4ba317a.tlog\signtool.command.1.tlog
d:\windowsdriverpratice\masm6432\wdmdriver\wdmdriver\02_04_deviceinterfaceandsysboliclink\debug\02_04_de.e4ba317a.tlog\signtool.read.1.tlog
d:\windowsdriverpratice\masm6432\wdmdriver\wdmdriver\02_04_deviceinterfaceandsysboliclink\debug\02_04_de.e4ba317a.tlog\signtool.timestamp.1.tlog
d:\windowsdriverpratice\masm6432\wdmdriver\wdmdriver\02_04_deviceinterfaceandsysboliclink\debug\02_04_de.e4ba317a.tlog\signtool.write.1.tlog
d:\windowsdriverpratice\masm6432\wdmdriver\wdmdriver\02_04_deviceinterfaceandsysboliclink\debug\02_04_de.e4ba317a.tlog\stampinf.command.1.tlog
d:\windowsdriverpratice\masm6432\wdmdriver\wdmdriver\02_04_deviceinterfaceandsysboliclink\debug\02_04_de.e4ba317a.tlog\stampinf.read.1.tlog
d:\windowsdriverpratice\masm6432\wdmdriver\wdmdriver\02_04_deviceinterfaceandsysboliclink\debug\02_04_de.e4ba317a.tlog\stampinf.write.1.tlog
