d:\windowsdriverpratice\masm6432\wdmdriver\wdmdriver\04_02_virtualserialport\debug\vc142.pdb
d:\windowsdriverpratice\masm6432\wdmdriver\wdmdriver\04_02_virtualserialport\debug\hellowdm.obj
d:\windowsdriverpratice\masm6432\wdmdriver\wdmdriver\debug\04_02_virtualserialport\04_02_virtualserialport.cat
d:\windowsdriverpratice\masm6432\wdmdriver\wdmdriver\debug\04_02_virtualserialport.sys
d:\windowsdriverpratice\masm6432\wdmdriver\wdmdriver\debug\04_02_virtualserialport.pdb
d:\windowsdriverpratice\masm6432\wdmdriver\wdmdriver\04_02_virtualserialport\debug\04_02_virtualserialport.inf
d:\windowsdriverpratice\masm6432\wdmdriver\wdmdriver\debug\04_02_virtualserialport.cer
d:\windowsdriverpratice\masm6432\wdmdriver\wdmdriver\debug\04_02_virtualserialport.inf
d:\windowsdriverpratice\masm6432\wdmdriver\wdmdriver\04_02_virtualserialport\debug\04_02_vi.3773aa6a.tlog\cl.command.1.tlog
d:\windowsdriverpratice\masm6432\wdmdriver\wdmdriver\04_02_virtualserialport\debug\04_02_vi.3773aa6a.tlog\cl.read.1.tlog
d:\windowsdriverpratice\masm6432\wdmdriver\wdmdriver\04_02_virtualserialport\debug\04_02_vi.3773aa6a.tlog\cl.write.1.tlog
d:\windowsdriverpratice\masm6432\wdmdriver\wdmdriver\04_02_virtualserialport\debug\04_02_vi.3773aa6a.tlog\inf2cat-expand.41976.read.1.tlog
d:\windowsdriverpratice\masm6432\wdmdriver\wdmdriver\04_02_virtualserialport\debug\04_02_vi.3773aa6a.tlog\inf2cat-expand.41976.write.1.tlog
d:\windowsdriverpratice\masm6432\wdmdriver\wdmdriver\04_02_virtualserialport\debug\04_02_vi.3773aa6a.tlog\inf2cat-expand.read.1.tlog
d:\windowsdriverpratice\masm6432\wdmdriver\wdmdriver\04_02_virtualserialport\debug\04_02_vi.3773aa6a.tlog\inf2cat-expand.write.1.tlog
d:\windowsdriverpratice\masm6432\wdmdriver\wdmdriver\04_02_virtualserialport\debug\04_02_vi.3773aa6a.tlog\inf2cat.command.1.tlog
d:\windowsdriverpratice\masm6432\wdmdriver\wdmdriver\04_02_virtualserialport\debug\04_02_vi.3773aa6a.tlog\inf2cat.read.1.tlog
d:\windowsdriverpratice\masm6432\wdmdriver\wdmdriver\04_02_virtualserialport\debug\04_02_vi.3773aa6a.tlog\inf2cat.write.1.tlog
d:\windowsdriverpratice\masm6432\wdmdriver\wdmdriver\04_02_virtualserialport\debug\04_02_vi.3773aa6a.tlog\link.command.1.tlog
d:\windowsdriverpratice\masm6432\wdmdriver\wdmdriver\04_02_virtualserialport\debug\04_02_vi.3773aa6a.tlog\link.read.1.tlog
d:\windowsdriverpratice\masm6432\wdmdriver\wdmdriver\04_02_virtualserialport\debug\04_02_vi.3773aa6a.tlog\link.write.1.tlog
d:\windowsdriverpratice\masm6432\wdmdriver\wdmdriver\04_02_virtualserialport\debug\04_02_vi.3773aa6a.tlog\signtool.command.1.tlog
d:\windowsdriverpratice\masm6432\wdmdriver\wdmdriver\04_02_virtualserialport\debug\04_02_vi.3773aa6a.tlog\signtool.read.1.tlog
d:\windowsdriverpratice\masm6432\wdmdriver\wdmdriver\04_02_virtualserialport\debug\04_02_vi.3773aa6a.tlog\signtool.timestamp.1.tlog
d:\windowsdriverpratice\masm6432\wdmdriver\wdmdriver\04_02_virtualserialport\debug\04_02_vi.3773aa6a.tlog\signtool.write.1.tlog
d:\windowsdriverpratice\masm6432\wdmdriver\wdmdriver\04_02_virtualserialport\debug\04_02_vi.3773aa6a.tlog\stampinf.command.1.tlog
d:\windowsdriverpratice\masm6432\wdmdriver\wdmdriver\04_02_virtualserialport\debug\04_02_vi.3773aa6a.tlog\stampinf.read.1.tlog
d:\windowsdriverpratice\masm6432\wdmdriver\wdmdriver\04_02_virtualserialport\debug\04_02_vi.3773aa6a.tlog\stampinf.write.1.tlog
