C51 COMPILER V9.54   BUZZER                                                                11/22/2024 01:52:10 PAGE 1   


C51 COMPILER V9.54, COMPILATION OF MODULE BUZZER
OBJECT MODULE PLACED IN .\Objects\Buzzer.obj
COMPILER INVOKED BY: C:\Keil_v5\C51\BIN\C51.EXE Buzzer.c OPTIMIZE(8,SPEED) BROWSE DEBUG OBJECTEXTEND PRINT(.\Listings\Bu
                    -zzer.lst) TABS(2) OBJECT(.\Objects\Buzzer.obj)

line level    source

   1          /*************************************************
   2          Copyright (C), 2009-2012    , Level Chip Co., Ltd.
   3          文件名:  Buzzer.c
   4          作  者: 钱锐      版本: V0.1.0     新建日期: 2024.11.22
   5          描  述: 蜂鸣器模块
   6          备  注:  
   7          修改记录: 
   8          
   9            1.  日期: 2024.11.22
  10                作者: 钱锐
  11                内容:
  12                    1) 此为模板第一个版本;
  13                版本:V0.1.0
  14          
  15          *************************************************/
  16          
  17          #include <REGX52.H>
  18          #include <INTRINS.h>
  19          
  20          #include "Buzzer.h"
  21          
  22          #define Buzzer_IO P2_5
  23          
  24          static void Delay500us()    //@11.0592MHz
  25          {
  26   1        unsigned char i;
  27   1      
  28   1        _nop_();
  29   1        i = 227;
  30   1        while (--i);
  31   1      }
  32          
  33          
  34          void Buzzer_Time(unsigned int _Ms)
  35          {
  36   1        int i =0;
  37   1        
  38   1        for(i = 0; i < _Ms * 2; ++i)      //1KMHZ提示音
  39   1        {
  40   2          Buzzer_IO = ~Buzzer_IO;
  41   2          Delay500us();         
  42   2        }
  43   1      } 


MODULE INFORMATION:   STATIC OVERLAYABLE
   CODE SIZE        =     40    ----
   CONSTANT SIZE    =   ----    ----
   XDATA SIZE       =   ----    ----
   PDATA SIZE       =   ----    ----
   DATA SIZE        =   ----    ----
   IDATA SIZE       =   ----    ----
   BIT SIZE         =   ----    ----
END OF MODULE INFORMATION.

C51 COMPILER V9.54   BUZZER                                                                11/22/2024 01:52:10 PAGE 2   


C51 COMPILATION COMPLETE.  0 WARNING(S),  0 ERROR(S)
