C51 COMPILER V9.54   KEY                                                                   11/22/2024 01:52:10 PAGE 1   


C51 COMPILER V9.54, COMPILATION OF MODULE KEY
OBJECT MODULE PLACED IN .\Objects\Key.obj
COMPILER INVOKED BY: C:\Keil_v5\C51\BIN\C51.EXE Key.c OPTIMIZE(8,SPEED) BROWSE DEBUG OBJECTEXTEND PRINT(.\Listings\Key.l
                    -st) TABS(2) OBJECT(.\Objects\Key.obj)

line level    source

   1          /*************************************************
   2          Copyright (C), 2009-2012    , Level Chip Co., Ltd.
   3          文件名:  Key.c
   4          作  者: 钱锐      版本: V0.1.0     新建日期: 2024.11.12
   5          描  述: 独立按键模块
   6          备  注:  
   7          修改记录: 
   8          
   9            1.  日期: 2024.11.12
  10                作者: 钱锐
  11                内容:
  12                    1) 此为模板第一个版本;
  13                版本:V0.1.0
  14          
  15          *************************************************/
  16          
  17          #include <REGX52.H>
  18          
  19          #include "Key.h"
  20          #include "Delay.h"
  21          
  22          int GetCurKey(void)
  23          {
  24   1        int nCurKey = 0;
  25   1        
  26   1        if(P3_1==0){ Delay(20); while(P3_1==0); Delay(20); nCurKey = 1; } 
  27   1        if(P3_0==0){ Delay(20); while(P3_0==0); Delay(20); nCurKey = 2; } 
  28   1        if(P3_2==0){ Delay(20); while(P3_2==0); Delay(20); nCurKey = 3; } 
  29   1        if(P3_3==0){ Delay(20); while(P3_3==0); Delay(20); nCurKey = 4; } 
  30   1          
  31   1        return nCurKey;
  32   1      }


MODULE INFORMATION:   STATIC OVERLAYABLE
   CODE SIZE        =    113    ----
   CONSTANT SIZE    =   ----    ----
   XDATA SIZE       =   ----    ----
   PDATA SIZE       =   ----    ----
   DATA SIZE        =   ----       2
   IDATA SIZE       =   ----    ----
   BIT SIZE         =   ----    ----
END OF MODULE INFORMATION.


C51 COMPILATION COMPLETE.  0 WARNING(S),  0 ERROR(S)
