C51 COMPILER V9.54   MAIN                                                                  11/22/2024 01:52:10 PAGE 1   


C51 COMPILER V9.54, COMPILATION OF MODULE MAIN
OBJECT MODULE PLACED IN .\Objects\main.obj
COMPILER INVOKED BY: C:\Keil_v5\C51\BIN\C51.EXE main.c OPTIMIZE(8,SPEED) BROWSE DEBUG OBJECTEXTEND PRINT(.\Listings\main
                    -.lst) TABS(2) OBJECT(.\Objects\main.obj)

line level    source

   1          /*************************************************
   2          Copyright (C), 2009-2012    , Level Chip Co., Ltd.
   3          文件名:  main.c
   4          作  者: 钱锐      版本: V0.1.0     新建日期: 2024.11.22
   5          描  述: 实现蜂鸣器播放提示音
   6          备  注:  
   7          修改记录: 
   8          
   9            1.  日期: 2024.11.22
  10                作者: 钱锐
  11                内容:
  12                    1) 此为模板第一个版本;
  13                版本:V0.1.0
  14          
  15          *************************************************/
  16          
  17          #include <REGX52.H>
  18          
  19          #include "Key.h"
  20          #include "NixieTube.h"
  21          #include "Buzzer.h"
  22          
  23          int main(void)
  24          {
  25   1        int nCurKey = 0;
  26   1        
  27   1        SetNixieTube(1, 0);
  28   1        
  29   1        while(1)
  30   1        {
  31   2          nCurKey = GetCurKey();
  32   2          if(nCurKey == 0)
  33   2          {
  34   3            continue;
  35   3          }
  36   2        
  37   2          SetNixieTube(1, nCurKey);
  38   2          
  39   2          Buzzer_Time(500);
  40   2        }
  41   1        
  42   1        return 0;
  43   1      }
*** WARNING C294 IN LINE 42 OF main.c: unreachable code


MODULE INFORMATION:   STATIC OVERLAYABLE
   CODE SIZE        =     40    ----
   CONSTANT SIZE    =   ----    ----
   XDATA SIZE       =   ----    ----
   PDATA SIZE       =   ----    ----
   DATA SIZE        =   ----       2
   IDATA SIZE       =   ----    ----
   BIT SIZE         =   ----    ----
C51 COMPILER V9.54   MAIN                                                                  11/22/2024 01:52:10 PAGE 2   

END OF MODULE INFORMATION.


C51 COMPILATION COMPLETE.  1 WARNING(S),  0 ERROR(S)
