19:21:14 INFO  : Launching XSCT server: xsct.bat -n  -interactive D:\Zynq\vitis\version_2020\qspi_flash_rw\vitis\temp_xsdb_launch_script.tcl
19:21:15 INFO  : Registering command handlers for Vitis TCF services
19:21:17 INFO  : Platform repository initialization has completed.
19:21:19 INFO  : XSCT server has started successfully.
19:21:19 INFO  : plnx-install-location is set to ''
19:21:23 INFO  : Successfully done setting XSCT server connection channel  
19:21:23 INFO  : Successfully done query RDI_DATADIR 
19:21:23 INFO  : Successfully done setting workspace for the tool. 
19:22:11 INFO  : Result from executing command 'getProjects': system_wrapper
19:22:11 INFO  : Result from executing command 'getPlatforms': 
19:22:11 WARN  : An unexpected exception occurred in the module 'platform project logging'
19:22:11 INFO  : Platform 'system_wrapper' is added to custom repositories.
19:22:19 INFO  : Platform 'system_wrapper' is added to custom repositories.
19:23:14 INFO  : Example project xqspips_flash_polled_example_1 has been created successfully.
19:23:37 INFO  : Result from executing command 'getProjects': system_wrapper
19:23:37 INFO  : Result from executing command 'getPlatforms': system_wrapper|D:/Zynq/vitis/version_2020/qspi_flash_rw/vitis/system_wrapper/export/system_wrapper/system_wrapper.xpfm
19:23:38 INFO  : Checking for BSP changes to sync application flags for project 'qspi_flash_rw'...
19:23:54 INFO  : Connected to target on host '127.0.0.1' and port '3121'.
19:24:12 INFO  : ----------------XSDB Script----------------
connect -url tcp:127.0.0.1:3121
----------------End of Script----------------

19:24:12 ERROR : Could not find ARM device on the board for connection 'Local'.
Check if the target is in:
1. Split JTAG - No operations are possible with ARM DAP.
2. Non JTAG bootmode - Bootrom may need time to enable DAP.
Please try again.


Troubleshooting hints:
1. Check whether board is connected to system properly.
2. In case of zynq board, check whether Digilent/Xilinx cable switch settings are correct.
3. If you are using Xilinx Platform Cable USB, ensure that status LED is green.
19:24:52 INFO  : Connected to target on host '127.0.0.1' and port '3121'.
19:24:53 INFO  : Jtag cable 'Digilent JTAG-SMT2 C306AFE5ABCD' is selected.
19:24:53 INFO  : 'jtag frequency' command is executed.
19:24:53 INFO  : Context for 'APU' is selected.
19:24:53 INFO  : System reset is completed.
19:24:56 INFO  : 'after 3000' command is executed.
19:24:56 INFO  : Context for 'APU' is selected.
19:24:56 INFO  : Hardware design and registers information is loaded from 'D:/Zynq/vitis/version_2020/qspi_flash_rw/vitis/system_wrapper/export/system_wrapper/hw/system_wrapper.xsa'.
19:24:56 INFO  : 'configparams force-mem-access 1' command is executed.
19:24:56 INFO  : Context for 'APU' is selected.
19:24:56 INFO  : Sourcing of 'D:/Zynq/vitis/version_2020/qspi_flash_rw/vitis/qspi_flash_rw/_ide/psinit/ps7_init.tcl' is done.
19:24:56 INFO  : 'ps7_init' command is executed.
19:24:56 INFO  : 'ps7_post_config' command is executed.
19:24:56 INFO  : Context for processor 'ps7_cortexa9_0' is selected.
19:24:56 INFO  : The application 'D:/Zynq/vitis/version_2020/qspi_flash_rw/vitis/qspi_flash_rw/Debug/qspi_flash_rw.elf' is downloaded to processor 'ps7_cortexa9_0'.
19:24:57 INFO  : 'configparams force-mem-access 0' command is executed.
19:24:57 INFO  : ----------------XSDB Script----------------
connect -url tcp:127.0.0.1:3121
targets -set -nocase -filter {name =~"APU*"}
rst -system
after 3000
targets -set -nocase -filter {name =~"APU*"}
loadhw -hw D:/Zynq/vitis/version_2020/qspi_flash_rw/vitis/system_wrapper/export/system_wrapper/hw/system_wrapper.xsa -mem-ranges [list {0x40000000 0xbfffffff}] -regs
configparams force-mem-access 1
targets -set -nocase -filter {name =~"APU*"}
source D:/Zynq/vitis/version_2020/qspi_flash_rw/vitis/qspi_flash_rw/_ide/psinit/ps7_init.tcl
ps7_init
ps7_post_config
targets -set -nocase -filter {name =~ "*A9*#0"}
dow D:/Zynq/vitis/version_2020/qspi_flash_rw/vitis/qspi_flash_rw/Debug/qspi_flash_rw.elf
configparams force-mem-access 0
----------------End of Script----------------

19:24:57 INFO  : Context for processor 'ps7_cortexa9_0' is selected.
19:24:57 INFO  : 'con' command is executed.
19:24:57 INFO  : ----------------XSDB Script (After Launch)----------------
targets -set -nocase -filter {name =~ "*A9*#0"}
con
----------------End of Script----------------

19:24:57 INFO  : Launch script is exported to file 'D:\Zynq\vitis\version_2020\qspi_flash_rw\vitis\qspi_flash_rw_system\_ide\scripts\debugger_qspi_flash_rw-default.tcl'
19:25:15 INFO  : Disconnected from the channel tcfchan#2.
19:29:27 INFO  : Launching XSCT server: xsct.bat -n  -interactive D:\Zynq\vitis\version_2020\qspi_flash_rw\vitis\temp_xsdb_launch_script.tcl
19:29:30 INFO  : XSCT server has started successfully.
19:29:30 INFO  : Successfully done setting XSCT server connection channel  
19:29:30 INFO  : plnx-install-location is set to ''
19:29:30 INFO  : Successfully done setting workspace for the tool. 
19:29:34 INFO  : Platform repository initialization has completed.
19:29:34 INFO  : Successfully done query RDI_DATADIR 
19:29:35 INFO  : Registering command handlers for Vitis TCF services
19:29:43 INFO  : Checking for BSP changes to sync application flags for project 'qspi_flash_rw'...
19:29:56 INFO  : Connected to target on host '127.0.0.1' and port '3121'.
19:29:56 INFO  : Jtag cable 'Digilent JTAG-SMT2 C306AFE5ABCD' is selected.
19:29:56 INFO  : 'jtag frequency' command is executed.
19:29:56 INFO  : Context for 'APU' is selected.
19:29:56 INFO  : System reset is completed.
19:29:59 INFO  : 'after 3000' command is executed.
19:29:59 INFO  : Context for 'APU' is selected.
19:29:59 INFO  : Hardware design and registers information is loaded from 'D:/Zynq/vitis/version_2020/qspi_flash_rw/vitis/system_wrapper/export/system_wrapper/hw/system_wrapper.xsa'.
19:29:59 INFO  : 'configparams force-mem-access 1' command is executed.
19:29:59 INFO  : Context for 'APU' is selected.
19:29:59 INFO  : Sourcing of 'D:/Zynq/vitis/version_2020/qspi_flash_rw/vitis/qspi_flash_rw/_ide/psinit/ps7_init.tcl' is done.
19:30:00 INFO  : 'ps7_init' command is executed.
19:30:00 INFO  : 'ps7_post_config' command is executed.
19:30:00 INFO  : Context for processor 'ps7_cortexa9_0' is selected.
19:30:00 INFO  : The application 'D:/Zynq/vitis/version_2020/qspi_flash_rw/vitis/qspi_flash_rw/Debug/qspi_flash_rw.elf' is downloaded to processor 'ps7_cortexa9_0'.
19:30:00 INFO  : 'configparams force-mem-access 0' command is executed.
19:30:00 INFO  : ----------------XSDB Script----------------
connect -url tcp:127.0.0.1:3121
targets -set -nocase -filter {name =~"APU*"}
rst -system
after 3000
targets -set -nocase -filter {name =~"APU*"}
loadhw -hw D:/Zynq/vitis/version_2020/qspi_flash_rw/vitis/system_wrapper/export/system_wrapper/hw/system_wrapper.xsa -mem-ranges [list {0x40000000 0xbfffffff}] -regs
configparams force-mem-access 1
targets -set -nocase -filter {name =~"APU*"}
source D:/Zynq/vitis/version_2020/qspi_flash_rw/vitis/qspi_flash_rw/_ide/psinit/ps7_init.tcl
ps7_init
ps7_post_config
targets -set -nocase -filter {name =~ "*A9*#0"}
dow D:/Zynq/vitis/version_2020/qspi_flash_rw/vitis/qspi_flash_rw/Debug/qspi_flash_rw.elf
configparams force-mem-access 0
----------------End of Script----------------

19:30:00 INFO  : Context for processor 'ps7_cortexa9_0' is selected.
19:30:00 INFO  : 'con' command is executed.
19:30:00 INFO  : ----------------XSDB Script (After Launch)----------------
targets -set -nocase -filter {name =~ "*A9*#0"}
con
----------------End of Script----------------

19:30:00 INFO  : Launch script is exported to file 'D:\Zynq\vitis\version_2020\qspi_flash_rw\vitis\qspi_flash_rw_system\_ide\scripts\debugger_qspi_flash_rw-default.tcl'
19:30:45 INFO  : Checking for BSP changes to sync application flags for project 'qspi_flash_rw'...
19:30:50 INFO  : Disconnected from the channel tcfchan#1.
19:30:51 INFO  : Connected to target on host '127.0.0.1' and port '3121'.
19:30:51 INFO  : Jtag cable 'Digilent JTAG-SMT2 C306AFE5ABCD' is selected.
19:30:51 INFO  : 'jtag frequency' command is executed.
19:30:51 INFO  : Context for 'APU' is selected.
19:30:51 INFO  : System reset is completed.
19:30:54 INFO  : 'after 3000' command is executed.
19:30:54 INFO  : Context for 'APU' is selected.
19:30:55 INFO  : Hardware design and registers information is loaded from 'D:/Zynq/vitis/version_2020/qspi_flash_rw/vitis/system_wrapper/export/system_wrapper/hw/system_wrapper.xsa'.
19:30:55 INFO  : 'configparams force-mem-access 1' command is executed.
19:30:55 INFO  : Context for 'APU' is selected.
19:30:55 INFO  : Sourcing of 'D:/Zynq/vitis/version_2020/qspi_flash_rw/vitis/qspi_flash_rw/_ide/psinit/ps7_init.tcl' is done.
19:30:56 INFO  : 'ps7_init' command is executed.
19:30:56 INFO  : 'ps7_post_config' command is executed.
19:30:56 INFO  : Context for processor 'ps7_cortexa9_0' is selected.
19:30:56 INFO  : The application 'D:/Zynq/vitis/version_2020/qspi_flash_rw/vitis/qspi_flash_rw/Debug/qspi_flash_rw.elf' is downloaded to processor 'ps7_cortexa9_0'.
19:30:56 INFO  : 'configparams force-mem-access 0' command is executed.
19:30:56 INFO  : ----------------XSDB Script----------------
connect -url tcp:127.0.0.1:3121
targets -set -nocase -filter {name =~"APU*"}
rst -system
after 3000
targets -set -nocase -filter {name =~"APU*"}
loadhw -hw D:/Zynq/vitis/version_2020/qspi_flash_rw/vitis/system_wrapper/export/system_wrapper/hw/system_wrapper.xsa -mem-ranges [list {0x40000000 0xbfffffff}] -regs
configparams force-mem-access 1
targets -set -nocase -filter {name =~"APU*"}
source D:/Zynq/vitis/version_2020/qspi_flash_rw/vitis/qspi_flash_rw/_ide/psinit/ps7_init.tcl
ps7_init
ps7_post_config
targets -set -nocase -filter {name =~ "*A9*#0"}
dow D:/Zynq/vitis/version_2020/qspi_flash_rw/vitis/qspi_flash_rw/Debug/qspi_flash_rw.elf
configparams force-mem-access 0
----------------End of Script----------------

19:30:56 INFO  : Context for processor 'ps7_cortexa9_0' is selected.
19:30:56 INFO  : 'con' command is executed.
19:30:56 INFO  : ----------------XSDB Script (After Launch)----------------
targets -set -nocase -filter {name =~ "*A9*#0"}
con
----------------End of Script----------------

19:30:56 INFO  : Launch script is exported to file 'D:\Zynq\vitis\version_2020\qspi_flash_rw\vitis\qspi_flash_rw_system\_ide\scripts\debugger_qspi_flash_rw-default.tcl'
19:31:21 INFO  : Checking for BSP changes to sync application flags for project 'qspi_flash_rw'...
19:31:25 INFO  : Disconnected from the channel tcfchan#2.
19:31:26 INFO  : Connected to target on host '127.0.0.1' and port '3121'.
19:31:26 INFO  : Jtag cable 'Digilent JTAG-SMT2 C306AFE5ABCD' is selected.
19:31:26 INFO  : 'jtag frequency' command is executed.
19:31:26 INFO  : Context for 'APU' is selected.
19:31:26 INFO  : System reset is completed.
19:31:29 INFO  : 'after 3000' command is executed.
19:31:29 INFO  : Context for 'APU' is selected.
19:31:31 INFO  : Hardware design and registers information is loaded from 'D:/Zynq/vitis/version_2020/qspi_flash_rw/vitis/system_wrapper/export/system_wrapper/hw/system_wrapper.xsa'.
19:31:31 INFO  : 'configparams force-mem-access 1' command is executed.
19:31:31 INFO  : Context for 'APU' is selected.
19:31:31 INFO  : Sourcing of 'D:/Zynq/vitis/version_2020/qspi_flash_rw/vitis/qspi_flash_rw/_ide/psinit/ps7_init.tcl' is done.
19:31:31 INFO  : 'ps7_init' command is executed.
19:31:31 INFO  : 'ps7_post_config' command is executed.
19:31:31 INFO  : Context for processor 'ps7_cortexa9_0' is selected.
19:31:32 INFO  : The application 'D:/Zynq/vitis/version_2020/qspi_flash_rw/vitis/qspi_flash_rw/Debug/qspi_flash_rw.elf' is downloaded to processor 'ps7_cortexa9_0'.
19:31:32 INFO  : 'configparams force-mem-access 0' command is executed.
19:31:32 INFO  : ----------------XSDB Script----------------
connect -url tcp:127.0.0.1:3121
targets -set -nocase -filter {name =~"APU*"}
rst -system
after 3000
targets -set -nocase -filter {name =~"APU*"}
loadhw -hw D:/Zynq/vitis/version_2020/qspi_flash_rw/vitis/system_wrapper/export/system_wrapper/hw/system_wrapper.xsa -mem-ranges [list {0x40000000 0xbfffffff}] -regs
configparams force-mem-access 1
targets -set -nocase -filter {name =~"APU*"}
source D:/Zynq/vitis/version_2020/qspi_flash_rw/vitis/qspi_flash_rw/_ide/psinit/ps7_init.tcl
ps7_init
ps7_post_config
targets -set -nocase -filter {name =~ "*A9*#0"}
dow D:/Zynq/vitis/version_2020/qspi_flash_rw/vitis/qspi_flash_rw/Debug/qspi_flash_rw.elf
configparams force-mem-access 0
----------------End of Script----------------

19:31:32 INFO  : Context for processor 'ps7_cortexa9_0' is selected.
19:31:32 INFO  : 'con' command is executed.
19:31:32 INFO  : ----------------XSDB Script (After Launch)----------------
targets -set -nocase -filter {name =~ "*A9*#0"}
con
----------------End of Script----------------

19:31:32 INFO  : Launch script is exported to file 'D:\Zynq\vitis\version_2020\qspi_flash_rw\vitis\qspi_flash_rw_system\_ide\scripts\debugger_qspi_flash_rw-default.tcl'
19:31:56 INFO  : Disconnected from the channel tcfchan#3.
