d:\windowsdriverpratice\masm6432\wdmdriver\wdmdriver\03_06_accesspciconfigspace04\debug\vc142.pdb
d:\windowsdriverpratice\masm6432\wdmdriver\wdmdriver\03_06_accesspciconfigspace04\debug\main.obj
d:\windowsdriverpratice\masm6432\wdmdriver\wdmdriver\debug\03_06_accesspciconfigspace04\03_06_accesspciconfigspace04.cat
d:\windowsdriverpratice\masm6432\wdmdriver\wdmdriver\debug\03_06_accesspciconfigspace04.sys
d:\windowsdriverpratice\masm6432\wdmdriver\wdmdriver\debug\03_06_accesspciconfigspace04.pdb
d:\windowsdriverpratice\masm6432\wdmdriver\wdmdriver\03_06_accesspciconfigspace04\debug\03_06_accesspciconfigspace04.inf
d:\windowsdriverpratice\masm6432\wdmdriver\wdmdriver\debug\03_06_accesspciconfigspace04.cer
d:\windowsdriverpratice\masm6432\wdmdriver\wdmdriver\debug\03_06_accesspciconfigspace04.inf
d:\windowsdriverpratice\masm6432\wdmdriver\wdmdriver\03_06_accesspciconfigspace04\debug\03_06_ac.e1dab884.tlog\cl.command.1.tlog
d:\windowsdriverpratice\masm6432\wdmdriver\wdmdriver\03_06_accesspciconfigspace04\debug\03_06_ac.e1dab884.tlog\cl.read.1.tlog
d:\windowsdriverpratice\masm6432\wdmdriver\wdmdriver\03_06_accesspciconfigspace04\debug\03_06_ac.e1dab884.tlog\cl.write.1.tlog
d:\windowsdriverpratice\masm6432\wdmdriver\wdmdriver\03_06_accesspciconfigspace04\debug\03_06_ac.e1dab884.tlog\inf2cat-expand.37072.read.1.tlog
d:\windowsdriverpratice\masm6432\wdmdriver\wdmdriver\03_06_accesspciconfigspace04\debug\03_06_ac.e1dab884.tlog\inf2cat-expand.37072.write.1.tlog
d:\windowsdriverpratice\masm6432\wdmdriver\wdmdriver\03_06_accesspciconfigspace04\debug\03_06_ac.e1dab884.tlog\inf2cat-expand.41476.read.1.tlog
d:\windowsdriverpratice\masm6432\wdmdriver\wdmdriver\03_06_accesspciconfigspace04\debug\03_06_ac.e1dab884.tlog\inf2cat-expand.41476.write.1.tlog
d:\windowsdriverpratice\masm6432\wdmdriver\wdmdriver\03_06_accesspciconfigspace04\debug\03_06_ac.e1dab884.tlog\inf2cat-expand.55220.read.1.tlog
d:\windowsdriverpratice\masm6432\wdmdriver\wdmdriver\03_06_accesspciconfigspace04\debug\03_06_ac.e1dab884.tlog\inf2cat-expand.55220.write.1.tlog
d:\windowsdriverpratice\masm6432\wdmdriver\wdmdriver\03_06_accesspciconfigspace04\debug\03_06_ac.e1dab884.tlog\inf2cat-expand.read.1.tlog
d:\windowsdriverpratice\masm6432\wdmdriver\wdmdriver\03_06_accesspciconfigspace04\debug\03_06_ac.e1dab884.tlog\inf2cat-expand.write.1.tlog
d:\windowsdriverpratice\masm6432\wdmdriver\wdmdriver\03_06_accesspciconfigspace04\debug\03_06_ac.e1dab884.tlog\inf2cat.command.1.tlog
d:\windowsdriverpratice\masm6432\wdmdriver\wdmdriver\03_06_accesspciconfigspace04\debug\03_06_ac.e1dab884.tlog\inf2cat.read.1.tlog
d:\windowsdriverpratice\masm6432\wdmdriver\wdmdriver\03_06_accesspciconfigspace04\debug\03_06_ac.e1dab884.tlog\inf2cat.write.1.tlog
d:\windowsdriverpratice\masm6432\wdmdriver\wdmdriver\03_06_accesspciconfigspace04\debug\03_06_ac.e1dab884.tlog\link.command.1.tlog
d:\windowsdriverpratice\masm6432\wdmdriver\wdmdriver\03_06_accesspciconfigspace04\debug\03_06_ac.e1dab884.tlog\link.read.1.tlog
d:\windowsdriverpratice\masm6432\wdmdriver\wdmdriver\03_06_accesspciconfigspace04\debug\03_06_ac.e1dab884.tlog\link.write.1.tlog
d:\windowsdriverpratice\masm6432\wdmdriver\wdmdriver\03_06_accesspciconfigspace04\debug\03_06_ac.e1dab884.tlog\signtool.command.1.tlog
d:\windowsdriverpratice\masm6432\wdmdriver\wdmdriver\03_06_accesspciconfigspace04\debug\03_06_ac.e1dab884.tlog\signtool.read.1.tlog
d:\windowsdriverpratice\masm6432\wdmdriver\wdmdriver\03_06_accesspciconfigspace04\debug\03_06_ac.e1dab884.tlog\signtool.timestamp.1.tlog
d:\windowsdriverpratice\masm6432\wdmdriver\wdmdriver\03_06_accesspciconfigspace04\debug\03_06_ac.e1dab884.tlog\signtool.write.1.tlog
d:\windowsdriverpratice\masm6432\wdmdriver\wdmdriver\03_06_accesspciconfigspace04\debug\03_06_ac.e1dab884.tlog\stampinf.command.1.tlog
d:\windowsdriverpratice\masm6432\wdmdriver\wdmdriver\03_06_accesspciconfigspace04\debug\03_06_ac.e1dab884.tlog\stampinf.read.1.tlog
d:\windowsdriverpratice\masm6432\wdmdriver\wdmdriver\03_06_accesspciconfigspace04\debug\03_06_ac.e1dab884.tlog\stampinf.write.1.tlog
