d:\windowsdriverpratice\masm6432\windowskernelsecurity\25_enum_ssdt\debug\vc142.pdb
d:\windowsdriverpratice\masm6432\windowskernelsecurity\25_enum_ssdt\debug\main.obj
d:\windowsdriverpratice\masm6432\windowskernelsecurity\debug\25_enum_ssdt\25_enum_ssdt.cat
d:\windowsdriverpratice\masm6432\windowskernelsecurity\debug\25_enum_ssdt.sys
d:\windowsdriverpratice\masm6432\windowskernelsecurity\debug\25_enum_ssdt.pdb
d:\windowsdriverpratice\masm6432\windowskernelsecurity\25_enum_ssdt\debug\25_enum_ssdt.inf
d:\windowsdriverpratice\masm6432\windowskernelsecurity\debug\25_enum_ssdt.cer
d:\windowsdriverpratice\masm6432\windowskernelsecurity\debug\25_enum_ssdt.inf
d:\windowsdriverpratice\masm6432\windowskernelsecurity\25_enum_ssdt\debug\25_enum_ssdt.tlog\cl.command.1.tlog
d:\windowsdriverpratice\masm6432\windowskernelsecurity\25_enum_ssdt\debug\25_enum_ssdt.tlog\cl.read.1.tlog
d:\windowsdriverpratice\masm6432\windowskernelsecurity\25_enum_ssdt\debug\25_enum_ssdt.tlog\cl.write.1.tlog
d:\windowsdriverpratice\masm6432\windowskernelsecurity\25_enum_ssdt\debug\25_enum_ssdt.tlog\inf2cat-expand.14200.read.1.tlog
d:\windowsdriverpratice\masm6432\windowskernelsecurity\25_enum_ssdt\debug\25_enum_ssdt.tlog\inf2cat-expand.14200.write.1.tlog
d:\windowsdriverpratice\masm6432\windowskernelsecurity\25_enum_ssdt\debug\25_enum_ssdt.tlog\inf2cat-expand.51532.read.1.tlog
d:\windowsdriverpratice\masm6432\windowskernelsecurity\25_enum_ssdt\debug\25_enum_ssdt.tlog\inf2cat-expand.51532.write.1.tlog
d:\windowsdriverpratice\masm6432\windowskernelsecurity\25_enum_ssdt\debug\25_enum_ssdt.tlog\inf2cat-expand.67504.read.1.tlog
d:\windowsdriverpratice\masm6432\windowskernelsecurity\25_enum_ssdt\debug\25_enum_ssdt.tlog\inf2cat-expand.67504.write.1.tlog
d:\windowsdriverpratice\masm6432\windowskernelsecurity\25_enum_ssdt\debug\25_enum_ssdt.tlog\inf2cat-expand.70060.read.1.tlog
d:\windowsdriverpratice\masm6432\windowskernelsecurity\25_enum_ssdt\debug\25_enum_ssdt.tlog\inf2cat-expand.70060.write.1.tlog
d:\windowsdriverpratice\masm6432\windowskernelsecurity\25_enum_ssdt\debug\25_enum_ssdt.tlog\inf2cat-expand.80572.read.1.tlog
d:\windowsdriverpratice\masm6432\windowskernelsecurity\25_enum_ssdt\debug\25_enum_ssdt.tlog\inf2cat-expand.80572.write.1.tlog
d:\windowsdriverpratice\masm6432\windowskernelsecurity\25_enum_ssdt\debug\25_enum_ssdt.tlog\inf2cat-expand.read.1.tlog
d:\windowsdriverpratice\masm6432\windowskernelsecurity\25_enum_ssdt\debug\25_enum_ssdt.tlog\inf2cat-expand.write.1.tlog
d:\windowsdriverpratice\masm6432\windowskernelsecurity\25_enum_ssdt\debug\25_enum_ssdt.tlog\inf2cat.command.1.tlog
d:\windowsdriverpratice\masm6432\windowskernelsecurity\25_enum_ssdt\debug\25_enum_ssdt.tlog\inf2cat.read.1.tlog
d:\windowsdriverpratice\masm6432\windowskernelsecurity\25_enum_ssdt\debug\25_enum_ssdt.tlog\inf2cat.write.1.tlog
d:\windowsdriverpratice\masm6432\windowskernelsecurity\25_enum_ssdt\debug\25_enum_ssdt.tlog\link.command.1.tlog
d:\windowsdriverpratice\masm6432\windowskernelsecurity\25_enum_ssdt\debug\25_enum_ssdt.tlog\link.read.1.tlog
d:\windowsdriverpratice\masm6432\windowskernelsecurity\25_enum_ssdt\debug\25_enum_ssdt.tlog\link.write.1.tlog
d:\windowsdriverpratice\masm6432\windowskernelsecurity\25_enum_ssdt\debug\25_enum_ssdt.tlog\signtool.command.1.tlog
d:\windowsdriverpratice\masm6432\windowskernelsecurity\25_enum_ssdt\debug\25_enum_ssdt.tlog\signtool.read.1.tlog
d:\windowsdriverpratice\masm6432\windowskernelsecurity\25_enum_ssdt\debug\25_enum_ssdt.tlog\signtool.timestamp.1.tlog
d:\windowsdriverpratice\masm6432\windowskernelsecurity\25_enum_ssdt\debug\25_enum_ssdt.tlog\signtool.write.1.tlog
d:\windowsdriverpratice\masm6432\windowskernelsecurity\25_enum_ssdt\debug\25_enum_ssdt.tlog\stampinf.command.1.tlog
d:\windowsdriverpratice\masm6432\windowskernelsecurity\25_enum_ssdt\debug\25_enum_ssdt.tlog\stampinf.read.1.tlog
d:\windowsdriverpratice\masm6432\windowskernelsecurity\25_enum_ssdt\debug\25_enum_ssdt.tlog\stampinf.write.1.tlog
