C51 COMPILER V9.54   MAIN                                                                  11/11/2024 22:15:19 PAGE 1   


C51 COMPILER V9.54, COMPILATION OF MODULE MAIN
OBJECT MODULE PLACED IN .\Objects\main.obj
COMPILER INVOKED BY: C:\Keil_v5\C51\BIN\C51.EXE main.c OPTIMIZE(8,SPEED) BROWSE DEBUG OBJECTEXTEND PRINT(.\Listings\main
                    -.lst) TABS(2) OBJECT(.\Objects\main.obj)

line level    source

   1          /*************************************************
   2          Copyright (C), 2009-2012    , Level Chip Co., Ltd.
   3          文件名:  main.c
   4          作  者: 钱锐      版本: V0.1.0     新建日期: 2024.11.11
   5          描  述: 调试LCD1602显示屏
   6          备  注:  
   7          修改记录: 
   8          
   9            1.  日期: 2024.11.11
  10                作者: 钱锐
  11                内容:
  12                    1) 此为模板第一个版本;
  13                版本:V0.1.0
  14          
  15          *************************************************/
  16          
  17          #include <REGX52.H>
  18          
  19          #include "LCD1602.h"
  20          
  21          int main(void)
  22          {
  23   1        LCD_Init();
  24   1        
  25   1        LCD_ShowChar(1, 1, 'A');
  26   1        LCD_ShowString(1, 3, "Hello");
  27   1        LCD_ShowNum(1, 9, 12, 2);
  28   1        LCD_ShowSignedNum(1, 13, -34, 2);
  29   1        LCD_ShowHexNum(2, 1, 0xEF, 2);
  30   1        LCD_ShowBinNum(2, 6, 0x10, 8);
  31   1        
  32   1        while(1);
  33   1        
  34   1        return 0;
  35   1      }
*** WARNING C294 IN LINE 34 OF main.c: unreachable code


MODULE INFORMATION:   STATIC OVERLAYABLE
   CODE SIZE        =     83    ----
   CONSTANT SIZE    =      6    ----
   XDATA SIZE       =   ----    ----
   PDATA SIZE       =   ----    ----
   DATA SIZE        =   ----    ----
   IDATA SIZE       =   ----    ----
   BIT SIZE         =   ----    ----
END OF MODULE INFORMATION.


C51 COMPILATION COMPLETE.  1 WARNING(S),  0 ERROR(S)
