C51 COMPILER V9.54   MAIN                                                                  11/14/2024 23:39:32 PAGE 1   


C51 COMPILER V9.54, COMPILATION OF MODULE MAIN
OBJECT MODULE PLACED IN .\Objects\main.obj
COMPILER INVOKED BY: C:\Keil_v5\C51\BIN\C51.EXE main.c OPTIMIZE(8,SPEED) BROWSE DEBUG OBJECTEXTEND PRINT(.\Listings\main
                    -.lst) TABS(2) OBJECT(.\Objects\main.obj)

line level    source

   1          /*************************************************
   2          Copyright (C), 2009-2012    , Level Chip Co., Ltd.
   3          文件名:  main.c
   4          作  者: 钱锐      版本: V0.1.0     新建日期: 2024.11.14
   5          描  述: LED点阵屏显示图形
   6          备  注:  
   7          修改记录: 
   8          
   9            1.  日期: 2024.11.14
  10                作者: 钱锐
  11                内容:
  12                    1) 此为模板第一个版本;
  13                版本:V0.1.0
  14          
  15          *************************************************/
  16          
  17          #include <REGX52.H>
  18          
  19          #include "MatrixLED.h"
  20          
  21          int main(void)
  22          {
  23   1        int i = 0;
  24   1        int nOffset = 0;  //偏移量
  25   1        unsigned int nShowDatas[] = {0x00,0x00,0x00,0x00,0x00,0x00,0x00,0x00,
  26   1                                      0xFF,0x08,0x08,0x08,0xFF,0x00,0x0E,0x15,
  27   1                                      0x15,0x15,0x0C,0x00,0x7E,0x01,0x02,0x00,
  28   1                                      0x7E,0x01,0x02,0x00,0x06,0x09,0x09,0x06,
  29   1                                      0x00,0x7D,0x00,0x00,0x00,0x00,0x00,0x00,
  30   1                                      0x00,0x00,0x00,0x00,0x00,0x00,0x00,0x00};
  31   1        
  32   1        MatrixLEDInit();
  33   1        
  34   1        while(1)
  35   1        {
  36   2          for(i=0; i < sizeof(nShowDatas) / sizeof(nShowDatas[0]); ++i)
  37   2          {
  38   3            SetMatrixLED_Byte(nShowDatas[i + nOffset]);
  39   3            SetColumn(i);
  40   3            
  41   3          }
  42   2          
  43   2          nOffset++;
  44   2          if(nOffset > sizeof(nShowDatas) / sizeof(nShowDatas[0]) - 8)
  45   2            nOffset = 0;
  46   2        }
  47   1        
  48   1        return 0;
  49   1      }
  50            
*** WARNING C294 IN LINE 48 OF main.c: unreachable code


MODULE INFORMATION:   STATIC OVERLAYABLE
C51 COMPILER V9.54   MAIN                                                                  11/14/2024 23:39:32 PAGE 2   

   CODE SIZE        =    103    ----
   CONSTANT SIZE    =     96    ----
   XDATA SIZE       =   ----    ----
   PDATA SIZE       =   ----    ----
   DATA SIZE        =   ----     100
   IDATA SIZE       =   ----    ----
   BIT SIZE         =   ----    ----
END OF MODULE INFORMATION.


C51 COMPILATION COMPLETE.  1 WARNING(S),  0 ERROR(S)
