C51 COMPILER V9.54   MATRIXLED                                                             11/14/2024 23:39:32 PAGE 1   


C51 COMPILER V9.54, COMPILATION OF MODULE MATRIXLED
OBJECT MODULE PLACED IN .\Objects\MatrixLED.obj
COMPILER INVOKED BY: C:\Keil_v5\C51\BIN\C51.EXE MatrixLED.c OPTIMIZE(8,SPEED) BROWSE DEBUG OBJECTEXTEND PRINT(.\Listings
                    -\MatrixLED.lst) TABS(2) OBJECT(.\Objects\MatrixLED.obj)

line level    source

   1          /*************************************************
   2          Copyright (C), 2009-2012    , Level Chip Co., Ltd.
   3          文件名:  MatrixLED.c
   4          作  者: 钱锐      版本: V0.1.0     新建日期: 2024.11.14
   5          描  述: LED点阵屏模块
   6          备  注:  
   7          修改记录: 
   8          
   9            1.  日期: 2024.11.14
  10                作者: 钱锐
  11                内容:
  12                    1) 此为模板第一个版本;
  13                版本:V0.1.0
  14          
  15          *************************************************/
  16          
  17          #include <REGX52.H>
  18          
  19          #include "MatrixLED.h"
  20          #include "Delay.h"
  21          
  22          sbit RCK = P3^5;          //控制是否将 74HC595 的数据进行输出
  23          sbit SRCLK = P3^6;        //控制把 SER 内部的数据压入 74HC595 中
  24          sbit SER = P3^4;          //暂存数据
  25          
  26          /// @brief 阵列显示屏初始化
  27          /// @param 无
  28          /// @return 无
  29          void MatrixLEDInit(void)
  30          {
  31   1        SRCLK = 0;
  32   1        RCK = 0;
  33   1      }
  34          
  35          /// @brief 设置阵列显示屏
  36          /// @param _Data--显示值;范围为0~7;
  37          /// @return 无
  38          void SetMatrixLED_Byte(unsigned int _Data)
  39          {
  40   1        int i=0;
  41   1        for(i=0; i < 8; ++i)
  42   1        {
  43   2          SER = _Data & (0x80 >> i);
  44   2          SRCLK = 1;
  45   2          SRCLK = 0;
  46   2        }
  47   1        
  48   1        RCK = 1;
  49   1        RCK = 0;  
  50   1      }
  51          
  52          /// @brief 设置显示列
  53          /// @param 列索引;范围为0~7;
  54          /// @return 无
C51 COMPILER V9.54   MATRIXLED                                                             11/14/2024 23:39:32 PAGE 2   

  55          void SetColumn(unsigned int _ColumnIndex)
  56          {
  57   1        P0 = 0xFF;
  58   1        P0 &= ~(0x80 >>  _ColumnIndex);
  59   1          
  60   1        Delay(1);
  61   1        P0 = 0xFF;
  62   1      }


MODULE INFORMATION:   STATIC OVERLAYABLE
   CODE SIZE        =     92    ----
   CONSTANT SIZE    =   ----    ----
   XDATA SIZE       =   ----    ----
   PDATA SIZE       =   ----    ----
   DATA SIZE        =   ----       2
   IDATA SIZE       =   ----    ----
   BIT SIZE         =   ----    ----
END OF MODULE INFORMATION.


C51 COMPILATION COMPLETE.  0 WARNING(S),  0 ERROR(S)
