C51 COMPILER V9.54   MAIN                                                                  11/10/2024 12:05:52 PAGE 1   


C51 COMPILER V9.54, COMPILATION OF MODULE MAIN
OBJECT MODULE PLACED IN .\Objects\main.obj
COMPILER INVOKED BY: C:\Keil_v5\C51\BIN\C51.EXE main.c OPTIMIZE(8,SPEED) BROWSE DEBUG OBJECTEXTEND PRINT(.\Listings\main
                    -.lst) TABS(2) OBJECT(.\Objects\main.obj)

line level    source

   1          /*************************************************
   2          Copyright (C), 2009-2012    , Level Chip Co., Ltd.
   3          文件名: mainwindow.h
   4          作  者: 钱锐      版本: V0.1.0     新建日期: 2024.11.10
   5          描  述: 独立按键控制LED亮灭
   6          备  注:  
   7          修改记录: 
   8          
   9            1.  日期: 2024.11.10
  10                作者: 钱锐
  11                内容:
  12                    1) 此为模板第一个版本;
  13                版本:V0.1.0
  14          
  15          *************************************************/
  16          
  17          #include <REGX52.H>
  18          #include <INTRINS.H>
  19          
  20          int main(void)
  21          { 
  22   1        while(1)
  23   1        {
  24   2          if(P3_1 == 0)
  25   2            P2_0 = 0;
  26   2          else
  27   2            P2_0 = 1; 
  28   2        }
  29   1      }


MODULE INFORMATION:   STATIC OVERLAYABLE
   CODE SIZE        =     11    ----
   CONSTANT SIZE    =   ----    ----
   XDATA SIZE       =   ----    ----
   PDATA SIZE       =   ----    ----
   DATA SIZE        =   ----    ----
   IDATA SIZE       =   ----    ----
   BIT SIZE         =   ----    ----
END OF MODULE INFORMATION.


C51 COMPILATION COMPLETE.  0 WARNING(S),  0 ERROR(S)
