C51 COMPILER V9.54   MAIN                                                                  11/28/2024 01:13:26 PAGE 1   


C51 COMPILER V9.54, COMPILATION OF MODULE MAIN
OBJECT MODULE PLACED IN .\Objects\main.obj
COMPILER INVOKED BY: C:\Keil_v5\C51\BIN\C51.EXE main.c OPTIMIZE(8,SPEED) BROWSE DEBUG OBJECTEXTEND PRINT(.\Listings\main
                    -.lst) TABS(2) OBJECT(.\Objects\main.obj)

line level    source

   1          /*************************************************
   2          Copyright (C), 2009-2012    , Level Chip Co., Ltd.
   3          文件名:  Buzzer.c
   4          作  者: 钱锐      版本: V0.1.0     新建日期: 2024.11.28
   5          描  述: DS18B20温度读取
   6          备  注:  
   7          修改记录: 
   8          
   9            1.  日期: 2024.11.28
  10                作者: 钱锐
  11                内容:
  12                    1) 此为模板第一个版本;
  13                版本:V0.1.0
  14          
  15          *************************************************/
  16          
  17          #include "LCD1602.h"
  18          #include "DS18B20.h"
  19          #include "Delay.h"
  20          
  21          int main(void)
  22          {
  23   1        float fCurTemp = 0;     //当前温度
  24   1        
  25   1        DS18B20_Convert();
  26   1        Delay(1000);
  27   1        
  28   1        LCD_Init();
  29   1          
  30   1        while(1)
  31   1        {
  32   2          DS18B20_Convert();
  33   2          fCurTemp = DS18B20_GetCurTemp();
  34   2          
  35   2          if(fCurTemp < 0)
  36   2          {
  37   3            LCD_ShowChar(1, 1, '-');
  38   3            fCurTemp = -fCurTemp;
  39   3          }
  40   2          else
  41   2            LCD_ShowChar(1, 1, '+');
  42   2          
  43   2          LCD_ShowNum(1, 1, fCurTemp, 3);
  44   2          LCD_ShowChar(1, 4, '.');
  45   2          LCD_ShowNum(1, 5, (unsigned long)(fCurTemp * 10000) % 10000, 4);
  46   2        }
  47   1        
  48   1        return 0;
  49   1      }
  50          
*** WARNING C294 IN LINE 48 OF main.c: unreachable code


MODULE INFORMATION:   STATIC OVERLAYABLE
C51 COMPILER V9.54   MAIN                                                                  11/28/2024 01:13:26 PAGE 2   

   CODE SIZE        =    172    ----
   CONSTANT SIZE    =   ----    ----
   XDATA SIZE       =   ----    ----
   PDATA SIZE       =   ----    ----
   DATA SIZE        =   ----       4
   IDATA SIZE       =   ----    ----
   BIT SIZE         =   ----    ----
END OF MODULE INFORMATION.


C51 COMPILATION COMPLETE.  1 WARNING(S),  0 ERROR(S)
