C51 COMPILER V9.54   ONEWIRE                                                               11/28/2024 01:13:27 PAGE 1   


C51 COMPILER V9.54, COMPILATION OF MODULE ONEWIRE
OBJECT MODULE PLACED IN .\Objects\OneWire.obj
COMPILER INVOKED BY: C:\Keil_v5\C51\BIN\C51.EXE OneWire.c OPTIMIZE(8,SPEED) BROWSE DEBUG OBJECTEXTEND PRINT(.\Listings\O
                    -neWire.lst) TABS(2) OBJECT(.\Objects\OneWire.obj)

line level    source

   1          /*************************************************
   2          Copyright (C), 2009-2012    , Level Chip Co., Ltd.
   3          文件名:  OneWire.c
   4          作  者: 钱锐      版本: V0.1.0     新建日期: 2024.11.28
   5          描  述: 单总线模块
   6          备  注:  
   7          修改记录: 
   8          
   9            1.  日期: 2024.11.28
  10                作者: 钱锐
  11                内容:
  12                    1) 此为模板第一个版本;
  13                版本:V0.1.0
  14          
  15          *************************************************/
  16          #include <REGX52.H>
  17          
  18          #include "OneWire.h"
  19          #include "LCD1602.h"
  20          
  21          #define ONEWIRE_IO P3_7     //单总线I/O控制口
  22          
  23          /// @brief 发送bit数据
  24          /// @param _Bit--单bit数据
  25          /// @return 无
  26          static void OneWire_SendBit(unsigned char _Bit)
  27          {
  28   1        unsigned char i;
  29   1      
  30   1        ONEWIRE_IO = 0;
  31   1        
  32   1        //延时10us
  33   1        i = 2;
  34   1        while (--i);
  35   1        
  36   1        ONEWIRE_IO = _Bit;
  37   1        
  38   1        //延时50us
  39   1        i = 20;
  40   1        while (--i);
  41   1        
  42   1        ONEWIRE_IO = 1;
  43   1      }
  44          
  45          /// @brief 接收bit数据
  46          /// @param 无
  47          /// @return 接收的bit数据
  48          static unsigned char OneWire_RecvBit(void)
  49          {
  50   1        unsigned char uchBit = 0;
  51   1        
  52   1        unsigned char i;
  53   1      
  54   1        ONEWIRE_IO = 0;
C51 COMPILER V9.54   ONEWIRE                                                               11/28/2024 01:13:27 PAGE 2   

  55   1        
  56   1        //延时5us
  57   1        i = 2;
  58   1        while (--i);
  59   1        
  60   1        ONEWIRE_IO = 1;
  61   1        
  62   1        //延时5us
  63   1        i = 2;
  64   1        while (--i);
  65   1        uchBit = ONEWIRE_IO;
  66   1        
  67   1        //延时50us
  68   1        i = 24;
  69   1        while (--i);
  70   1        
  71   1        return uchBit;
  72   1      }
  73          
  74          
  75          /// @brief 单总线初始化
  76          /// @param 无
  77          /// @return 无
  78          void OneWire_Init(void)
  79          {
  80   1        unsigned char i;
  81   1        
  82   1        ONEWIRE_IO = 1;
  83   1        ONEWIRE_IO = 0;
  84   1      
  85   1        //延时500us
  86   1        i = 227;
  87   1        while (--i);
  88   1        
  89   1        ONEWIRE_IO = 1;
  90   1        
  91   1        //延时80us
  92   1        i = 34;
  93   1        while (--i);
  94   1        
  95   1        //延时500us
  96   1        i = 227;
  97   1        while (--i);
  98   1      }
  99          
 100          void OneWire_SendByte(unsigned char _Byte)
 101          {
 102   1        unsigned char i = 0;
 103   1        
 104   1        for(i = 0; i < 8; ++i)
 105   1        {
 106   2            OneWire_SendBit(_Byte & (0x01 << i));
 107   2        }
 108   1      }
 109          
 110          unsigned char OneWire_RecvByte(void)
 111          {
 112   1        unsigned char i = 0;
 113   1        unsigned char uchByte = 0;
 114   1        
 115   1        for(i = 0; i < 8; ++i)
 116   1        {
C51 COMPILER V9.54   ONEWIRE                                                               11/28/2024 01:13:27 PAGE 3   

 117   2            if(OneWire_RecvBit())
 118   2            {
 119   3              uchByte |= (0x01 << i);
 120   3            }
 121   2        }
 122   1        
 123   1        return uchByte;
 124   1      }
 125          
 126          


MODULE INFORMATION:   STATIC OVERLAYABLE
   CODE SIZE        =    115    ----
   CONSTANT SIZE    =   ----    ----
   XDATA SIZE       =   ----    ----
   PDATA SIZE       =   ----    ----
   DATA SIZE        =   ----    ----
   IDATA SIZE       =   ----    ----
   BIT SIZE         =   ----    ----
END OF MODULE INFORMATION.


C51 COMPILATION COMPLETE.  0 WARNING(S),  0 ERROR(S)
