20:27:12 INFO  : Launching XSCT server: xsct.bat -n  -interactive D:\Zynq\vitis\custom_ip\vivado\vitis\temp_xsdb_launch_script.tcl
20:27:12 INFO  : Registering command handlers for Vitis TCF services
20:27:17 INFO  : XSCT server has started successfully.
20:27:17 INFO  : plnx-install-location is set to ''
20:27:17 INFO  : Successfully done setting XSCT server connection channel  
20:27:19 INFO  : Platform repository initialization has completed.
20:27:26 INFO  : Successfully done setting workspace for the tool. 
20:27:26 INFO  : Successfully done query RDI_DATADIR 
20:29:59 INFO  : Result from executing command 'getProjects': system_wrapper
20:29:59 INFO  : Result from executing command 'getPlatforms': 
20:29:59 WARN  : An unexpected exception occurred in the module 'platform project logging'
20:30:00 INFO  : Platform 'system_wrapper' is added to custom repositories.
20:30:12 INFO  : Platform 'system_wrapper' is added to custom repositories.
20:36:46 INFO  : Result from executing command 'getProjects': system_wrapper
20:36:46 INFO  : Result from executing command 'getPlatforms': system_wrapper|D:/Zynq/vitis/custom_ip/vivado/vitis/system_wrapper/export/system_wrapper/system_wrapper.xpfm
20:36:46 INFO  : Checking for BSP changes to sync application flags for project 'custom_ip'...
20:37:05 INFO  : Connected to target on host '127.0.0.1' and port '3121'.
20:37:06 INFO  : Jtag cable 'Digilent JTAG-SMT2 C306AFE5ABCD' is selected.
20:37:06 INFO  : 'jtag frequency' command is executed.
20:37:06 INFO  : Context for 'APU' is selected.
20:37:06 INFO  : System reset is completed.
20:37:09 INFO  : 'after 3000' command is executed.
20:37:09 INFO  : 'targets -set -filter {jtag_cable_name =~ "Digilent JTAG-SMT2 C306AFE5ABCD" && level==0 && jtag_device_ctx=="jsn-JTAG-SMT2-C306AFE5ABCD-23727093-0"}' command is executed.
20:37:12 INFO  : Device configured successfully with "D:/Zynq/vitis/custom_ip/vivado/vitis/custom_ip/_ide/bitstream/system_wrapper.bit"
20:37:12 INFO  : Context for 'APU' is selected.
20:37:12 INFO  : Hardware design and registers information is loaded from 'D:/Zynq/vitis/custom_ip/vivado/vitis/system_wrapper/export/system_wrapper/hw/system_wrapper.xsa'.
20:37:12 INFO  : 'configparams force-mem-access 1' command is executed.
20:37:12 INFO  : Context for 'APU' is selected.
20:37:12 INFO  : Sourcing of 'D:/Zynq/vitis/custom_ip/vivado/vitis/custom_ip/_ide/psinit/ps7_init.tcl' is done.
20:37:12 INFO  : 'ps7_init' command is executed.
20:37:12 INFO  : 'ps7_post_config' command is executed.
20:37:12 INFO  : Context for processor 'ps7_cortexa9_0' is selected.
20:37:13 INFO  : The application 'D:/Zynq/vitis/custom_ip/vivado/vitis/custom_ip/Debug/custom_ip.elf' is downloaded to processor 'ps7_cortexa9_0'.
20:37:13 INFO  : 'configparams force-mem-access 0' command is executed.
20:37:13 INFO  : ----------------XSDB Script----------------
connect -url tcp:127.0.0.1:3121
targets -set -nocase -filter {name =~"APU*"}
rst -system
after 3000
targets -set -filter {jtag_cable_name =~ "Digilent JTAG-SMT2 C306AFE5ABCD" && level==0 && jtag_device_ctx=="jsn-JTAG-SMT2-C306AFE5ABCD-23727093-0"}
fpga -file D:/Zynq/vitis/custom_ip/vivado/vitis/custom_ip/_ide/bitstream/system_wrapper.bit
targets -set -nocase -filter {name =~"APU*"}
loadhw -hw D:/Zynq/vitis/custom_ip/vivado/vitis/system_wrapper/export/system_wrapper/hw/system_wrapper.xsa -mem-ranges [list {0x40000000 0xbfffffff}] -regs
configparams force-mem-access 1
targets -set -nocase -filter {name =~"APU*"}
source D:/Zynq/vitis/custom_ip/vivado/vitis/custom_ip/_ide/psinit/ps7_init.tcl
ps7_init
ps7_post_config
targets -set -nocase -filter {name =~ "*A9*#0"}
dow D:/Zynq/vitis/custom_ip/vivado/vitis/custom_ip/Debug/custom_ip.elf
configparams force-mem-access 0
----------------End of Script----------------

20:37:13 INFO  : Context for processor 'ps7_cortexa9_0' is selected.
20:37:13 INFO  : 'con' command is executed.
20:37:13 INFO  : ----------------XSDB Script (After Launch)----------------
targets -set -nocase -filter {name =~ "*A9*#0"}
con
----------------End of Script----------------

20:37:13 INFO  : Launch script is exported to file 'D:\Zynq\vitis\custom_ip\vivado\vitis\custom_ip_system\_ide\scripts\debugger_custom_ip-default.tcl'
20:40:33 INFO  : Checking for BSP changes to sync application flags for project 'custom_ip'...
20:41:21 INFO  : Disconnected from the channel tcfchan#2.
20:41:22 INFO  : Connected to target on host '127.0.0.1' and port '3121'.
20:41:22 INFO  : Jtag cable 'Digilent JTAG-SMT2 C306AFE5ABCD' is selected.
20:41:22 INFO  : 'jtag frequency' command is executed.
20:41:22 INFO  : Context for 'APU' is selected.
20:41:22 INFO  : System reset is completed.
20:41:25 INFO  : 'after 3000' command is executed.
20:41:25 INFO  : 'targets -set -filter {jtag_cable_name =~ "Digilent JTAG-SMT2 C306AFE5ABCD" && level==0 && jtag_device_ctx=="jsn-JTAG-SMT2-C306AFE5ABCD-23727093-0"}' command is executed.
20:41:28 INFO  : Device configured successfully with "D:/Zynq/vitis/custom_ip/vivado/vitis/custom_ip/_ide/bitstream/system_wrapper.bit"
20:41:28 INFO  : Context for 'APU' is selected.
20:41:28 INFO  : Hardware design and registers information is loaded from 'D:/Zynq/vitis/custom_ip/vivado/vitis/system_wrapper/export/system_wrapper/hw/system_wrapper.xsa'.
20:41:28 INFO  : 'configparams force-mem-access 1' command is executed.
20:41:28 INFO  : Context for 'APU' is selected.
20:41:28 INFO  : Sourcing of 'D:/Zynq/vitis/custom_ip/vivado/vitis/custom_ip/_ide/psinit/ps7_init.tcl' is done.
20:41:28 INFO  : 'ps7_init' command is executed.
20:41:28 INFO  : 'ps7_post_config' command is executed.
20:41:28 INFO  : Context for processor 'ps7_cortexa9_0' is selected.
20:41:28 INFO  : The application 'D:/Zynq/vitis/custom_ip/vivado/vitis/custom_ip/Debug/custom_ip.elf' is downloaded to processor 'ps7_cortexa9_0'.
20:41:28 INFO  : 'configparams force-mem-access 0' command is executed.
20:41:28 INFO  : ----------------XSDB Script----------------
connect -url tcp:127.0.0.1:3121
targets -set -nocase -filter {name =~"APU*"}
rst -system
after 3000
targets -set -filter {jtag_cable_name =~ "Digilent JTAG-SMT2 C306AFE5ABCD" && level==0 && jtag_device_ctx=="jsn-JTAG-SMT2-C306AFE5ABCD-23727093-0"}
fpga -file D:/Zynq/vitis/custom_ip/vivado/vitis/custom_ip/_ide/bitstream/system_wrapper.bit
targets -set -nocase -filter {name =~"APU*"}
loadhw -hw D:/Zynq/vitis/custom_ip/vivado/vitis/system_wrapper/export/system_wrapper/hw/system_wrapper.xsa -mem-ranges [list {0x40000000 0xbfffffff}] -regs
configparams force-mem-access 1
targets -set -nocase -filter {name =~"APU*"}
source D:/Zynq/vitis/custom_ip/vivado/vitis/custom_ip/_ide/psinit/ps7_init.tcl
ps7_init
ps7_post_config
targets -set -nocase -filter {name =~ "*A9*#0"}
dow D:/Zynq/vitis/custom_ip/vivado/vitis/custom_ip/Debug/custom_ip.elf
configparams force-mem-access 0
----------------End of Script----------------

20:41:29 INFO  : Context for processor 'ps7_cortexa9_0' is selected.
20:41:29 INFO  : 'con' command is executed.
20:41:29 INFO  : ----------------XSDB Script (After Launch)----------------
targets -set -nocase -filter {name =~ "*A9*#0"}
con
----------------End of Script----------------

20:41:29 INFO  : Launch script is exported to file 'D:\Zynq\vitis\custom_ip\vivado\vitis\custom_ip_system\_ide\scripts\debugger_custom_ip-default.tcl'
20:47:48 INFO  : Checking for BSP changes to sync application flags for project 'custom_ip'...
20:47:56 INFO  : Disconnected from the channel tcfchan#3.
20:47:57 INFO  : Connected to target on host '127.0.0.1' and port '3121'.
20:47:57 INFO  : Jtag cable 'Digilent JTAG-SMT2 C306AFE5ABCD' is selected.
20:47:57 INFO  : 'jtag frequency' command is executed.
20:47:57 INFO  : Context for 'APU' is selected.
20:47:57 INFO  : System reset is completed.
20:48:00 INFO  : 'after 3000' command is executed.
20:48:00 INFO  : 'targets -set -filter {jtag_cable_name =~ "Digilent JTAG-SMT2 C306AFE5ABCD" && level==0 && jtag_device_ctx=="jsn-JTAG-SMT2-C306AFE5ABCD-23727093-0"}' command is executed.
20:48:03 INFO  : Device configured successfully with "D:/Zynq/vitis/custom_ip/vivado/vitis/custom_ip/_ide/bitstream/system_wrapper.bit"
20:48:03 INFO  : Context for 'APU' is selected.
20:48:03 INFO  : Hardware design and registers information is loaded from 'D:/Zynq/vitis/custom_ip/vivado/vitis/system_wrapper/export/system_wrapper/hw/system_wrapper.xsa'.
20:48:03 INFO  : 'configparams force-mem-access 1' command is executed.
20:48:03 INFO  : Context for 'APU' is selected.
20:48:03 INFO  : Sourcing of 'D:/Zynq/vitis/custom_ip/vivado/vitis/custom_ip/_ide/psinit/ps7_init.tcl' is done.
20:48:03 INFO  : 'ps7_init' command is executed.
20:48:03 INFO  : 'ps7_post_config' command is executed.
20:48:03 INFO  : Context for processor 'ps7_cortexa9_0' is selected.
20:48:03 INFO  : The application 'D:/Zynq/vitis/custom_ip/vivado/vitis/custom_ip/Debug/custom_ip.elf' is downloaded to processor 'ps7_cortexa9_0'.
20:48:03 INFO  : 'configparams force-mem-access 0' command is executed.
20:48:03 INFO  : ----------------XSDB Script----------------
connect -url tcp:127.0.0.1:3121
targets -set -nocase -filter {name =~"APU*"}
rst -system
after 3000
targets -set -filter {jtag_cable_name =~ "Digilent JTAG-SMT2 C306AFE5ABCD" && level==0 && jtag_device_ctx=="jsn-JTAG-SMT2-C306AFE5ABCD-23727093-0"}
fpga -file D:/Zynq/vitis/custom_ip/vivado/vitis/custom_ip/_ide/bitstream/system_wrapper.bit
targets -set -nocase -filter {name =~"APU*"}
loadhw -hw D:/Zynq/vitis/custom_ip/vivado/vitis/system_wrapper/export/system_wrapper/hw/system_wrapper.xsa -mem-ranges [list {0x40000000 0xbfffffff}] -regs
configparams force-mem-access 1
targets -set -nocase -filter {name =~"APU*"}
source D:/Zynq/vitis/custom_ip/vivado/vitis/custom_ip/_ide/psinit/ps7_init.tcl
ps7_init
ps7_post_config
targets -set -nocase -filter {name =~ "*A9*#0"}
dow D:/Zynq/vitis/custom_ip/vivado/vitis/custom_ip/Debug/custom_ip.elf
configparams force-mem-access 0
----------------End of Script----------------

20:48:03 INFO  : Context for processor 'ps7_cortexa9_0' is selected.
20:48:04 INFO  : 'con' command is executed.
20:48:04 INFO  : ----------------XSDB Script (After Launch)----------------
targets -set -nocase -filter {name =~ "*A9*#0"}
con
----------------End of Script----------------

20:48:04 INFO  : Launch script is exported to file 'D:\Zynq\vitis\custom_ip\vivado\vitis\custom_ip_system\_ide\scripts\debugger_custom_ip-default.tcl'
20:48:29 INFO  : Checking for BSP changes to sync application flags for project 'custom_ip'...
20:48:45 INFO  : Checking for BSP changes to sync application flags for project 'custom_ip'...
20:48:51 INFO  : Disconnected from the channel tcfchan#4.
20:48:52 INFO  : Connected to target on host '127.0.0.1' and port '3121'.
20:48:52 INFO  : Jtag cable 'Digilent JTAG-SMT2 C306AFE5ABCD' is selected.
20:48:52 INFO  : 'jtag frequency' command is executed.
20:48:52 INFO  : Context for 'APU' is selected.
20:48:53 INFO  : System reset is completed.
20:48:56 INFO  : 'after 3000' command is executed.
20:48:56 INFO  : 'targets -set -filter {jtag_cable_name =~ "Digilent JTAG-SMT2 C306AFE5ABCD" && level==0 && jtag_device_ctx=="jsn-JTAG-SMT2-C306AFE5ABCD-23727093-0"}' command is executed.
20:48:58 INFO  : Device configured successfully with "D:/Zynq/vitis/custom_ip/vivado/vitis/custom_ip/_ide/bitstream/system_wrapper.bit"
20:48:58 INFO  : Context for 'APU' is selected.
20:48:58 INFO  : Hardware design and registers information is loaded from 'D:/Zynq/vitis/custom_ip/vivado/vitis/system_wrapper/export/system_wrapper/hw/system_wrapper.xsa'.
20:48:58 INFO  : 'configparams force-mem-access 1' command is executed.
20:48:58 INFO  : Context for 'APU' is selected.
20:48:58 INFO  : Sourcing of 'D:/Zynq/vitis/custom_ip/vivado/vitis/custom_ip/_ide/psinit/ps7_init.tcl' is done.
20:48:59 INFO  : 'ps7_init' command is executed.
20:48:59 INFO  : 'ps7_post_config' command is executed.
20:48:59 INFO  : Context for processor 'ps7_cortexa9_0' is selected.
20:48:59 INFO  : The application 'D:/Zynq/vitis/custom_ip/vivado/vitis/custom_ip/Debug/custom_ip.elf' is downloaded to processor 'ps7_cortexa9_0'.
20:48:59 INFO  : 'configparams force-mem-access 0' command is executed.
20:48:59 INFO  : ----------------XSDB Script----------------
connect -url tcp:127.0.0.1:3121
targets -set -nocase -filter {name =~"APU*"}
rst -system
after 3000
targets -set -filter {jtag_cable_name =~ "Digilent JTAG-SMT2 C306AFE5ABCD" && level==0 && jtag_device_ctx=="jsn-JTAG-SMT2-C306AFE5ABCD-23727093-0"}
fpga -file D:/Zynq/vitis/custom_ip/vivado/vitis/custom_ip/_ide/bitstream/system_wrapper.bit
targets -set -nocase -filter {name =~"APU*"}
loadhw -hw D:/Zynq/vitis/custom_ip/vivado/vitis/system_wrapper/export/system_wrapper/hw/system_wrapper.xsa -mem-ranges [list {0x40000000 0xbfffffff}] -regs
configparams force-mem-access 1
targets -set -nocase -filter {name =~"APU*"}
source D:/Zynq/vitis/custom_ip/vivado/vitis/custom_ip/_ide/psinit/ps7_init.tcl
ps7_init
ps7_post_config
targets -set -nocase -filter {name =~ "*A9*#0"}
dow D:/Zynq/vitis/custom_ip/vivado/vitis/custom_ip/Debug/custom_ip.elf
configparams force-mem-access 0
----------------End of Script----------------

20:48:59 INFO  : Context for processor 'ps7_cortexa9_0' is selected.
20:48:59 INFO  : 'con' command is executed.
20:48:59 INFO  : ----------------XSDB Script (After Launch)----------------
targets -set -nocase -filter {name =~ "*A9*#0"}
con
----------------End of Script----------------

20:48:59 INFO  : Launch script is exported to file 'D:\Zynq\vitis\custom_ip\vivado\vitis\custom_ip_system\_ide\scripts\debugger_custom_ip-default.tcl'
20:49:41 INFO  : Checking for BSP changes to sync application flags for project 'custom_ip'...
20:49:47 INFO  : Disconnected from the channel tcfchan#5.
20:49:48 INFO  : Connected to target on host '127.0.0.1' and port '3121'.
20:49:48 INFO  : Jtag cable 'Digilent JTAG-SMT2 C306AFE5ABCD' is selected.
20:49:48 INFO  : 'jtag frequency' command is executed.
20:49:48 INFO  : Context for 'APU' is selected.
20:49:49 INFO  : System reset is completed.
20:49:52 INFO  : 'after 3000' command is executed.
20:49:52 INFO  : 'targets -set -filter {jtag_cable_name =~ "Digilent JTAG-SMT2 C306AFE5ABCD" && level==0 && jtag_device_ctx=="jsn-JTAG-SMT2-C306AFE5ABCD-23727093-0"}' command is executed.
20:49:54 INFO  : Device configured successfully with "D:/Zynq/vitis/custom_ip/vivado/vitis/custom_ip/_ide/bitstream/system_wrapper.bit"
20:49:54 INFO  : Context for 'APU' is selected.
20:49:54 INFO  : Hardware design and registers information is loaded from 'D:/Zynq/vitis/custom_ip/vivado/vitis/system_wrapper/export/system_wrapper/hw/system_wrapper.xsa'.
20:49:54 INFO  : 'configparams force-mem-access 1' command is executed.
20:49:54 INFO  : Context for 'APU' is selected.
20:49:54 INFO  : Sourcing of 'D:/Zynq/vitis/custom_ip/vivado/vitis/custom_ip/_ide/psinit/ps7_init.tcl' is done.
20:49:54 INFO  : 'ps7_init' command is executed.
20:49:55 INFO  : 'ps7_post_config' command is executed.
20:49:55 INFO  : Context for processor 'ps7_cortexa9_0' is selected.
20:49:55 INFO  : The application 'D:/Zynq/vitis/custom_ip/vivado/vitis/custom_ip/Debug/custom_ip.elf' is downloaded to processor 'ps7_cortexa9_0'.
20:49:55 INFO  : 'configparams force-mem-access 0' command is executed.
20:49:55 INFO  : ----------------XSDB Script----------------
connect -url tcp:127.0.0.1:3121
targets -set -nocase -filter {name =~"APU*"}
rst -system
after 3000
targets -set -filter {jtag_cable_name =~ "Digilent JTAG-SMT2 C306AFE5ABCD" && level==0 && jtag_device_ctx=="jsn-JTAG-SMT2-C306AFE5ABCD-23727093-0"}
fpga -file D:/Zynq/vitis/custom_ip/vivado/vitis/custom_ip/_ide/bitstream/system_wrapper.bit
targets -set -nocase -filter {name =~"APU*"}
loadhw -hw D:/Zynq/vitis/custom_ip/vivado/vitis/system_wrapper/export/system_wrapper/hw/system_wrapper.xsa -mem-ranges [list {0x40000000 0xbfffffff}] -regs
configparams force-mem-access 1
targets -set -nocase -filter {name =~"APU*"}
source D:/Zynq/vitis/custom_ip/vivado/vitis/custom_ip/_ide/psinit/ps7_init.tcl
ps7_init
ps7_post_config
targets -set -nocase -filter {name =~ "*A9*#0"}
dow D:/Zynq/vitis/custom_ip/vivado/vitis/custom_ip/Debug/custom_ip.elf
configparams force-mem-access 0
----------------End of Script----------------

20:49:55 INFO  : Context for processor 'ps7_cortexa9_0' is selected.
20:49:55 INFO  : 'con' command is executed.
20:49:55 INFO  : ----------------XSDB Script (After Launch)----------------
targets -set -nocase -filter {name =~ "*A9*#0"}
con
----------------End of Script----------------

20:49:55 INFO  : Launch script is exported to file 'D:\Zynq\vitis\custom_ip\vivado\vitis\custom_ip_system\_ide\scripts\debugger_custom_ip-default.tcl'
20:50:19 INFO  : Checking for BSP changes to sync application flags for project 'custom_ip'...
20:58:10 INFO  : Checking for BSP changes to sync application flags for project 'custom_ip'...
21:02:09 INFO  : Checking for BSP changes to sync application flags for project 'custom_ip'...
21:02:15 INFO  : Disconnected from the channel tcfchan#6.
21:02:16 INFO  : Connected to target on host '127.0.0.1' and port '3121'.
21:02:16 INFO  : Jtag cable 'Digilent JTAG-SMT2 C306AFE5ABCD' is selected.
21:02:16 INFO  : 'jtag frequency' command is executed.
21:02:16 INFO  : Context for 'APU' is selected.
21:02:17 INFO  : System reset is completed.
21:02:20 INFO  : 'after 3000' command is executed.
21:02:20 INFO  : 'targets -set -filter {jtag_cable_name =~ "Digilent JTAG-SMT2 C306AFE5ABCD" && level==0 && jtag_device_ctx=="jsn-JTAG-SMT2-C306AFE5ABCD-23727093-0"}' command is executed.
21:02:22 INFO  : Device configured successfully with "D:/Zynq/vitis/custom_ip/vivado/vitis/custom_ip/_ide/bitstream/system_wrapper.bit"
21:02:22 INFO  : Context for 'APU' is selected.
21:02:22 INFO  : Hardware design and registers information is loaded from 'D:/Zynq/vitis/custom_ip/vivado/vitis/system_wrapper/export/system_wrapper/hw/system_wrapper.xsa'.
21:02:22 INFO  : 'configparams force-mem-access 1' command is executed.
21:02:22 INFO  : Context for 'APU' is selected.
21:02:22 INFO  : Sourcing of 'D:/Zynq/vitis/custom_ip/vivado/vitis/custom_ip/_ide/psinit/ps7_init.tcl' is done.
21:02:22 INFO  : 'ps7_init' command is executed.
21:02:22 INFO  : 'ps7_post_config' command is executed.
21:02:22 INFO  : Context for processor 'ps7_cortexa9_0' is selected.
21:02:23 INFO  : The application 'D:/Zynq/vitis/custom_ip/vivado/vitis/custom_ip/Debug/custom_ip.elf' is downloaded to processor 'ps7_cortexa9_0'.
21:02:23 INFO  : 'configparams force-mem-access 0' command is executed.
21:02:23 INFO  : ----------------XSDB Script----------------
connect -url tcp:127.0.0.1:3121
targets -set -nocase -filter {name =~"APU*"}
rst -system
after 3000
targets -set -filter {jtag_cable_name =~ "Digilent JTAG-SMT2 C306AFE5ABCD" && level==0 && jtag_device_ctx=="jsn-JTAG-SMT2-C306AFE5ABCD-23727093-0"}
fpga -file D:/Zynq/vitis/custom_ip/vivado/vitis/custom_ip/_ide/bitstream/system_wrapper.bit
targets -set -nocase -filter {name =~"APU*"}
loadhw -hw D:/Zynq/vitis/custom_ip/vivado/vitis/system_wrapper/export/system_wrapper/hw/system_wrapper.xsa -mem-ranges [list {0x40000000 0xbfffffff}] -regs
configparams force-mem-access 1
targets -set -nocase -filter {name =~"APU*"}
source D:/Zynq/vitis/custom_ip/vivado/vitis/custom_ip/_ide/psinit/ps7_init.tcl
ps7_init
ps7_post_config
targets -set -nocase -filter {name =~ "*A9*#0"}
dow D:/Zynq/vitis/custom_ip/vivado/vitis/custom_ip/Debug/custom_ip.elf
configparams force-mem-access 0
----------------End of Script----------------

21:02:23 INFO  : Context for processor 'ps7_cortexa9_0' is selected.
21:02:23 INFO  : 'con' command is executed.
21:02:23 INFO  : ----------------XSDB Script (After Launch)----------------
targets -set -nocase -filter {name =~ "*A9*#0"}
con
----------------End of Script----------------

21:02:23 INFO  : Launch script is exported to file 'D:\Zynq\vitis\custom_ip\vivado\vitis\custom_ip_system\_ide\scripts\debugger_custom_ip-default.tcl'
21:06:11 INFO  : Checking for BSP changes to sync application flags for project 'custom_ip'...
21:06:16 INFO  : Disconnected from the channel tcfchan#7.
21:06:17 INFO  : Connected to target on host '127.0.0.1' and port '3121'.
21:06:17 INFO  : Jtag cable 'Digilent JTAG-SMT2 C306AFE5ABCD' is selected.
21:06:17 INFO  : 'jtag frequency' command is executed.
21:06:17 INFO  : Context for 'APU' is selected.
21:06:17 INFO  : System reset is completed.
21:06:20 INFO  : 'after 3000' command is executed.
21:06:20 INFO  : 'targets -set -filter {jtag_cable_name =~ "Digilent JTAG-SMT2 C306AFE5ABCD" && level==0 && jtag_device_ctx=="jsn-JTAG-SMT2-C306AFE5ABCD-23727093-0"}' command is executed.
21:06:23 INFO  : Device configured successfully with "D:/Zynq/vitis/custom_ip/vivado/vitis/custom_ip/_ide/bitstream/system_wrapper.bit"
21:06:23 INFO  : Context for 'APU' is selected.
21:06:23 INFO  : Hardware design and registers information is loaded from 'D:/Zynq/vitis/custom_ip/vivado/vitis/system_wrapper/export/system_wrapper/hw/system_wrapper.xsa'.
21:06:23 INFO  : 'configparams force-mem-access 1' command is executed.
21:06:23 INFO  : Context for 'APU' is selected.
21:06:23 INFO  : Sourcing of 'D:/Zynq/vitis/custom_ip/vivado/vitis/custom_ip/_ide/psinit/ps7_init.tcl' is done.
21:06:23 INFO  : 'ps7_init' command is executed.
21:06:23 INFO  : 'ps7_post_config' command is executed.
21:06:23 INFO  : Context for processor 'ps7_cortexa9_0' is selected.
21:06:24 INFO  : The application 'D:/Zynq/vitis/custom_ip/vivado/vitis/custom_ip/Debug/custom_ip.elf' is downloaded to processor 'ps7_cortexa9_0'.
21:06:24 INFO  : 'configparams force-mem-access 0' command is executed.
21:06:24 INFO  : ----------------XSDB Script----------------
connect -url tcp:127.0.0.1:3121
targets -set -nocase -filter {name =~"APU*"}
rst -system
after 3000
targets -set -filter {jtag_cable_name =~ "Digilent JTAG-SMT2 C306AFE5ABCD" && level==0 && jtag_device_ctx=="jsn-JTAG-SMT2-C306AFE5ABCD-23727093-0"}
fpga -file D:/Zynq/vitis/custom_ip/vivado/vitis/custom_ip/_ide/bitstream/system_wrapper.bit
targets -set -nocase -filter {name =~"APU*"}
loadhw -hw D:/Zynq/vitis/custom_ip/vivado/vitis/system_wrapper/export/system_wrapper/hw/system_wrapper.xsa -mem-ranges [list {0x40000000 0xbfffffff}] -regs
configparams force-mem-access 1
targets -set -nocase -filter {name =~"APU*"}
source D:/Zynq/vitis/custom_ip/vivado/vitis/custom_ip/_ide/psinit/ps7_init.tcl
ps7_init
ps7_post_config
targets -set -nocase -filter {name =~ "*A9*#0"}
dow D:/Zynq/vitis/custom_ip/vivado/vitis/custom_ip/Debug/custom_ip.elf
configparams force-mem-access 0
----------------End of Script----------------

21:06:24 INFO  : Context for processor 'ps7_cortexa9_0' is selected.
21:06:24 INFO  : 'con' command is executed.
21:06:24 INFO  : ----------------XSDB Script (After Launch)----------------
targets -set -nocase -filter {name =~ "*A9*#0"}
con
----------------End of Script----------------

21:06:24 INFO  : Launch script is exported to file 'D:\Zynq\vitis\custom_ip\vivado\vitis\custom_ip_system\_ide\scripts\debugger_custom_ip-default.tcl'
21:06:58 INFO  : Checking for BSP changes to sync application flags for project 'custom_ip'...
21:07:03 INFO  : Disconnected from the channel tcfchan#8.
21:07:04 INFO  : Connected to target on host '127.0.0.1' and port '3121'.
21:07:04 INFO  : Jtag cable 'Digilent JTAG-SMT2 C306AFE5ABCD' is selected.
21:07:04 INFO  : 'jtag frequency' command is executed.
21:07:04 INFO  : Context for 'APU' is selected.
21:07:05 INFO  : System reset is completed.
21:07:08 INFO  : 'after 3000' command is executed.
21:07:08 INFO  : 'targets -set -filter {jtag_cable_name =~ "Digilent JTAG-SMT2 C306AFE5ABCD" && level==0 && jtag_device_ctx=="jsn-JTAG-SMT2-C306AFE5ABCD-23727093-0"}' command is executed.
21:07:10 INFO  : Device configured successfully with "D:/Zynq/vitis/custom_ip/vivado/vitis/custom_ip/_ide/bitstream/system_wrapper.bit"
21:07:10 INFO  : Context for 'APU' is selected.
21:07:10 INFO  : Hardware design and registers information is loaded from 'D:/Zynq/vitis/custom_ip/vivado/vitis/system_wrapper/export/system_wrapper/hw/system_wrapper.xsa'.
21:07:10 INFO  : 'configparams force-mem-access 1' command is executed.
21:07:10 INFO  : Context for 'APU' is selected.
21:07:10 INFO  : Sourcing of 'D:/Zynq/vitis/custom_ip/vivado/vitis/custom_ip/_ide/psinit/ps7_init.tcl' is done.
21:07:10 INFO  : 'ps7_init' command is executed.
21:07:11 INFO  : 'ps7_post_config' command is executed.
21:07:11 INFO  : Context for processor 'ps7_cortexa9_0' is selected.
21:07:11 INFO  : The application 'D:/Zynq/vitis/custom_ip/vivado/vitis/custom_ip/Debug/custom_ip.elf' is downloaded to processor 'ps7_cortexa9_0'.
21:07:11 INFO  : 'configparams force-mem-access 0' command is executed.
21:07:11 INFO  : ----------------XSDB Script----------------
connect -url tcp:127.0.0.1:3121
targets -set -nocase -filter {name =~"APU*"}
rst -system
after 3000
targets -set -filter {jtag_cable_name =~ "Digilent JTAG-SMT2 C306AFE5ABCD" && level==0 && jtag_device_ctx=="jsn-JTAG-SMT2-C306AFE5ABCD-23727093-0"}
fpga -file D:/Zynq/vitis/custom_ip/vivado/vitis/custom_ip/_ide/bitstream/system_wrapper.bit
targets -set -nocase -filter {name =~"APU*"}
loadhw -hw D:/Zynq/vitis/custom_ip/vivado/vitis/system_wrapper/export/system_wrapper/hw/system_wrapper.xsa -mem-ranges [list {0x40000000 0xbfffffff}] -regs
configparams force-mem-access 1
targets -set -nocase -filter {name =~"APU*"}
source D:/Zynq/vitis/custom_ip/vivado/vitis/custom_ip/_ide/psinit/ps7_init.tcl
ps7_init
ps7_post_config
targets -set -nocase -filter {name =~ "*A9*#0"}
dow D:/Zynq/vitis/custom_ip/vivado/vitis/custom_ip/Debug/custom_ip.elf
configparams force-mem-access 0
----------------End of Script----------------

21:07:11 INFO  : Context for processor 'ps7_cortexa9_0' is selected.
21:07:11 INFO  : 'con' command is executed.
21:07:11 INFO  : ----------------XSDB Script (After Launch)----------------
targets -set -nocase -filter {name =~ "*A9*#0"}
con
----------------End of Script----------------

21:07:11 INFO  : Launch script is exported to file 'D:\Zynq\vitis\custom_ip\vivado\vitis\custom_ip_system\_ide\scripts\debugger_custom_ip-default.tcl'
21:08:19 INFO  : Disconnected from the channel tcfchan#9.
21:08:20 INFO  : Connected to target on host '127.0.0.1' and port '3121'.
21:08:20 INFO  : Jtag cable 'Digilent JTAG-SMT2 C306AFE5ABCD' is selected.
21:08:20 INFO  : 'jtag frequency' command is executed.
21:08:20 INFO  : Context for 'APU' is selected.
21:08:20 INFO  : System reset is completed.
21:08:23 INFO  : 'after 3000' command is executed.
21:08:23 INFO  : 'targets -set -filter {jtag_cable_name =~ "Digilent JTAG-SMT2 C306AFE5ABCD" && level==0 && jtag_device_ctx=="jsn-JTAG-SMT2-C306AFE5ABCD-23727093-0"}' command is executed.
21:08:26 INFO  : Device configured successfully with "D:/Zynq/vitis/custom_ip/vivado/vitis/custom_ip/_ide/bitstream/system_wrapper.bit"
21:08:26 INFO  : Context for 'APU' is selected.
21:08:26 INFO  : Hardware design and registers information is loaded from 'D:/Zynq/vitis/custom_ip/vivado/vitis/system_wrapper/export/system_wrapper/hw/system_wrapper.xsa'.
21:08:26 INFO  : 'configparams force-mem-access 1' command is executed.
21:08:26 INFO  : Context for 'APU' is selected.
21:08:26 INFO  : Sourcing of 'D:/Zynq/vitis/custom_ip/vivado/vitis/custom_ip/_ide/psinit/ps7_init.tcl' is done.
21:08:26 INFO  : 'ps7_init' command is executed.
21:08:26 INFO  : 'ps7_post_config' command is executed.
21:08:26 INFO  : Context for processor 'ps7_cortexa9_0' is selected.
21:08:26 INFO  : The application 'D:/Zynq/vitis/custom_ip/vivado/vitis/custom_ip/Debug/custom_ip.elf' is downloaded to processor 'ps7_cortexa9_0'.
21:08:27 INFO  : 'configparams force-mem-access 0' command is executed.
21:08:27 INFO  : ----------------XSDB Script----------------
connect -url tcp:127.0.0.1:3121
targets -set -nocase -filter {name =~"APU*"}
rst -system
after 3000
targets -set -filter {jtag_cable_name =~ "Digilent JTAG-SMT2 C306AFE5ABCD" && level==0 && jtag_device_ctx=="jsn-JTAG-SMT2-C306AFE5ABCD-23727093-0"}
fpga -file D:/Zynq/vitis/custom_ip/vivado/vitis/custom_ip/_ide/bitstream/system_wrapper.bit
targets -set -nocase -filter {name =~"APU*"}
loadhw -hw D:/Zynq/vitis/custom_ip/vivado/vitis/system_wrapper/export/system_wrapper/hw/system_wrapper.xsa -mem-ranges [list {0x40000000 0xbfffffff}] -regs
configparams force-mem-access 1
targets -set -nocase -filter {name =~"APU*"}
source D:/Zynq/vitis/custom_ip/vivado/vitis/custom_ip/_ide/psinit/ps7_init.tcl
ps7_init
ps7_post_config
targets -set -nocase -filter {name =~ "*A9*#0"}
dow D:/Zynq/vitis/custom_ip/vivado/vitis/custom_ip/Debug/custom_ip.elf
configparams force-mem-access 0
----------------End of Script----------------

21:08:27 INFO  : Context for processor 'ps7_cortexa9_0' is selected.
21:08:27 INFO  : 'con' command is executed.
21:08:27 INFO  : ----------------XSDB Script (After Launch)----------------
targets -set -nocase -filter {name =~ "*A9*#0"}
con
----------------End of Script----------------

21:08:27 INFO  : Launch script is exported to file 'D:\Zynq\vitis\custom_ip\vivado\vitis\custom_ip_system\_ide\scripts\debugger_custom_ip-default.tcl'
21:10:40 INFO  : Disconnected from the channel tcfchan#10.
