d:\windowsdriverpratice\masm6432\wdmdriver\wdmdriver\02_11_driversupporteject\debug\vc142.pdb
d:\windowsdriverpratice\masm6432\wdmdriver\wdmdriver\02_11_driversupporteject\debug\main.obj
d:\windowsdriverpratice\masm6432\wdmdriver\wdmdriver\debug\02_11_driversupporteject\02_01_wdmdriverdemo.cat
d:\windowsdriverpratice\masm6432\wdmdriver\wdmdriver\debug\02_11_driversupporteject.sys
d:\windowsdriverpratice\masm6432\wdmdriver\wdmdriver\debug\02_11_driversupporteject.pdb
d:\windowsdriverpratice\masm6432\wdmdriver\wdmdriver\02_11_driversupporteject\debug\02_11_driversupporteject.inf
d:\windowsdriverpratice\masm6432\wdmdriver\wdmdriver\debug\02_11_driversupporteject.cer
d:\windowsdriverpratice\masm6432\wdmdriver\wdmdriver\debug\02_11_driversupporteject.inf
d:\windowsdriverpratice\masm6432\wdmdriver\wdmdriver\02_11_driversupporteject\debug\02_11_dr.354f293e.tlog\cl.command.1.tlog
d:\windowsdriverpratice\masm6432\wdmdriver\wdmdriver\02_11_driversupporteject\debug\02_11_dr.354f293e.tlog\cl.read.1.tlog
d:\windowsdriverpratice\masm6432\wdmdriver\wdmdriver\02_11_driversupporteject\debug\02_11_dr.354f293e.tlog\cl.write.1.tlog
d:\windowsdriverpratice\masm6432\wdmdriver\wdmdriver\02_11_driversupporteject\debug\02_11_dr.354f293e.tlog\inf2cat-expand.6760.read.1.tlog
d:\windowsdriverpratice\masm6432\wdmdriver\wdmdriver\02_11_driversupporteject\debug\02_11_dr.354f293e.tlog\inf2cat-expand.6760.write.1.tlog
d:\windowsdriverpratice\masm6432\wdmdriver\wdmdriver\02_11_driversupporteject\debug\02_11_dr.354f293e.tlog\inf2cat-expand.read.1.tlog
d:\windowsdriverpratice\masm6432\wdmdriver\wdmdriver\02_11_driversupporteject\debug\02_11_dr.354f293e.tlog\inf2cat-expand.write.1.tlog
d:\windowsdriverpratice\masm6432\wdmdriver\wdmdriver\02_11_driversupporteject\debug\02_11_dr.354f293e.tlog\inf2cat.command.1.tlog
d:\windowsdriverpratice\masm6432\wdmdriver\wdmdriver\02_11_driversupporteject\debug\02_11_dr.354f293e.tlog\inf2cat.read.1.tlog
d:\windowsdriverpratice\masm6432\wdmdriver\wdmdriver\02_11_driversupporteject\debug\02_11_dr.354f293e.tlog\inf2cat.write.1.tlog
d:\windowsdriverpratice\masm6432\wdmdriver\wdmdriver\02_11_driversupporteject\debug\02_11_dr.354f293e.tlog\link.command.1.tlog
d:\windowsdriverpratice\masm6432\wdmdriver\wdmdriver\02_11_driversupporteject\debug\02_11_dr.354f293e.tlog\link.read.1.tlog
d:\windowsdriverpratice\masm6432\wdmdriver\wdmdriver\02_11_driversupporteject\debug\02_11_dr.354f293e.tlog\link.write.1.tlog
d:\windowsdriverpratice\masm6432\wdmdriver\wdmdriver\02_11_driversupporteject\debug\02_11_dr.354f293e.tlog\signtool.command.1.tlog
d:\windowsdriverpratice\masm6432\wdmdriver\wdmdriver\02_11_driversupporteject\debug\02_11_dr.354f293e.tlog\signtool.read.1.tlog
d:\windowsdriverpratice\masm6432\wdmdriver\wdmdriver\02_11_driversupporteject\debug\02_11_dr.354f293e.tlog\signtool.timestamp.1.tlog
d:\windowsdriverpratice\masm6432\wdmdriver\wdmdriver\02_11_driversupporteject\debug\02_11_dr.354f293e.tlog\signtool.write.1.tlog
d:\windowsdriverpratice\masm6432\wdmdriver\wdmdriver\02_11_driversupporteject\debug\02_11_dr.354f293e.tlog\stampinf.command.1.tlog
d:\windowsdriverpratice\masm6432\wdmdriver\wdmdriver\02_11_driversupporteject\debug\02_11_dr.354f293e.tlog\stampinf.read.1.tlog
d:\windowsdriverpratice\masm6432\wdmdriver\wdmdriver\02_11_driversupporteject\debug\02_11_dr.354f293e.tlog\stampinf.write.1.tlog
