C51 COMPILER V9.54   IR                                                                    12/03/2024 17:58:28 PAGE 1   


C51 COMPILER V9.54, COMPILATION OF MODULE IR
OBJECT MODULE PLACED IN .\Objects\IR.obj
COMPILER INVOKED BY: C:\Keil_v5\C51\BIN\C51.EXE IR.c OPTIMIZE(8,SPEED) BROWSE DEBUG OBJECTEXTEND PRINT(.\Listings\IR.lst
                    -) TABS(2) OBJECT(.\Objects\IR.obj)

line level    source

   1          /*************************************************
   2          Copyright (C), 2009-2012    , Level Chip Co., Ltd.
   3          文件名:  IR.c
   4          作  者: 钱锐      版本: V0.1.0     新建日期: 2024.12.03
   5          描  述: 红外波数据解析模块
   6          备  注:  
   7          修改记录: 
   8          
   9            1.  日期: 2024.12.03
  10                作者: 钱锐
  11                内容:
  12                    1) 此为模板第一个版本;
  13                版本:V0.1.0
  14          
  15          *************************************************/
  16          
  17          #include <REGX52.H>
  18          
  19          #include "Int0.h"
  20          #include "Timer0.h"
  21          #include "LCD1602.h"
  22          
  23          unsigned int g_unIR_Time = 0;
  24          unsigned char g_uchIR_State = 0;
  25          
  26          unsigned char g_uchIR_Data[4] = { 0 };
  27          unsigned char g_uchIR_DataPos = 0;
  28          
  29          unsigned char g_uchIR_DataFlag = 0;
  30          unsigned char g_uchIR_RepeatFlag = 0;
  31          unsigned char g_uchIR_Address = 0;
  32          unsigned char g_uchIR_Command = 0;
  33          
  34          void IR_Init(void)
  35          {
  36   1        Timer0_Init();
  37   1        Int0_Init();
  38   1      }
  39          /**
  40            * @brief  红外遥控获取收到数据帧标志位
  41            * @param  无
  42            * @retval 是否收到数据帧，1为收到，0为未收到
  43            */
  44          unsigned char IR_GetDataFlag(void)
  45          {
  46   1        if(g_uchIR_DataFlag)
  47   1        {
  48   2          g_uchIR_DataFlag = 0;
  49   2          return 1;
  50   2        }
  51   1        return 0;
  52   1      }
  53          
  54          /**
C51 COMPILER V9.54   IR                                                                    12/03/2024 17:58:28 PAGE 2   

  55            * @brief  红外遥控获取收到连发帧标志位
  56            * @param  无
  57            * @retval 是否收到连发帧，1为收到，0为未收到
  58            */
  59          unsigned char IR_GetRepeatFlag(void)
  60          {
  61   1        if(g_uchIR_RepeatFlag)
  62   1        {
  63   2          g_uchIR_RepeatFlag = 0;
  64   2          return 1;
  65   2        }
  66   1        return 0;
  67   1      }
  68          
  69          /**
  70            * @brief  红外遥控获取收到的地址数据
  71            * @param  无
  72            * @retval 收到的地址数据
  73            */
  74          unsigned char IR_GetAddress(void)
  75          {
  76   1        return g_uchIR_Address;
  77   1      }
  78          
  79          /**
  80            * @brief  红外遥控获取收到的命令数据
  81            * @param  无
  82            * @retval 收到的命令数据
  83            */
  84          unsigned char IR_GetCommand(void)
  85          {
  86   1        return g_uchIR_Command;
  87   1      }
  88          
  89          //红外中断函数模板
  90          void Int0_Routine(void) interrupt 0
  91          {
  92   1          if(g_uchIR_State == 0)
  93   1          {
  94   2            Timer0_SetCounter(0);
  95   2            Timer0_Run(1);
  96   2            g_uchIR_State = 1;
  97   2          }
  98   1          else if(g_uchIR_State == 1)
  99   1          {
 100   2            g_unIR_Time = Timer0_GetCounter();
 101   2            Timer0_SetCounter(0);
 102   2            
 103   2            if(g_unIR_Time > 12442 - 500 && g_unIR_Time < 12442 + 500)
 104   2            {
 105   3              g_uchIR_State = 2;
 106   3            }
 107   2            else if(g_unIR_Time > 10368 - 500 && g_unIR_Time < 10368 + 500)
 108   2            {
 109   3              g_uchIR_RepeatFlag = 1;
 110   3              Timer0_Run(0);
 111   3              g_uchIR_State = 0;
 112   3            }
 113   2            else 
 114   2            {
 115   3              g_uchIR_State = 1;
 116   3            }
C51 COMPILER V9.54   IR                                                                    12/03/2024 17:58:28 PAGE 3   

 117   2          }
 118   1          else if(g_uchIR_State == 2)
 119   1          {
 120   2            P2 = 0;
 121   2            g_unIR_Time = Timer0_GetCounter();
 122   2            Timer0_SetCounter(0);
 123   2            
 124   2            if(g_unIR_Time > 1032 - 500 && g_unIR_Time < 1032 + 500)
 125   2            {
 126   3              g_uchIR_Data[g_uchIR_DataPos / 8] &= ~(0x01 << (g_uchIR_DataPos % 8));
 127   3              g_uchIR_DataPos++;
 128   3            }
 129   2            else if(g_unIR_Time > 2074 - 500 && g_unIR_Time < 2074 + 500)
 130   2            {
 131   3              g_uchIR_Data[g_uchIR_DataPos / 8] |= (0x01 << (g_uchIR_DataPos % 8));
 132   3              g_uchIR_DataPos++;
 133   3            }
 134   2            else 
 135   2            {
 136   3              g_uchIR_DataPos = 0;
 137   3              g_uchIR_State = 1;
 138   3            }
 139   2            
 140   2            if(g_uchIR_DataPos >= 32)     //解析数据结束
 141   2            {
 142   3              g_uchIR_DataPos = 0;
 143   3              if((g_uchIR_Data[0] == ~g_uchIR_Data[1]) && (g_uchIR_Data[2] == ~g_uchIR_Data[3]))
 144   3              {
 145   4                g_uchIR_Address = g_uchIR_Data[0];    //转存数据
 146   4                g_uchIR_Command = g_uchIR_Data[2];
 147   4                g_uchIR_DataFlag = 1;
 148   4              }
 149   3              
 150   3              Timer0_Run(0);
 151   3              g_uchIR_State = 0;
 152   3            }
 153   2          }
 154   1      }
 155          
 156          
 157          
 158          
 159          


MODULE INFORMATION:   STATIC OVERLAYABLE
   CODE SIZE        =    372    ----
   CONSTANT SIZE    =   ----    ----
   XDATA SIZE       =   ----    ----
   PDATA SIZE       =   ----    ----
   DATA SIZE        =     12    ----
   IDATA SIZE       =   ----    ----
   BIT SIZE         =   ----    ----
END OF MODULE INFORMATION.


C51 COMPILATION COMPLETE.  0 WARNING(S),  0 ERROR(S)
