d:\windowsdriverpratice\masm6432\kmdfdiver\09_01_wdfdigitalconver\debug\vc142.pdb
d:\windowsdriverpratice\masm6432\kmdfdiver\09_01_wdfdigitalconver\debug\queue.obj
d:\windowsdriverpratice\masm6432\kmdfdiver\09_01_wdfdigitalconver\debug\driver.obj
d:\windowsdriverpratice\masm6432\kmdfdiver\09_01_wdfdigitalconver\debug\device.obj
d:\windowsdriverpratice\masm6432\kmdfdiver\debug\09_01_wdfdigitalconver\09_01_wdfdigitalconver.cat
d:\windowsdriverpratice\masm6432\kmdfdiver\debug\09_01_wdfdigitalconver.sys
d:\windowsdriverpratice\masm6432\kmdfdiver\debug\09_01_wdfdigitalconver.pdb
d:\windowsdriverpratice\masm6432\kmdfdiver\09_01_wdfdigitalconver\debug\09_01_wdfdigitalconver.inf
d:\windowsdriverpratice\masm6432\kmdfdiver\debug\09_01_wdfdigitalconver.cer
d:\windowsdriverpratice\masm6432\kmdfdiver\debug\09_01_wdfdigitalconver.inf
d:\windowsdriverpratice\masm6432\kmdfdiver\09_01_wdfdigitalconver\debug\09_01_wd.aa8be969.tlog\cl.command.1.tlog
d:\windowsdriverpratice\masm6432\kmdfdiver\09_01_wdfdigitalconver\debug\09_01_wd.aa8be969.tlog\cl.read.1.tlog
d:\windowsdriverpratice\masm6432\kmdfdiver\09_01_wdfdigitalconver\debug\09_01_wd.aa8be969.tlog\cl.write.1.tlog
d:\windowsdriverpratice\masm6432\kmdfdiver\09_01_wdfdigitalconver\debug\09_01_wd.aa8be969.tlog\inf2cat-expand.27476.read.1.tlog
d:\windowsdriverpratice\masm6432\kmdfdiver\09_01_wdfdigitalconver\debug\09_01_wd.aa8be969.tlog\inf2cat-expand.27476.write.1.tlog
d:\windowsdriverpratice\masm6432\kmdfdiver\09_01_wdfdigitalconver\debug\09_01_wd.aa8be969.tlog\inf2cat-expand.54760.read.1.tlog
d:\windowsdriverpratice\masm6432\kmdfdiver\09_01_wdfdigitalconver\debug\09_01_wd.aa8be969.tlog\inf2cat-expand.54760.write.1.tlog
d:\windowsdriverpratice\masm6432\kmdfdiver\09_01_wdfdigitalconver\debug\09_01_wd.aa8be969.tlog\inf2cat-expand.read.1.tlog
d:\windowsdriverpratice\masm6432\kmdfdiver\09_01_wdfdigitalconver\debug\09_01_wd.aa8be969.tlog\inf2cat-expand.write.1.tlog
d:\windowsdriverpratice\masm6432\kmdfdiver\09_01_wdfdigitalconver\debug\09_01_wd.aa8be969.tlog\inf2cat.command.1.tlog
d:\windowsdriverpratice\masm6432\kmdfdiver\09_01_wdfdigitalconver\debug\09_01_wd.aa8be969.tlog\inf2cat.read.1.tlog
d:\windowsdriverpratice\masm6432\kmdfdiver\09_01_wdfdigitalconver\debug\09_01_wd.aa8be969.tlog\inf2cat.write.1.tlog
d:\windowsdriverpratice\masm6432\kmdfdiver\09_01_wdfdigitalconver\debug\09_01_wd.aa8be969.tlog\link.command.1.tlog
d:\windowsdriverpratice\masm6432\kmdfdiver\09_01_wdfdigitalconver\debug\09_01_wd.aa8be969.tlog\link.read.1.tlog
d:\windowsdriverpratice\masm6432\kmdfdiver\09_01_wdfdigitalconver\debug\09_01_wd.aa8be969.tlog\link.write.1.tlog
d:\windowsdriverpratice\masm6432\kmdfdiver\09_01_wdfdigitalconver\debug\09_01_wd.aa8be969.tlog\signtool.command.1.tlog
d:\windowsdriverpratice\masm6432\kmdfdiver\09_01_wdfdigitalconver\debug\09_01_wd.aa8be969.tlog\signtool.read.1.tlog
d:\windowsdriverpratice\masm6432\kmdfdiver\09_01_wdfdigitalconver\debug\09_01_wd.aa8be969.tlog\signtool.timestamp.1.tlog
d:\windowsdriverpratice\masm6432\kmdfdiver\09_01_wdfdigitalconver\debug\09_01_wd.aa8be969.tlog\signtool.write.1.tlog
d:\windowsdriverpratice\masm6432\kmdfdiver\09_01_wdfdigitalconver\debug\09_01_wd.aa8be969.tlog\stampinf.command.1.tlog
d:\windowsdriverpratice\masm6432\kmdfdiver\09_01_wdfdigitalconver\debug\09_01_wd.aa8be969.tlog\stampinf.read.1.tlog
d:\windowsdriverpratice\masm6432\kmdfdiver\09_01_wdfdigitalconver\debug\09_01_wd.aa8be969.tlog\stampinf.write.1.tlog
