C51 COMPILER V9.54   MAIN                                                                  11/12/2024 22:50:54 PAGE 1   


C51 COMPILER V9.54, COMPILATION OF MODULE MAIN
OBJECT MODULE PLACED IN .\Objects\main.obj
COMPILER INVOKED BY: C:\Keil_v5\C51\BIN\C51.EXE main.c OPTIMIZE(8,SPEED) BROWSE DEBUG OBJECTEXTEND PRINT(.\Listings\main
                    -.lst) TABS(2) OBJECT(.\Objects\main.obj)

line level    source

   1          /*************************************************
   2          Copyright (C), 2009-2012    , Level Chip Co., Ltd.
   3          文件名:  main.c
   4          作  者: 钱锐      版本: V0.1.0     新建日期: 2024.11.11
   5          描  述: 实现一个矩阵键盘密码锁
   6          备  注:  
   7          修改记录: 
   8          
   9            1.  日期: 2024.11.11
  10                作者: 钱锐
  11                内容:
  12                    1) 此为模板第一个版本;
  13                版本:V0.1.0
  14          
  15          *************************************************/
  16          
  17          #include <REGX52.H>
  18          #include <INTRINS.H>
  19          
  20          #include "Timer0.h"
  21          #include "LCD1602.h"
  22          
  23          static int g_nSec = 0;      //秒钟
  24          static int g_nMin = 0;      //分钟
  25          static int g_nHour = 0;     //小时
  26          
  27          int main(void)
  28          {
  29   1        int nCurKey = 0;
  30   1        
  31   1        LCD_Init();
  32   1        Timer0_Init();
  33   1        
  34   1        LCD_ShowString(1, 1, "Clock:");
  35   1        LCD_ShowString(2, 1, "  :  :");
  36   1        while(1)
  37   1        {
  38   2          LCD_ShowNum(2, 1, g_nHour, 2);
  39   2          LCD_ShowNum(2, 4, g_nMin, 2);
  40   2          LCD_ShowNum(2, 7, g_nSec, 2);
  41   2        }
  42   1        
  43   1        return 0;
  44   1      }
  45          
  46          void Timer0_Rountime(void) interrupt 1
  47          {
  48   1        static int nCount = 0;
  49   1        
  50   1        nCount++;
  51   1        
  52   1        TL0 = 0x20;   //设置定时初值
  53   1        TH0 = 0xD1;   //设置定时初值
  54   1        
C51 COMPILER V9.54   MAIN                                                                  11/12/2024 22:50:54 PAGE 2   

  55   1        if(nCount >= 1000)
  56   1        {
  57   2          nCount = 0;
  58   2          
  59   2          //累加时间
  60   2          g_nSec++;
  61   2          if(g_nSec>=60)
  62   2          {
  63   3            g_nSec = 0;
  64   3            g_nMin++;
  65   3            if(g_nMin>=60)
  66   3            {
  67   4              g_nMin = 0;
  68   4              g_nHour++;
  69   4              if(g_nHour == 24)
  70   4                g_nHour = 0;
  71   4            }
  72   3          }
  73   2        }
  74   1      }
*** WARNING C294 IN LINE 43 OF main.c: unreachable code


MODULE INFORMATION:   STATIC OVERLAYABLE
   CODE SIZE        =    189    ----
   CONSTANT SIZE    =     14    ----
   XDATA SIZE       =   ----    ----
   PDATA SIZE       =   ----    ----
   DATA SIZE        =      8       2
   IDATA SIZE       =   ----    ----
   BIT SIZE         =   ----    ----
END OF MODULE INFORMATION.


C51 COMPILATION COMPLETE.  1 WARNING(S),  0 ERROR(S)
