10:29:48 INFO  : Registering command handlers for Vitis TCF services
10:29:48 INFO  : Launching XSCT server: xsct.bat -n  -interactive D:\Zynq\vitis\mio_led\vitis\temp_xsdb_launch_script.tcl
10:29:51 INFO  : Platform repository initialization has completed.
10:29:52 INFO  : XSCT server has started successfully.
10:29:52 INFO  : plnx-install-location is set to ''
10:29:52 INFO  : Successfully done setting XSCT server connection channel  
10:29:57 INFO  : Successfully done setting workspace for the tool. 
10:29:57 INFO  : Successfully done query RDI_DATADIR 
10:30:49 INFO  : Result from executing command 'getProjects': system_wrapper
10:30:49 INFO  : Result from executing command 'getPlatforms': 
10:30:49 WARN  : An unexpected exception occurred in the module 'platform project logging'
10:30:49 INFO  : Platform 'system_wrapper' is added to custom repositories.
10:30:57 INFO  : Platform 'system_wrapper' is added to custom repositories.
10:33:14 INFO  : Result from executing command 'getProjects': system_wrapper
10:33:14 INFO  : Result from executing command 'getPlatforms': system_wrapper|D:/Zynq/vitis/mio_led/vitis/system_wrapper/export/system_wrapper/system_wrapper.xpfm
10:33:15 INFO  : Checking for BSP changes to sync application flags for project 'mio_led_reg'...
10:35:34 INFO  : Checking for BSP changes to sync application flags for project 'mio_led_reg'...
10:36:17 INFO  : Connected to target on host '127.0.0.1' and port '3121'.
10:36:35 INFO  : ----------------XSDB Script----------------
connect -url tcp:127.0.0.1:3121
----------------End of Script----------------

10:36:35 ERROR : Could not find ARM device on the board for connection 'Local'.
Check if the target is in:
1. Split JTAG - No operations are possible with ARM DAP.
2. Non JTAG bootmode - Bootrom may need time to enable DAP.
Please try again.


Troubleshooting hints:
1. Check whether board is connected to system properly.
2. In case of zynq board, check whether Digilent/Xilinx cable switch settings are correct.
3. If you are using Xilinx Platform Cable USB, ensure that status LED is green.
10:36:47 INFO  : Connected to target on host '127.0.0.1' and port '3121'.
10:36:47 INFO  : Jtag cable 'Digilent JTAG-SMT2 C306AFE5ABCD' is selected.
10:36:47 INFO  : 'jtag frequency' command is executed.
10:36:47 INFO  : Context for 'APU' is selected.
10:36:47 INFO  : System reset is completed.
10:36:50 INFO  : 'after 3000' command is executed.
10:36:50 INFO  : Context for 'APU' is selected.
10:36:50 INFO  : Hardware design and registers information is loaded from 'D:/Zynq/vitis/mio_led/vitis/system_wrapper/export/system_wrapper/hw/system_wrapper.xsa'.
10:36:50 INFO  : 'configparams force-mem-access 1' command is executed.
10:36:50 INFO  : Context for 'APU' is selected.
10:36:50 INFO  : Sourcing of 'D:/Zynq/vitis/mio_led/vitis/mio_led_reg/_ide/psinit/ps7_init.tcl' is done.
10:36:50 INFO  : 'ps7_init' command is executed.
10:36:51 INFO  : 'ps7_post_config' command is executed.
10:36:51 INFO  : Context for processor 'ps7_cortexa9_0' is selected.
10:36:51 INFO  : The application 'D:/Zynq/vitis/mio_led/vitis/mio_led_reg/Debug/mio_led_reg.elf' is downloaded to processor 'ps7_cortexa9_0'.
10:36:51 INFO  : 'configparams force-mem-access 0' command is executed.
10:36:51 INFO  : ----------------XSDB Script----------------
connect -url tcp:127.0.0.1:3121
targets -set -nocase -filter {name =~"APU*"}
rst -system
after 3000
targets -set -nocase -filter {name =~"APU*"}
loadhw -hw D:/Zynq/vitis/mio_led/vitis/system_wrapper/export/system_wrapper/hw/system_wrapper.xsa -mem-ranges [list {0x40000000 0xbfffffff}] -regs
configparams force-mem-access 1
targets -set -nocase -filter {name =~"APU*"}
source D:/Zynq/vitis/mio_led/vitis/mio_led_reg/_ide/psinit/ps7_init.tcl
ps7_init
ps7_post_config
targets -set -nocase -filter {name =~ "*A9*#0"}
dow D:/Zynq/vitis/mio_led/vitis/mio_led_reg/Debug/mio_led_reg.elf
configparams force-mem-access 0
----------------End of Script----------------

10:36:51 INFO  : Context for processor 'ps7_cortexa9_0' is selected.
10:36:51 INFO  : 'con' command is executed.
10:36:51 INFO  : ----------------XSDB Script (After Launch)----------------
targets -set -nocase -filter {name =~ "*A9*#0"}
con
----------------End of Script----------------

10:36:51 INFO  : Launch script is exported to file 'D:\Zynq\vitis\mio_led\vitis\mio_led_reg_system\_ide\scripts\debugger_mio_led_reg-default.tcl'
10:49:30 INFO  : Checking for BSP changes to sync application flags for project 'mio_led_reg'...
10:49:40 INFO  : Checking for BSP changes to sync application flags for project 'mio_led_reg'...
10:49:57 INFO  : Disconnected from the channel tcfchan#2.
10:49:58 INFO  : Connected to target on host '127.0.0.1' and port '3121'.
10:49:58 INFO  : Jtag cable 'Digilent JTAG-SMT2 C306AFE5ABCD' is selected.
10:49:58 INFO  : 'jtag frequency' command is executed.
10:49:58 INFO  : Context for 'APU' is selected.
10:49:58 INFO  : System reset is completed.
10:50:01 INFO  : 'after 3000' command is executed.
10:50:01 INFO  : Context for 'APU' is selected.
10:50:01 INFO  : Hardware design and registers information is loaded from 'D:/Zynq/vitis/mio_led/vitis/system_wrapper/export/system_wrapper/hw/system_wrapper.xsa'.
10:50:01 INFO  : 'configparams force-mem-access 1' command is executed.
10:50:01 INFO  : Context for 'APU' is selected.
10:50:01 INFO  : Sourcing of 'D:/Zynq/vitis/mio_led/vitis/mio_led_reg/_ide/psinit/ps7_init.tcl' is done.
10:50:01 INFO  : 'ps7_init' command is executed.
10:50:01 INFO  : 'ps7_post_config' command is executed.
10:50:01 INFO  : Context for processor 'ps7_cortexa9_0' is selected.
10:50:02 INFO  : The application 'D:/Zynq/vitis/mio_led/vitis/mio_led_reg/Debug/mio_led_reg.elf' is downloaded to processor 'ps7_cortexa9_0'.
10:50:02 INFO  : 'configparams force-mem-access 0' command is executed.
10:50:02 INFO  : ----------------XSDB Script----------------
connect -url tcp:127.0.0.1:3121
targets -set -nocase -filter {name =~"APU*"}
rst -system
after 3000
targets -set -nocase -filter {name =~"APU*"}
loadhw -hw D:/Zynq/vitis/mio_led/vitis/system_wrapper/export/system_wrapper/hw/system_wrapper.xsa -mem-ranges [list {0x40000000 0xbfffffff}] -regs
configparams force-mem-access 1
targets -set -nocase -filter {name =~"APU*"}
source D:/Zynq/vitis/mio_led/vitis/mio_led_reg/_ide/psinit/ps7_init.tcl
ps7_init
ps7_post_config
targets -set -nocase -filter {name =~ "*A9*#0"}
dow D:/Zynq/vitis/mio_led/vitis/mio_led_reg/Debug/mio_led_reg.elf
configparams force-mem-access 0
----------------End of Script----------------

10:50:02 INFO  : Context for processor 'ps7_cortexa9_0' is selected.
10:50:02 INFO  : 'con' command is executed.
10:50:02 INFO  : ----------------XSDB Script (After Launch)----------------
targets -set -nocase -filter {name =~ "*A9*#0"}
con
----------------End of Script----------------

10:50:02 INFO  : Launch script is exported to file 'D:\Zynq\vitis\mio_led\vitis\mio_led_reg_system\_ide\scripts\debugger_mio_led_reg-default.tcl'
10:53:11 INFO  : Checking for BSP changes to sync application flags for project 'mio_led_reg'...
10:53:19 INFO  : Disconnected from the channel tcfchan#3.
10:53:20 INFO  : Connected to target on host '127.0.0.1' and port '3121'.
10:53:21 INFO  : Jtag cable 'Digilent JTAG-SMT2 C306AFE5ABCD' is selected.
10:53:21 INFO  : 'jtag frequency' command is executed.
10:53:21 INFO  : Context for 'APU' is selected.
10:53:21 INFO  : System reset is completed.
10:53:24 INFO  : 'after 3000' command is executed.
10:53:24 INFO  : Context for 'APU' is selected.
10:53:24 INFO  : Hardware design and registers information is loaded from 'D:/Zynq/vitis/mio_led/vitis/system_wrapper/export/system_wrapper/hw/system_wrapper.xsa'.
10:53:24 INFO  : 'configparams force-mem-access 1' command is executed.
10:53:24 INFO  : Context for 'APU' is selected.
10:53:24 INFO  : Sourcing of 'D:/Zynq/vitis/mio_led/vitis/mio_led_reg/_ide/psinit/ps7_init.tcl' is done.
10:53:24 INFO  : 'ps7_init' command is executed.
10:53:24 INFO  : 'ps7_post_config' command is executed.
10:53:24 INFO  : Context for processor 'ps7_cortexa9_0' is selected.
10:53:24 INFO  : The application 'D:/Zynq/vitis/mio_led/vitis/mio_led_reg/Debug/mio_led_reg.elf' is downloaded to processor 'ps7_cortexa9_0'.
10:53:24 INFO  : 'configparams force-mem-access 0' command is executed.
10:53:24 INFO  : ----------------XSDB Script----------------
connect -url tcp:127.0.0.1:3121
targets -set -nocase -filter {name =~"APU*"}
rst -system
after 3000
targets -set -nocase -filter {name =~"APU*"}
loadhw -hw D:/Zynq/vitis/mio_led/vitis/system_wrapper/export/system_wrapper/hw/system_wrapper.xsa -mem-ranges [list {0x40000000 0xbfffffff}] -regs
configparams force-mem-access 1
targets -set -nocase -filter {name =~"APU*"}
source D:/Zynq/vitis/mio_led/vitis/mio_led_reg/_ide/psinit/ps7_init.tcl
ps7_init
ps7_post_config
targets -set -nocase -filter {name =~ "*A9*#0"}
dow D:/Zynq/vitis/mio_led/vitis/mio_led_reg/Debug/mio_led_reg.elf
configparams force-mem-access 0
----------------End of Script----------------

10:53:24 INFO  : Context for processor 'ps7_cortexa9_0' is selected.
10:53:25 INFO  : 'con' command is executed.
10:53:25 INFO  : ----------------XSDB Script (After Launch)----------------
targets -set -nocase -filter {name =~ "*A9*#0"}
con
----------------End of Script----------------

10:53:25 INFO  : Launch script is exported to file 'D:\Zynq\vitis\mio_led\vitis\mio_led_reg_system\_ide\scripts\debugger_mio_led_reg-default.tcl'
10:53:36 INFO  : Checking for BSP changes to sync application flags for project 'mio_led_reg'...
10:54:55 INFO  : Checking for BSP changes to sync application flags for project 'mio_led_reg'...
10:55:01 INFO  : Disconnected from the channel tcfchan#4.
10:55:02 INFO  : Connected to target on host '127.0.0.1' and port '3121'.
10:55:02 INFO  : Jtag cable 'Digilent JTAG-SMT2 C306AFE5ABCD' is selected.
10:55:02 INFO  : 'jtag frequency' command is executed.
10:55:02 INFO  : Context for 'APU' is selected.
10:55:02 INFO  : System reset is completed.
10:55:05 INFO  : 'after 3000' command is executed.
10:55:05 INFO  : Context for 'APU' is selected.
10:55:05 INFO  : Hardware design and registers information is loaded from 'D:/Zynq/vitis/mio_led/vitis/system_wrapper/export/system_wrapper/hw/system_wrapper.xsa'.
10:55:05 INFO  : 'configparams force-mem-access 1' command is executed.
10:55:05 INFO  : Context for 'APU' is selected.
10:55:05 INFO  : Sourcing of 'D:/Zynq/vitis/mio_led/vitis/mio_led_reg/_ide/psinit/ps7_init.tcl' is done.
10:55:05 INFO  : 'ps7_init' command is executed.
10:55:05 INFO  : 'ps7_post_config' command is executed.
10:55:05 INFO  : Context for processor 'ps7_cortexa9_0' is selected.
10:55:05 INFO  : The application 'D:/Zynq/vitis/mio_led/vitis/mio_led_reg/Debug/mio_led_reg.elf' is downloaded to processor 'ps7_cortexa9_0'.
10:55:05 INFO  : 'configparams force-mem-access 0' command is executed.
10:55:05 INFO  : ----------------XSDB Script----------------
connect -url tcp:127.0.0.1:3121
targets -set -nocase -filter {name =~"APU*"}
rst -system
after 3000
targets -set -nocase -filter {name =~"APU*"}
loadhw -hw D:/Zynq/vitis/mio_led/vitis/system_wrapper/export/system_wrapper/hw/system_wrapper.xsa -mem-ranges [list {0x40000000 0xbfffffff}] -regs
configparams force-mem-access 1
targets -set -nocase -filter {name =~"APU*"}
source D:/Zynq/vitis/mio_led/vitis/mio_led_reg/_ide/psinit/ps7_init.tcl
ps7_init
ps7_post_config
targets -set -nocase -filter {name =~ "*A9*#0"}
dow D:/Zynq/vitis/mio_led/vitis/mio_led_reg/Debug/mio_led_reg.elf
configparams force-mem-access 0
----------------End of Script----------------

10:55:06 INFO  : Context for processor 'ps7_cortexa9_0' is selected.
10:55:06 INFO  : 'con' command is executed.
10:55:06 INFO  : ----------------XSDB Script (After Launch)----------------
targets -set -nocase -filter {name =~ "*A9*#0"}
con
----------------End of Script----------------

10:55:06 INFO  : Launch script is exported to file 'D:\Zynq\vitis\mio_led\vitis\mio_led_reg_system\_ide\scripts\debugger_mio_led_reg-default.tcl'
10:55:30 INFO  : Checking for BSP changes to sync application flags for project 'mio_led_reg'...
10:55:35 INFO  : Disconnected from the channel tcfchan#5.
10:55:36 INFO  : Connected to target on host '127.0.0.1' and port '3121'.
10:55:36 INFO  : Jtag cable 'Digilent JTAG-SMT2 C306AFE5ABCD' is selected.
10:55:36 INFO  : 'jtag frequency' command is executed.
10:55:36 INFO  : Context for 'APU' is selected.
10:55:36 INFO  : System reset is completed.
10:55:39 INFO  : 'after 3000' command is executed.
10:55:39 INFO  : Context for 'APU' is selected.
10:55:39 INFO  : Hardware design and registers information is loaded from 'D:/Zynq/vitis/mio_led/vitis/system_wrapper/export/system_wrapper/hw/system_wrapper.xsa'.
10:55:39 INFO  : 'configparams force-mem-access 1' command is executed.
10:55:39 INFO  : Context for 'APU' is selected.
10:55:39 INFO  : Sourcing of 'D:/Zynq/vitis/mio_led/vitis/mio_led_reg/_ide/psinit/ps7_init.tcl' is done.
10:55:39 INFO  : 'ps7_init' command is executed.
10:55:39 INFO  : 'ps7_post_config' command is executed.
10:55:39 INFO  : Context for processor 'ps7_cortexa9_0' is selected.
10:55:39 INFO  : The application 'D:/Zynq/vitis/mio_led/vitis/mio_led_reg/Debug/mio_led_reg.elf' is downloaded to processor 'ps7_cortexa9_0'.
10:55:39 INFO  : 'configparams force-mem-access 0' command is executed.
10:55:39 INFO  : ----------------XSDB Script----------------
connect -url tcp:127.0.0.1:3121
targets -set -nocase -filter {name =~"APU*"}
rst -system
after 3000
targets -set -nocase -filter {name =~"APU*"}
loadhw -hw D:/Zynq/vitis/mio_led/vitis/system_wrapper/export/system_wrapper/hw/system_wrapper.xsa -mem-ranges [list {0x40000000 0xbfffffff}] -regs
configparams force-mem-access 1
targets -set -nocase -filter {name =~"APU*"}
source D:/Zynq/vitis/mio_led/vitis/mio_led_reg/_ide/psinit/ps7_init.tcl
ps7_init
ps7_post_config
targets -set -nocase -filter {name =~ "*A9*#0"}
dow D:/Zynq/vitis/mio_led/vitis/mio_led_reg/Debug/mio_led_reg.elf
configparams force-mem-access 0
----------------End of Script----------------

10:55:40 INFO  : Context for processor 'ps7_cortexa9_0' is selected.
10:55:40 INFO  : 'con' command is executed.
10:55:40 INFO  : ----------------XSDB Script (After Launch)----------------
targets -set -nocase -filter {name =~ "*A9*#0"}
con
----------------End of Script----------------

10:55:40 INFO  : Launch script is exported to file 'D:\Zynq\vitis\mio_led\vitis\mio_led_reg_system\_ide\scripts\debugger_mio_led_reg-default.tcl'
10:56:26 INFO  : Checking for BSP changes to sync application flags for project 'mio_led_reg'...
10:56:31 INFO  : Disconnected from the channel tcfchan#6.
10:56:32 INFO  : Connected to target on host '127.0.0.1' and port '3121'.
10:56:32 INFO  : Jtag cable 'Digilent JTAG-SMT2 C306AFE5ABCD' is selected.
10:56:32 INFO  : 'jtag frequency' command is executed.
10:56:32 INFO  : Context for 'APU' is selected.
10:56:32 INFO  : System reset is completed.
10:56:35 INFO  : 'after 3000' command is executed.
10:56:35 INFO  : Context for 'APU' is selected.
10:56:35 INFO  : Hardware design and registers information is loaded from 'D:/Zynq/vitis/mio_led/vitis/system_wrapper/export/system_wrapper/hw/system_wrapper.xsa'.
10:56:35 INFO  : 'configparams force-mem-access 1' command is executed.
10:56:35 INFO  : Context for 'APU' is selected.
10:56:35 INFO  : Sourcing of 'D:/Zynq/vitis/mio_led/vitis/mio_led_reg/_ide/psinit/ps7_init.tcl' is done.
10:56:35 INFO  : 'ps7_init' command is executed.
10:56:35 INFO  : 'ps7_post_config' command is executed.
10:56:35 INFO  : Context for processor 'ps7_cortexa9_0' is selected.
10:56:36 INFO  : The application 'D:/Zynq/vitis/mio_led/vitis/mio_led_reg/Debug/mio_led_reg.elf' is downloaded to processor 'ps7_cortexa9_0'.
10:56:36 INFO  : 'configparams force-mem-access 0' command is executed.
10:56:36 INFO  : ----------------XSDB Script----------------
connect -url tcp:127.0.0.1:3121
targets -set -nocase -filter {name =~"APU*"}
rst -system
after 3000
targets -set -nocase -filter {name =~"APU*"}
loadhw -hw D:/Zynq/vitis/mio_led/vitis/system_wrapper/export/system_wrapper/hw/system_wrapper.xsa -mem-ranges [list {0x40000000 0xbfffffff}] -regs
configparams force-mem-access 1
targets -set -nocase -filter {name =~"APU*"}
source D:/Zynq/vitis/mio_led/vitis/mio_led_reg/_ide/psinit/ps7_init.tcl
ps7_init
ps7_post_config
targets -set -nocase -filter {name =~ "*A9*#0"}
dow D:/Zynq/vitis/mio_led/vitis/mio_led_reg/Debug/mio_led_reg.elf
configparams force-mem-access 0
----------------End of Script----------------

10:56:36 INFO  : Context for processor 'ps7_cortexa9_0' is selected.
10:56:36 INFO  : 'con' command is executed.
10:56:36 INFO  : ----------------XSDB Script (After Launch)----------------
targets -set -nocase -filter {name =~ "*A9*#0"}
con
----------------End of Script----------------

10:56:36 INFO  : Launch script is exported to file 'D:\Zynq\vitis\mio_led\vitis\mio_led_reg_system\_ide\scripts\debugger_mio_led_reg-default.tcl'
10:59:23 INFO  : Checking for BSP changes to sync application flags for project 'mio_led_reg'...
10:59:28 INFO  : Disconnected from the channel tcfchan#7.
