C51 COMPILER V9.54   MAIN                                                                  11/10/2024 18:13:16 PAGE 1   


C51 COMPILER V9.54, COMPILATION OF MODULE MAIN
OBJECT MODULE PLACED IN .\Objects\main.obj
COMPILER INVOKED BY: C:\Keil_v5\C51\BIN\C51.EXE main.c OPTIMIZE(8,SPEED) BROWSE DEBUG OBJECTEXTEND PRINT(.\Listings\main
                    -.lst) TABS(2) OBJECT(.\Objects\main.obj)

line level    source

   1          /*************************************************
   2          Copyright (C), 2009-2012    , Level Chip Co., Ltd.
   3          文件名: mainwindow.h
   4          作  者: 钱锐      版本: V0.1.0     新建日期: 2024.11.10
   5          描  述: 独立按键控制LED状态,使用软件消抖
   6          备  注:  
   7          修改记录: 
   8          
   9            1.  日期: 2024.11.10
  10                作者: 钱锐
  11                内容:
  12                    1) 此为模板第一个版本;
  13                版本:V0.1.0
  14          
  15          *************************************************/
  16          #include <REGX52.H>
  17          
  18          void Delay(unsigned int _Ms)    //@12.000MHz
  19          {
  20   1        unsigned char i, j;
  21   1      
  22   1        while(_Ms--)
  23   1        {
  24   2          i = 2;
  25   2          j = 239;
  26   2          do
  27   2          {
  28   3            while (--j);
  29   3          } while (--i);
  30   2        }
  31   1      }
  32          
  33          int main(void)
  34          {
  35   1          while(1)
  36   1          {
  37   2            if(P3_1 == 0)
  38   2            {
  39   3              Delay(20);
  40   3              while(P3_1==0);
  41   3              Delay(20);
  42   3              P2_0 = ~P2_0;
  43   3            }
  44   2          }
  45   1      }


MODULE INFORMATION:   STATIC OVERLAYABLE
   CODE SIZE        =     45    ----
   CONSTANT SIZE    =   ----    ----
   XDATA SIZE       =   ----    ----
   PDATA SIZE       =   ----    ----
   DATA SIZE        =   ----    ----
   IDATA SIZE       =   ----    ----
C51 COMPILER V9.54   MAIN                                                                  11/10/2024 18:13:16 PAGE 2   

   BIT SIZE         =   ----    ----
END OF MODULE INFORMATION.


C51 COMPILATION COMPLETE.  0 WARNING(S),  0 ERROR(S)
