C51 COMPILER V9.54   MATRIXKEY                                                             11/12/2024 22:50:07 PAGE 1   


C51 COMPILER V9.54, COMPILATION OF MODULE MATRIXKEY
OBJECT MODULE PLACED IN .\Objects\MatrixKey.obj
COMPILER INVOKED BY: C:\Keil_v5\C51\BIN\C51.EXE MatrixKey.c OPTIMIZE(8,SPEED) BROWSE DEBUG OBJECTEXTEND PRINT(.\Listings
                    -\MatrixKey.lst) TABS(2) OBJECT(.\Objects\MatrixKey.obj)

line level    source

   1          /*************************************************
   2          Copyright (C), 2009-2012    , Level Chip Co., Ltd.
   3          文件名:  Delay.h
   4          作  者: 钱锐      版本: V0.1.0     新建日期: 2024.11.11
   5          描  述: 读取矩阵键盘输入模块
   6          备  注:  
   7          修改记录: 
   8          
   9            1.  日期: 2024.11.11
  10                作者: 钱锐
  11                内容:
  12                    1) 此为模板第一个版本;
  13                版本:V0.1.0
  14          
  15          *************************************************/
  16          
  17          #include <REGX52.H>
  18          
  19          #include "MatrixKey.h"
  20          #include "Delay.h"
  21          
  22          int GetCurMatrixKeyInput(void)
  23          {
  24   1        int nCurKey = 0;      //当前被按下的键盘值
  25   1        
  26   1        P1 = 0xFF;
  27   1        P1_3 = 0;
  28   1        if(P1_7==0) { Delay(20); while(P1_7==0); Delay(20); nCurKey = 1; }
  29   1        if(P1_6==0) { Delay(20); while(P1_6==0); Delay(20); nCurKey = 5; }
  30   1        if(P1_5==0) { Delay(20); while(P1_5==0); Delay(20); nCurKey = 9; }
  31   1        if(P1_4==0) { Delay(20); while(P1_4==0); Delay(20); nCurKey = 13; }
  32   1          
  33   1        P1 = 0xFF;
  34   1        P1_2 = 0;
  35   1        if(P1_7==0) { Delay(20); while(P1_7==0); Delay(20); nCurKey = 2; }
  36   1        if(P1_6==0) { Delay(20); while(P1_6==0); Delay(20); nCurKey = 6; }
  37   1        if(P1_5==0) { Delay(20); while(P1_5==0); Delay(20); nCurKey = 10; }
  38   1        if(P1_4==0) { Delay(20); while(P1_4==0); Delay(20); nCurKey = 14; }
  39   1          
  40   1        P1 = 0xFF;
  41   1        P1_1 = 0;
  42   1        if(P1_7==0) { Delay(20); while(P1_7==0); Delay(20); nCurKey = 3; }
  43   1        if(P1_6==0) { Delay(20); while(P1_6==0); Delay(20); nCurKey = 7; }
  44   1        if(P1_5==0) { Delay(20); while(P1_5==0); Delay(20); nCurKey = 11; }
  45   1        if(P1_4==0) { Delay(20); while(P1_4==0); Delay(20); nCurKey = 15; }
  46   1          
  47   1        P1 = 0xFF;
  48   1        P1_0 = 0;
  49   1        if(P1_7==0) { Delay(20); while(P1_7==0); Delay(20); nCurKey = 4; }
  50   1        if(P1_6==0) { Delay(20); while(P1_6==0); Delay(20); nCurKey = 8; }
  51   1        if(P1_5==0) { Delay(20); while(P1_5==0); Delay(20); nCurKey = 12; }
  52   1        if(P1_4==0) { Delay(20); while(P1_4==0); Delay(20); nCurKey = 16; }
  53   1        
  54   1        return nCurKey;
C51 COMPILER V9.54   MATRIXKEY                                                             11/12/2024 22:50:07 PAGE 2   

  55   1      }


MODULE INFORMATION:   STATIC OVERLAYABLE
   CODE SIZE        =    445    ----
   CONSTANT SIZE    =   ----    ----
   XDATA SIZE       =   ----    ----
   PDATA SIZE       =   ----    ----
   DATA SIZE        =   ----       2
   IDATA SIZE       =   ----    ----
   BIT SIZE         =   ----    ----
END OF MODULE INFORMATION.


C51 COMPILATION COMPLETE.  0 WARNING(S),  0 ERROR(S)
