16:35:47 INFO  : Launching XSCT server: xsct.bat -n  -interactive D:\Zynq\vitis\version_2020\dual_core_amp_system\vivado\vitis\temp_xsdb_launch_script.tcl
16:35:48 INFO  : Registering command handlers for Vitis TCF services
16:35:49 INFO  : Platform repository initialization has completed.
16:35:49 INFO  : XSCT server has started successfully.
16:35:50 INFO  : plnx-install-location is set to ''
16:35:50 INFO  : Successfully done setting XSCT server connection channel  
16:35:50 INFO  : Successfully done setting workspace for the tool. 
16:35:50 INFO  : Successfully done query RDI_DATADIR 
16:37:02 INFO  : Result from executing command 'getProjects': system_wrapper
16:37:02 INFO  : Result from executing command 'getPlatforms': 
16:37:02 WARN  : An unexpected exception occurred in the module 'platform project logging'
16:37:02 INFO  : Platform 'system_wrapper' is added to custom repositories.
16:37:07 INFO  : Platform 'system_wrapper' is added to custom repositories.
16:38:49 INFO  : Result from executing command 'getProjects': system_wrapper
16:38:49 INFO  : Result from executing command 'getPlatforms': system_wrapper|D:/Zynq/vitis/version_2020/dual_core_amp_system/vivado/vitis/system_wrapper/export/system_wrapper/system_wrapper.xpfm
16:40:07 INFO  : Result from executing command 'getProjects': system_wrapper
16:40:07 INFO  : Result from executing command 'getPlatforms': system_wrapper|D:/Zynq/vitis/version_2020/dual_core_amp_system/vivado/vitis/system_wrapper/export/system_wrapper/system_wrapper.xpfm
16:45:00 INFO  : Checking for BSP changes to sync application flags for project 'cpu0_uart'...
16:45:08 INFO  : Checking for BSP changes to sync application flags for project 'cpu1_led'...
16:45:33 INFO  : Checking for BSP changes to sync application flags for project 'cpu0_uart'...
16:45:37 INFO  : Checking for BSP changes to sync application flags for project 'cpu1_led'...
16:50:11 INFO  : Launching XSCT server: xsct.bat -n  -interactive D:\Zynq\vitis\version_2020\dual_core_amp_system\vivado\vitis\temp_xsdb_launch_script.tcl
16:50:13 INFO  : XSCT server has started successfully.
16:50:13 INFO  : plnx-install-location is set to ''
16:50:13 INFO  : Successfully done setting XSCT server connection channel  
16:50:13 INFO  : Successfully done setting workspace for the tool. 
16:50:15 INFO  : Platform repository initialization has completed.
16:50:15 INFO  : Successfully done query RDI_DATADIR 
16:50:15 INFO  : Registering command handlers for Vitis TCF services
