C51 COMPILER V9.54   MAIN                                                                  11/25/2024 00:20:21 PAGE 1   


C51 COMPILER V9.54, COMPILATION OF MODULE MAIN
OBJECT MODULE PLACED IN .\Objects\main.obj
COMPILER INVOKED BY: C:\Keil_v5\C51\BIN\C51.EXE main.c OPTIMIZE(8,SPEED) BROWSE DEBUG OBJECTEXTEND PRINT(.\Listings\main
                    -.lst) TABS(2) OBJECT(.\Objects\main.obj)

line level    source

   1          /*************************************************
   2          Copyright (C), 2009-2012    , Level Chip Co., Ltd.
   3          文件名:  Buzzer.c
   4          作  者: 钱锐      版本: V0.1.0     新建日期: 2024.11.24
   5          描  述: 使用I2C总线控制AT24C02进行数据读写;AT24C02为E²PROM
   6          备  注:  
   7          修改记录: 
   8          
   9            1.  日期: 2024.11.24
  10                作者: 钱锐
  11                内容:
  12                    1) 此为模板第一个版本;
  13                版本:V0.1.0
  14          
  15          *************************************************/
  16          
  17          #include "AT24C02.h"
  18          #include "LCD1602.h"
  19          #include "Key.h"
  20          #include "Delay.h"
  21          
  22          int main(void)
  23          {
  24   1        unsigned int unCurNum = 0;        //当前数值
  25   1        unsigned char uchCurKey = 0;      //当前输入独立按键
  26   1        
  27   1        LCD_Init();
  28   1        LCD_ShowNum(1, 1, unCurNum, 5);
  29   1        
  30   1        while(1)
  31   1        {
  32   2          uchCurKey = GetCurKey();
  33   2          if(uchCurKey == 1)
  34   2          {
  35   3            unCurNum++;
  36   3            LCD_ShowNum(1, 1, unCurNum, 5);
  37   3          }
  38   2          else if(uchCurKey == 2)
  39   2          {
  40   3            unCurNum--;
  41   3            LCD_ShowNum(1, 1, unCurNum, 5);
  42   3          }
  43   2          else if(uchCurKey == 3)
  44   2          {
  45   3            AT24C02_WriteByte(0, unCurNum % 256);
  46   3            AT24C02_WriteByte(1, unCurNum / 256);
  47   3            
  48   3            LCD_ShowString(2, 1, "Write ok");
  49   3            Delay(1000);
  50   3            LCD_ShowString(2, 1, "        ");
  51   3          }
  52   2          else if(uchCurKey == 4)
  53   2          {
  54   3            unCurNum = AT24C02_ReadByte(0);
C51 COMPILER V9.54   MAIN                                                                  11/25/2024 00:20:21 PAGE 2   

  55   3            unCurNum += AT24C02_ReadByte(1) * 256;
  56   3            
  57   3            LCD_ShowNum(1, 1, unCurNum, 5);
  58   3            
  59   3            LCD_ShowString(2, 1, "Read ok");
  60   3            Delay(1000);
  61   3            LCD_ShowString(2, 1, "        ");
  62   3          }
  63   2          else {}
  64   2        };
  65   1        
  66   1        return 0;
  67   1      }
*** WARNING C294 IN LINE 66 OF main.c: unreachable code


MODULE INFORMATION:   STATIC OVERLAYABLE
   CODE SIZE        =    174    ----
   CONSTANT SIZE    =     26    ----
   XDATA SIZE       =   ----    ----
   PDATA SIZE       =   ----    ----
   DATA SIZE        =   ----       3
   IDATA SIZE       =   ----    ----
   BIT SIZE         =   ----    ----
END OF MODULE INFORMATION.


C51 COMPILATION COMPLETE.  1 WARNING(S),  0 ERROR(S)
