d:\windowsdriverpratice\masm6432\wdmdriver\wdmdriver\02_06_pnphandle\debug\vc142.pdb
d:\windowsdriverpratice\masm6432\wdmdriver\wdmdriver\02_06_pnphandle\debug\main.obj
d:\windowsdriverpratice\masm6432\wdmdriver\wdmdriver\debug\02_06_pnphandle.sys
d:\windowsdriverpratice\masm6432\wdmdriver\wdmdriver\debug\02_06_pnphandle.pdb
d:\windowsdriverpratice\masm6432\wdmdriver\wdmdriver\02_06_pnphandle\debug\02_06_pnphandle.inf
d:\windowsdriverpratice\masm6432\wdmdriver\wdmdriver\debug\02_06_pnphandle.cer
d:\windowsdriverpratice\masm6432\wdmdriver\wdmdriver\debug\02_06_pnphandle.inf
d:\windowsdriverpratice\masm6432\wdmdriver\wdmdriver\02_06_pnphandle\debug\02_06_pnphandle.tlog\cl.command.1.tlog
d:\windowsdriverpratice\masm6432\wdmdriver\wdmdriver\02_06_pnphandle\debug\02_06_pnphandle.tlog\cl.read.1.tlog
d:\windowsdriverpratice\masm6432\wdmdriver\wdmdriver\02_06_pnphandle\debug\02_06_pnphandle.tlog\cl.write.1.tlog
d:\windowsdriverpratice\masm6432\wdmdriver\wdmdriver\02_06_pnphandle\debug\02_06_pnphandle.tlog\link.command.1.tlog
d:\windowsdriverpratice\masm6432\wdmdriver\wdmdriver\02_06_pnphandle\debug\02_06_pnphandle.tlog\link.read.1.tlog
d:\windowsdriverpratice\masm6432\wdmdriver\wdmdriver\02_06_pnphandle\debug\02_06_pnphandle.tlog\link.write.1.tlog
d:\windowsdriverpratice\masm6432\wdmdriver\wdmdriver\02_06_pnphandle\debug\02_06_pnphandle.tlog\signtool.command.1.tlog
d:\windowsdriverpratice\masm6432\wdmdriver\wdmdriver\02_06_pnphandle\debug\02_06_pnphandle.tlog\signtool.read.1.tlog
d:\windowsdriverpratice\masm6432\wdmdriver\wdmdriver\02_06_pnphandle\debug\02_06_pnphandle.tlog\signtool.timestamp.1.tlog
d:\windowsdriverpratice\masm6432\wdmdriver\wdmdriver\02_06_pnphandle\debug\02_06_pnphandle.tlog\signtool.write.1.tlog
d:\windowsdriverpratice\masm6432\wdmdriver\wdmdriver\02_06_pnphandle\debug\02_06_pnphandle.tlog\stampinf.command.1.tlog
d:\windowsdriverpratice\masm6432\wdmdriver\wdmdriver\02_06_pnphandle\debug\02_06_pnphandle.tlog\stampinf.read.1.tlog
d:\windowsdriverpratice\masm6432\wdmdriver\wdmdriver\02_06_pnphandle\debug\02_06_pnphandle.tlog\stampinf.write.1.tlog
