d:\windowsdriverpratice\masm6432\kmdfdiver\05_wdfpnp\debug\vc142.pdb
d:\windowsdriverpratice\masm6432\kmdfdiver\05_wdfpnp\debug\queue.obj
d:\windowsdriverpratice\masm6432\kmdfdiver\05_wdfpnp\debug\driver.obj
d:\windowsdriverpratice\masm6432\kmdfdiver\05_wdfpnp\debug\device.obj
d:\windowsdriverpratice\masm6432\kmdfdiver\debug\05_wdfpnp\05_wdfpnp.cat
d:\windowsdriverpratice\masm6432\kmdfdiver\debug\05_wdfpnp.sys
d:\windowsdriverpratice\masm6432\kmdfdiver\debug\05_wdfpnp.pdb
d:\windowsdriverpratice\masm6432\kmdfdiver\05_wdfpnp\debug\05_wdfpnp.inf
d:\windowsdriverpratice\masm6432\kmdfdiver\debug\05_wdfpnp.cer
d:\windowsdriverpratice\masm6432\kmdfdiver\debug\05_wdfpnp.inf
d:\windowsdriverpratice\masm6432\kmdfdiver\05_wdfpnp\debug\05_wdfpnp.tlog\cl.command.1.tlog
d:\windowsdriverpratice\masm6432\kmdfdiver\05_wdfpnp\debug\05_wdfpnp.tlog\cl.read.1.tlog
d:\windowsdriverpratice\masm6432\kmdfdiver\05_wdfpnp\debug\05_wdfpnp.tlog\cl.write.1.tlog
d:\windowsdriverpratice\masm6432\kmdfdiver\05_wdfpnp\debug\05_wdfpnp.tlog\inf2cat-expand.41252.read.1.tlog
d:\windowsdriverpratice\masm6432\kmdfdiver\05_wdfpnp\debug\05_wdfpnp.tlog\inf2cat-expand.41252.write.1.tlog
d:\windowsdriverpratice\masm6432\kmdfdiver\05_wdfpnp\debug\05_wdfpnp.tlog\inf2cat-expand.42652.read.1.tlog
d:\windowsdriverpratice\masm6432\kmdfdiver\05_wdfpnp\debug\05_wdfpnp.tlog\inf2cat-expand.42652.write.1.tlog
d:\windowsdriverpratice\masm6432\kmdfdiver\05_wdfpnp\debug\05_wdfpnp.tlog\inf2cat-expand.62084.read.1.tlog
d:\windowsdriverpratice\masm6432\kmdfdiver\05_wdfpnp\debug\05_wdfpnp.tlog\inf2cat-expand.62084.write.1.tlog
d:\windowsdriverpratice\masm6432\kmdfdiver\05_wdfpnp\debug\05_wdfpnp.tlog\inf2cat-expand.64828.read.1.tlog
d:\windowsdriverpratice\masm6432\kmdfdiver\05_wdfpnp\debug\05_wdfpnp.tlog\inf2cat-expand.64828.write.1.tlog
d:\windowsdriverpratice\masm6432\kmdfdiver\05_wdfpnp\debug\05_wdfpnp.tlog\inf2cat-expand.66068.read.1.tlog
d:\windowsdriverpratice\masm6432\kmdfdiver\05_wdfpnp\debug\05_wdfpnp.tlog\inf2cat-expand.66068.write.1.tlog
d:\windowsdriverpratice\masm6432\kmdfdiver\05_wdfpnp\debug\05_wdfpnp.tlog\inf2cat-expand.read.1.tlog
d:\windowsdriverpratice\masm6432\kmdfdiver\05_wdfpnp\debug\05_wdfpnp.tlog\inf2cat-expand.write.1.tlog
d:\windowsdriverpratice\masm6432\kmdfdiver\05_wdfpnp\debug\05_wdfpnp.tlog\inf2cat.command.1.tlog
d:\windowsdriverpratice\masm6432\kmdfdiver\05_wdfpnp\debug\05_wdfpnp.tlog\inf2cat.read.1.tlog
d:\windowsdriverpratice\masm6432\kmdfdiver\05_wdfpnp\debug\05_wdfpnp.tlog\inf2cat.write.1.tlog
d:\windowsdriverpratice\masm6432\kmdfdiver\05_wdfpnp\debug\05_wdfpnp.tlog\link.command.1.tlog
d:\windowsdriverpratice\masm6432\kmdfdiver\05_wdfpnp\debug\05_wdfpnp.tlog\link.read.1.tlog
d:\windowsdriverpratice\masm6432\kmdfdiver\05_wdfpnp\debug\05_wdfpnp.tlog\link.write.1.tlog
d:\windowsdriverpratice\masm6432\kmdfdiver\05_wdfpnp\debug\05_wdfpnp.tlog\signtool.command.1.tlog
d:\windowsdriverpratice\masm6432\kmdfdiver\05_wdfpnp\debug\05_wdfpnp.tlog\signtool.read.1.tlog
d:\windowsdriverpratice\masm6432\kmdfdiver\05_wdfpnp\debug\05_wdfpnp.tlog\signtool.timestamp.1.tlog
d:\windowsdriverpratice\masm6432\kmdfdiver\05_wdfpnp\debug\05_wdfpnp.tlog\signtool.write.1.tlog
d:\windowsdriverpratice\masm6432\kmdfdiver\05_wdfpnp\debug\05_wdfpnp.tlog\stampinf.command.1.tlog
d:\windowsdriverpratice\masm6432\kmdfdiver\05_wdfpnp\debug\05_wdfpnp.tlog\stampinf.read.1.tlog
d:\windowsdriverpratice\masm6432\kmdfdiver\05_wdfpnp\debug\05_wdfpnp.tlog\stampinf.write.1.tlog
