C51 COMPILER V9.54   UART                                                                  11/14/2024 00:28:20 PAGE 1   


C51 COMPILER V9.54, COMPILATION OF MODULE UART
OBJECT MODULE PLACED IN .\Objects\UART.obj
COMPILER INVOKED BY: C:\Keil_v5\C51\BIN\C51.EXE UART.c OPTIMIZE(8,SPEED) BROWSE DEBUG OBJECTEXTEND PRINT(.\Listings\UART
                    -.lst) TABS(2) OBJECT(.\Objects\UART.obj)

line level    source

   1          /*************************************************
   2          Copyright (C), 2009-2012    , Level Chip Co., Ltd.
   3          文件名:  UART.c
   4          作  者: 钱锐      版本: V0.1.0     新建日期: 2024.11.14
   5          描  述: 串口模块
   6          备  注:  
   7          修改记录: 
   8          
   9            1.  日期: 2024.11.14
  10                作者: 钱锐
  11                内容:
  12                    1) 此为模板第一个版本;
  13                版本:V0.1.0
  14          
  15          *************************************************/
  16          
  17          #include <REGX52.H>
  18          
  19          #include "UART.h"
  20          
  21          void UART_Init(void)
  22          {
  23   1        PCON &= 0x7F;   //波特率不倍速
  24   1        SCON = 0x50;    //8位数据,可变波特率
  25   1        TMOD &= 0x0F;   //清除定时器1模式位
  26   1        TMOD |= 0x20;   //设定定时器1为8位自动重装方式
  27   1        TL1 = 0xFA;     //设定定时初值
  28   1        TH1 = 0xFA;     //设定定时器重装值
  29   1        ET1 = 0;        //禁止定时器1中断
  30   1        TR1 = 1;        //启动定时器1
  31   1        
  32   1        //开启串口中断
  33   1        EA = 1;
  34   1        ES = 1;
  35   1        
  36   1        //使用默认的串口中断优先级
  37   1      }
  38          
  39          //串口发送数据
  40          void UART_SendByte(char _Value)
  41          {
  42   1        SBUF = _Value;    
  43   1      }


MODULE INFORMATION:   STATIC OVERLAYABLE
   CODE SIZE        =     30    ----
   CONSTANT SIZE    =   ----    ----
   XDATA SIZE       =   ----    ----
   PDATA SIZE       =   ----    ----
   DATA SIZE        =   ----    ----
   IDATA SIZE       =   ----    ----
   BIT SIZE         =   ----    ----
END OF MODULE INFORMATION.

C51 COMPILER V9.54   UART                                                                  11/14/2024 00:28:20 PAGE 2   


C51 COMPILATION COMPLETE.  0 WARNING(S),  0 ERROR(S)
