d:\windowsdriverpratice\driver_bliblifirststudy\01_simplediver\debug\vc142.pdb
d:\windowsdriverpratice\driver_bliblifirststudy\01_simplediver\debug\main.obj
d:\windowsdriverpratice\driver_bliblifirststudy\debug\01_simplediver\01_simplediver.cat
d:\windowsdriverpratice\driver_bliblifirststudy\debug\01_simplediver.sys
d:\windowsdriverpratice\driver_bliblifirststudy\debug\01_simplediver.pdb
d:\windowsdriverpratice\driver_bliblifirststudy\01_simplediver\debug\01_simplediver.inf
d:\windowsdriverpratice\driver_bliblifirststudy\debug\01_simplediver.cer
d:\windowsdriverpratice\driver_bliblifirststudy\debug\01_simplediver.inf
d:\windowsdriverpratice\driver_bliblifirststudy\01_simplediver\debug\01_simplediver.tlog\cl.command.1.tlog
d:\windowsdriverpratice\driver_bliblifirststudy\01_simplediver\debug\01_simplediver.tlog\cl.read.1.tlog
d:\windowsdriverpratice\driver_bliblifirststudy\01_simplediver\debug\01_simplediver.tlog\cl.write.1.tlog
d:\windowsdriverpratice\driver_bliblifirststudy\01_simplediver\debug\01_simplediver.tlog\inf2cat-expand.35536.read.1.tlog
d:\windowsdriverpratice\driver_bliblifirststudy\01_simplediver\debug\01_simplediver.tlog\inf2cat-expand.35536.write.1.tlog
d:\windowsdriverpratice\driver_bliblifirststudy\01_simplediver\debug\01_simplediver.tlog\inf2cat-expand.read.1.tlog
d:\windowsdriverpratice\driver_bliblifirststudy\01_simplediver\debug\01_simplediver.tlog\inf2cat-expand.write.1.tlog
d:\windowsdriverpratice\driver_bliblifirststudy\01_simplediver\debug\01_simplediver.tlog\inf2cat.command.1.tlog
d:\windowsdriverpratice\driver_bliblifirststudy\01_simplediver\debug\01_simplediver.tlog\inf2cat.read.1.tlog
d:\windowsdriverpratice\driver_bliblifirststudy\01_simplediver\debug\01_simplediver.tlog\inf2cat.write.1.tlog
d:\windowsdriverpratice\driver_bliblifirststudy\01_simplediver\debug\01_simplediver.tlog\link.command.1.tlog
d:\windowsdriverpratice\driver_bliblifirststudy\01_simplediver\debug\01_simplediver.tlog\link.read.1.tlog
d:\windowsdriverpratice\driver_bliblifirststudy\01_simplediver\debug\01_simplediver.tlog\link.write.1.tlog
d:\windowsdriverpratice\driver_bliblifirststudy\01_simplediver\debug\01_simplediver.tlog\signtool.command.1.tlog
d:\windowsdriverpratice\driver_bliblifirststudy\01_simplediver\debug\01_simplediver.tlog\signtool.read.1.tlog
d:\windowsdriverpratice\driver_bliblifirststudy\01_simplediver\debug\01_simplediver.tlog\signtool.timestamp.1.tlog
d:\windowsdriverpratice\driver_bliblifirststudy\01_simplediver\debug\01_simplediver.tlog\signtool.write.1.tlog
d:\windowsdriverpratice\driver_bliblifirststudy\01_simplediver\debug\01_simplediver.tlog\stampinf.command.1.tlog
d:\windowsdriverpratice\driver_bliblifirststudy\01_simplediver\debug\01_simplediver.tlog\stampinf.read.1.tlog
d:\windowsdriverpratice\driver_bliblifirststudy\01_simplediver\debug\01_simplediver.tlog\stampinf.write.1.tlog
