11:58:18 INFO  : Launching XSCT server: xsct.bat -n  -interactive D:\Zynq\vitis\version_2020\16_05_pl_rw_ps_ddr\vitis\temp_xsdb_launch_script.tcl
11:58:18 INFO  : Registering command handlers for Vitis TCF services
11:58:20 INFO  : Platform repository initialization has completed.
11:58:20 INFO  : XSCT server has started successfully.
11:58:20 INFO  : plnx-install-location is set to ''
11:58:20 INFO  : Successfully done setting XSCT server connection channel  
11:58:21 INFO  : Successfully done setting workspace for the tool. 
11:58:21 INFO  : Successfully done query RDI_DATADIR 
12:00:18 INFO  : Result from executing command 'getProjects': system_wrapper
12:00:18 INFO  : Result from executing command 'getPlatforms': 
12:00:18 WARN  : An unexpected exception occurred in the module 'platform project logging'
12:00:18 INFO  : Platform 'system_wrapper' is added to custom repositories.
12:00:23 INFO  : Platform 'system_wrapper' is added to custom repositories.
12:00:51 INFO  : Result from executing command 'getProjects': system_wrapper
12:00:51 INFO  : Result from executing command 'getPlatforms': system_wrapper|D:/Zynq/vitis/version_2020/16_05_pl_rw_ps_ddr/vitis/system_wrapper/export/system_wrapper/system_wrapper.xpfm
12:00:51 INFO  : Checking for BSP changes to sync application flags for project 'pl_rw_ps_ddr'...
12:07:59 INFO  : Checking for BSP changes to sync application flags for project 'pl_rw_ps_ddr'...
12:08:12 INFO  : Checking for BSP changes to sync application flags for project 'pl_rw_ps_ddr'...
12:08:24 INFO  : Checking for BSP changes to sync application flags for project 'pl_rw_ps_ddr'...
12:08:41 INFO  : Checking for BSP changes to sync application flags for project 'pl_rw_ps_ddr'...
12:09:00 INFO  : Checking for BSP changes to sync application flags for project 'pl_rw_ps_ddr'...
