d:\windowsdriverpratice\masm6432\wdmdriver\wdmdriver\02_08_enumphysicalsource\debug\vc142.pdb
d:\windowsdriverpratice\masm6432\wdmdriver\wdmdriver\02_08_enumphysicalsource\debug\main.obj
d:\windowsdriverpratice\masm6432\wdmdriver\wdmdriver\debug\02_08_enumphysicalsource.sys
d:\windowsdriverpratice\masm6432\wdmdriver\wdmdriver\debug\02_08_enumphysicalsource.pdb
d:\windowsdriverpratice\masm6432\wdmdriver\wdmdriver\02_08_enumphysicalsource\debug\02_08_enumphysicalsource.inf
d:\windowsdriverpratice\masm6432\wdmdriver\wdmdriver\debug\02_08_enumphysicalsource.cer
d:\windowsdriverpratice\masm6432\wdmdriver\wdmdriver\debug\02_08_enumphysicalsource.inf
d:\windowsdriverpratice\masm6432\wdmdriver\wdmdriver\02_08_enumphysicalsource\debug\02_08_en.18e0cd2c.tlog\cl.command.1.tlog
d:\windowsdriverpratice\masm6432\wdmdriver\wdmdriver\02_08_enumphysicalsource\debug\02_08_en.18e0cd2c.tlog\cl.read.1.tlog
d:\windowsdriverpratice\masm6432\wdmdriver\wdmdriver\02_08_enumphysicalsource\debug\02_08_en.18e0cd2c.tlog\cl.write.1.tlog
d:\windowsdriverpratice\masm6432\wdmdriver\wdmdriver\02_08_enumphysicalsource\debug\02_08_en.18e0cd2c.tlog\link.command.1.tlog
d:\windowsdriverpratice\masm6432\wdmdriver\wdmdriver\02_08_enumphysicalsource\debug\02_08_en.18e0cd2c.tlog\link.read.1.tlog
d:\windowsdriverpratice\masm6432\wdmdriver\wdmdriver\02_08_enumphysicalsource\debug\02_08_en.18e0cd2c.tlog\link.write.1.tlog
d:\windowsdriverpratice\masm6432\wdmdriver\wdmdriver\02_08_enumphysicalsource\debug\02_08_en.18e0cd2c.tlog\signtool.command.1.tlog
d:\windowsdriverpratice\masm6432\wdmdriver\wdmdriver\02_08_enumphysicalsource\debug\02_08_en.18e0cd2c.tlog\signtool.read.1.tlog
d:\windowsdriverpratice\masm6432\wdmdriver\wdmdriver\02_08_enumphysicalsource\debug\02_08_en.18e0cd2c.tlog\signtool.timestamp.1.tlog
d:\windowsdriverpratice\masm6432\wdmdriver\wdmdriver\02_08_enumphysicalsource\debug\02_08_en.18e0cd2c.tlog\signtool.write.1.tlog
d:\windowsdriverpratice\masm6432\wdmdriver\wdmdriver\02_08_enumphysicalsource\debug\02_08_en.18e0cd2c.tlog\stampinf.command.1.tlog
d:\windowsdriverpratice\masm6432\wdmdriver\wdmdriver\02_08_enumphysicalsource\debug\02_08_en.18e0cd2c.tlog\stampinf.read.1.tlog
d:\windowsdriverpratice\masm6432\wdmdriver\wdmdriver\02_08_enumphysicalsource\debug\02_08_en.18e0cd2c.tlog\stampinf.write.1.tlog
