d:\windowsdriverpratice\masm6432\windowskernelsecurity\21_enumprocessmodule\debug\vc142.pdb
d:\windowsdriverpratice\masm6432\windowskernelsecurity\21_enumprocessmodule\debug\main.obj
d:\windowsdriverpratice\masm6432\windowskernelsecurity\debug\21_enumprocessmodule\21_enumprocessmodule.cat
d:\windowsdriverpratice\masm6432\windowskernelsecurity\debug\21_enumprocessmodule.sys
d:\windowsdriverpratice\masm6432\windowskernelsecurity\debug\21_enumprocessmodule.pdb
d:\windowsdriverpratice\masm6432\windowskernelsecurity\21_enumprocessmodule\debug\21_enumprocessmodule.inf
d:\windowsdriverpratice\masm6432\windowskernelsecurity\debug\21_enumprocessmodule.cer
d:\windowsdriverpratice\masm6432\windowskernelsecurity\debug\21_enumprocessmodule.inf
d:\windowsdriverpratice\masm6432\windowskernelsecurity\21_enumprocessmodule\debug\21_enump.c90b58d9.tlog\cl.command.1.tlog
d:\windowsdriverpratice\masm6432\windowskernelsecurity\21_enumprocessmodule\debug\21_enump.c90b58d9.tlog\cl.read.1.tlog
d:\windowsdriverpratice\masm6432\windowskernelsecurity\21_enumprocessmodule\debug\21_enump.c90b58d9.tlog\cl.write.1.tlog
d:\windowsdriverpratice\masm6432\windowskernelsecurity\21_enumprocessmodule\debug\21_enump.c90b58d9.tlog\inf2cat-expand.47776.read.1.tlog
d:\windowsdriverpratice\masm6432\windowskernelsecurity\21_enumprocessmodule\debug\21_enump.c90b58d9.tlog\inf2cat-expand.47776.write.1.tlog
d:\windowsdriverpratice\masm6432\windowskernelsecurity\21_enumprocessmodule\debug\21_enump.c90b58d9.tlog\inf2cat-expand.50136.read.1.tlog
d:\windowsdriverpratice\masm6432\windowskernelsecurity\21_enumprocessmodule\debug\21_enump.c90b58d9.tlog\inf2cat-expand.50136.write.1.tlog
d:\windowsdriverpratice\masm6432\windowskernelsecurity\21_enumprocessmodule\debug\21_enump.c90b58d9.tlog\inf2cat-expand.51876.read.1.tlog
d:\windowsdriverpratice\masm6432\windowskernelsecurity\21_enumprocessmodule\debug\21_enump.c90b58d9.tlog\inf2cat-expand.51876.write.1.tlog
d:\windowsdriverpratice\masm6432\windowskernelsecurity\21_enumprocessmodule\debug\21_enump.c90b58d9.tlog\inf2cat-expand.52672.read.1.tlog
d:\windowsdriverpratice\masm6432\windowskernelsecurity\21_enumprocessmodule\debug\21_enump.c90b58d9.tlog\inf2cat-expand.52672.write.1.tlog
d:\windowsdriverpratice\masm6432\windowskernelsecurity\21_enumprocessmodule\debug\21_enump.c90b58d9.tlog\inf2cat-expand.74544.read.1.tlog
d:\windowsdriverpratice\masm6432\windowskernelsecurity\21_enumprocessmodule\debug\21_enump.c90b58d9.tlog\inf2cat-expand.74544.write.1.tlog
d:\windowsdriverpratice\masm6432\windowskernelsecurity\21_enumprocessmodule\debug\21_enump.c90b58d9.tlog\inf2cat-expand.read.1.tlog
d:\windowsdriverpratice\masm6432\windowskernelsecurity\21_enumprocessmodule\debug\21_enump.c90b58d9.tlog\inf2cat-expand.write.1.tlog
d:\windowsdriverpratice\masm6432\windowskernelsecurity\21_enumprocessmodule\debug\21_enump.c90b58d9.tlog\inf2cat.command.1.tlog
d:\windowsdriverpratice\masm6432\windowskernelsecurity\21_enumprocessmodule\debug\21_enump.c90b58d9.tlog\inf2cat.read.1.tlog
d:\windowsdriverpratice\masm6432\windowskernelsecurity\21_enumprocessmodule\debug\21_enump.c90b58d9.tlog\inf2cat.write.1.tlog
d:\windowsdriverpratice\masm6432\windowskernelsecurity\21_enumprocessmodule\debug\21_enump.c90b58d9.tlog\link.command.1.tlog
d:\windowsdriverpratice\masm6432\windowskernelsecurity\21_enumprocessmodule\debug\21_enump.c90b58d9.tlog\link.read.1.tlog
d:\windowsdriverpratice\masm6432\windowskernelsecurity\21_enumprocessmodule\debug\21_enump.c90b58d9.tlog\link.write.1.tlog
d:\windowsdriverpratice\masm6432\windowskernelsecurity\21_enumprocessmodule\debug\21_enump.c90b58d9.tlog\signtool.command.1.tlog
d:\windowsdriverpratice\masm6432\windowskernelsecurity\21_enumprocessmodule\debug\21_enump.c90b58d9.tlog\signtool.read.1.tlog
d:\windowsdriverpratice\masm6432\windowskernelsecurity\21_enumprocessmodule\debug\21_enump.c90b58d9.tlog\signtool.timestamp.1.tlog
d:\windowsdriverpratice\masm6432\windowskernelsecurity\21_enumprocessmodule\debug\21_enump.c90b58d9.tlog\signtool.write.1.tlog
d:\windowsdriverpratice\masm6432\windowskernelsecurity\21_enumprocessmodule\debug\21_enump.c90b58d9.tlog\stampinf.command.1.tlog
d:\windowsdriverpratice\masm6432\windowskernelsecurity\21_enumprocessmodule\debug\21_enump.c90b58d9.tlog\stampinf.read.1.tlog
d:\windowsdriverpratice\masm6432\windowskernelsecurity\21_enumprocessmodule\debug\21_enump.c90b58d9.tlog\stampinf.write.1.tlog
