09:46:29 INFO  : Registering command handlers for Vitis TCF services
09:46:29 INFO  : Launching XSCT server: xsct.bat -n  -interactive D:\Zynq\vitis\ps_pl_bram\vitis\temp_xsdb_launch_script.tcl
09:46:30 INFO  : Platform repository initialization has completed.
09:46:31 INFO  : XSCT server has started successfully.
09:46:31 INFO  : plnx-install-location is set to ''
09:46:31 INFO  : Successfully done setting XSCT server connection channel  
09:46:31 INFO  : Successfully done query RDI_DATADIR 
09:46:31 INFO  : Successfully done setting workspace for the tool. 
11:50:57 INFO  : Result from executing command 'getProjects': system_wrapper
11:50:57 INFO  : Result from executing command 'getPlatforms': 
11:50:57 WARN  : An unexpected exception occurred in the module 'platform project logging'
11:50:57 INFO  : Platform 'system_wrapper' is added to custom repositories.
11:51:03 INFO  : Platform 'system_wrapper' is added to custom repositories.
12:08:49 INFO  : Result from executing command 'getProjects': system_wrapper
12:08:49 INFO  : Result from executing command 'getPlatforms': system_wrapper|D:/Zynq/vitis/ps_pl_bram/vitis/system_wrapper/export/system_wrapper/system_wrapper.xpfm
12:08:50 INFO  : Checking for BSP changes to sync application flags for project 'ps_pl_bram'...
12:09:37 INFO  : Checking for BSP changes to sync application flags for project 'ps_pl_bram'...
12:10:19 INFO  : Checking for BSP changes to sync application flags for project 'ps_pl_bram'...
12:11:41 INFO  : Checking for BSP changes to sync application flags for project 'ps_pl_bram'...
18:27:36 INFO  : Launching XSCT server: xsct.bat -n  -interactive D:\Zynq\vitis\ps_pl_bram\vitis\temp_xsdb_launch_script.tcl
18:27:38 INFO  : XSCT server has started successfully.
18:27:38 INFO  : plnx-install-location is set to ''
18:27:38 INFO  : Successfully done setting XSCT server connection channel  
18:27:38 INFO  : Successfully done setting workspace for the tool. 
18:27:40 ERROR : Error encountered while initializing user repository paths
Reason: No Platforms Found.


18:27:40 INFO  : Platform repository initialization has completed.
18:27:40 INFO  : Successfully done query RDI_DATADIR 
18:27:40 INFO  : Registering command handlers for Vitis TCF services
18:27:52 INFO  : Hardware specification for platform project 'system_wrapper' is updated.
18:28:06 ERROR : (XSDB Server)rm: lstat¡®*.o¡¯Ê§°Ü: Invalid argument

18:28:06 ERROR : (XSDB Server)make: *** [Makefile:42: clean] Error 1

18:29:04 INFO  : Result from executing command 'getProjects': system_wrapper
18:29:04 INFO  : Result from executing command 'getPlatforms': 
18:30:38 INFO  : Checking for BSP changes to sync application flags for project 'ps_pl_bram'...
18:30:39 INFO  : Updating application flags with new BSP settings...
18:30:40 INFO  : Successfully updated application flags for project ps_pl_bram.
