22:57:59 INFO  : Launching XSCT server: xsct.bat -n  -interactive D:\Zynq\vitis\hello_world\vitis\temp_xsdb_launch_script.tcl
22:58:00 INFO  : Registering command handlers for Vitis TCF services
22:58:02 INFO  : Platform repository initialization has completed.
22:58:02 INFO  : XSCT server has started successfully.
22:58:02 INFO  : Successfully done setting XSCT server connection channel  
22:58:08 INFO  : plnx-install-location is set to ''
22:58:08 INFO  : Successfully done setting workspace for the tool. 
22:58:08 INFO  : Successfully done query RDI_DATADIR 
23:17:54 INFO  : Result from executing command 'getProjects': system_wrapper
23:17:54 INFO  : Result from executing command 'getPlatforms': 
23:17:54 WARN  : An unexpected exception occurred in the module 'platform project logging'
23:17:54 INFO  : Platform 'system_wrapper' is added to custom repositories.
23:18:00 INFO  : Platform 'system_wrapper' is added to custom repositories.
23:19:26 INFO  : Result from executing command 'getProjects': system_wrapper
23:19:26 INFO  : Result from executing command 'getPlatforms': system_wrapper|D:/Zynq/vitis/hello_world/vitis/system_wrapper/export/system_wrapper/system_wrapper.xpfm
23:19:26 INFO  : Checking for BSP changes to sync application flags for project 'hello_world'...
23:20:35 INFO  : Connected to target on host '127.0.0.1' and port '3121'.
23:20:36 INFO  : Jtag cable 'Digilent JTAG-SMT2 C306AFE5ABCD' is selected.
23:20:36 INFO  : 'jtag frequency' command is executed.
23:20:36 INFO  : Context for 'APU' is selected.
23:20:36 INFO  : System reset is completed.
23:20:39 INFO  : 'after 3000' command is executed.
23:20:39 INFO  : Context for 'APU' is selected.
23:20:39 INFO  : Hardware design and registers information is loaded from 'D:/Zynq/vitis/hello_world/vitis/system_wrapper/export/system_wrapper/hw/system_wrapper.xsa'.
23:20:39 INFO  : 'configparams force-mem-access 1' command is executed.
23:20:39 INFO  : Context for 'APU' is selected.
23:20:39 INFO  : Sourcing of 'D:/Zynq/vitis/hello_world/vitis/hello_world/_ide/psinit/ps7_init.tcl' is done.
23:20:40 INFO  : 'ps7_init' command is executed.
23:20:40 INFO  : 'ps7_post_config' command is executed.
23:20:40 INFO  : Context for processor 'ps7_cortexa9_0' is selected.
23:20:40 INFO  : The application 'D:/Zynq/vitis/hello_world/vitis/hello_world/Debug/hello_world.elf' is downloaded to processor 'ps7_cortexa9_0'.
23:20:40 INFO  : 'configparams force-mem-access 0' command is executed.
23:20:40 INFO  : ----------------XSDB Script----------------
connect -url tcp:127.0.0.1:3121
targets -set -nocase -filter {name =~"APU*"}
rst -system
after 3000
targets -set -nocase -filter {name =~"APU*"}
loadhw -hw D:/Zynq/vitis/hello_world/vitis/system_wrapper/export/system_wrapper/hw/system_wrapper.xsa -mem-ranges [list {0x40000000 0xbfffffff}] -regs
configparams force-mem-access 1
targets -set -nocase -filter {name =~"APU*"}
source D:/Zynq/vitis/hello_world/vitis/hello_world/_ide/psinit/ps7_init.tcl
ps7_init
ps7_post_config
targets -set -nocase -filter {name =~ "*A9*#0"}
dow D:/Zynq/vitis/hello_world/vitis/hello_world/Debug/hello_world.elf
configparams force-mem-access 0
----------------End of Script----------------

23:20:40 INFO  : Context for processor 'ps7_cortexa9_0' is selected.
23:20:40 INFO  : 'con' command is executed.
23:20:40 INFO  : ----------------XSDB Script (After Launch)----------------
targets -set -nocase -filter {name =~ "*A9*#0"}
con
----------------End of Script----------------

23:20:40 INFO  : Launch script is exported to file 'D:\Zynq\vitis\hello_world\vitis\hello_world_system\_ide\scripts\debugger_hello_world-default.tcl'
23:21:39 INFO  : Disconnected from the channel tcfchan#2.
23:21:40 INFO  : Connected to target on host '127.0.0.1' and port '3121'.
23:21:40 INFO  : Jtag cable 'Digilent JTAG-SMT2 C306AFE5ABCD' is selected.
23:21:40 INFO  : 'jtag frequency' command is executed.
23:21:40 INFO  : Context for 'APU' is selected.
23:21:40 INFO  : System reset is completed.
23:21:43 INFO  : 'after 3000' command is executed.
23:21:43 INFO  : Context for 'APU' is selected.
23:21:43 INFO  : Hardware design and registers information is loaded from 'D:/Zynq/vitis/hello_world/vitis/system_wrapper/export/system_wrapper/hw/system_wrapper.xsa'.
23:21:43 INFO  : 'configparams force-mem-access 1' command is executed.
23:21:43 INFO  : Context for 'APU' is selected.
23:21:43 INFO  : Sourcing of 'D:/Zynq/vitis/hello_world/vitis/hello_world/_ide/psinit/ps7_init.tcl' is done.
23:21:43 INFO  : 'ps7_init' command is executed.
23:21:43 INFO  : 'ps7_post_config' command is executed.
23:21:43 INFO  : Context for processor 'ps7_cortexa9_0' is selected.
23:21:44 INFO  : The application 'D:/Zynq/vitis/hello_world/vitis/hello_world/Debug/hello_world.elf' is downloaded to processor 'ps7_cortexa9_0'.
23:21:44 INFO  : 'configparams force-mem-access 0' command is executed.
23:21:44 INFO  : ----------------XSDB Script----------------
connect -url tcp:127.0.0.1:3121
targets -set -nocase -filter {name =~"APU*"}
rst -system
after 3000
targets -set -nocase -filter {name =~"APU*"}
loadhw -hw D:/Zynq/vitis/hello_world/vitis/system_wrapper/export/system_wrapper/hw/system_wrapper.xsa -mem-ranges [list {0x40000000 0xbfffffff}] -regs
configparams force-mem-access 1
targets -set -nocase -filter {name =~"APU*"}
source D:/Zynq/vitis/hello_world/vitis/hello_world/_ide/psinit/ps7_init.tcl
ps7_init
ps7_post_config
targets -set -nocase -filter {name =~ "*A9*#0"}
dow D:/Zynq/vitis/hello_world/vitis/hello_world/Debug/hello_world.elf
configparams force-mem-access 0
----------------End of Script----------------

23:21:44 INFO  : Context for processor 'ps7_cortexa9_0' is selected.
23:21:44 INFO  : 'con' command is executed.
23:21:44 INFO  : ----------------XSDB Script (After Launch)----------------
targets -set -nocase -filter {name =~ "*A9*#0"}
con
----------------End of Script----------------

23:21:44 INFO  : Launch script is exported to file 'D:\Zynq\vitis\hello_world\vitis\hello_world_system\_ide\scripts\debugger_hello_world-default.tcl'
23:21:54 INFO  : Disconnected from the channel tcfchan#3.
23:21:55 INFO  : Connected to target on host '127.0.0.1' and port '3121'.
23:21:55 INFO  : Jtag cable 'Digilent JTAG-SMT2 C306AFE5ABCD' is selected.
23:21:55 INFO  : 'jtag frequency' command is executed.
23:21:55 INFO  : Context for 'APU' is selected.
23:21:55 INFO  : System reset is completed.
23:21:58 INFO  : 'after 3000' command is executed.
23:21:58 INFO  : Context for 'APU' is selected.
23:21:58 INFO  : Hardware design and registers information is loaded from 'D:/Zynq/vitis/hello_world/vitis/system_wrapper/export/system_wrapper/hw/system_wrapper.xsa'.
23:21:58 INFO  : 'configparams force-mem-access 1' command is executed.
23:21:58 INFO  : Context for 'APU' is selected.
23:21:58 INFO  : Sourcing of 'D:/Zynq/vitis/hello_world/vitis/hello_world/_ide/psinit/ps7_init.tcl' is done.
23:21:59 INFO  : 'ps7_init' command is executed.
23:21:59 INFO  : 'ps7_post_config' command is executed.
23:21:59 INFO  : Context for processor 'ps7_cortexa9_0' is selected.
23:21:59 INFO  : The application 'D:/Zynq/vitis/hello_world/vitis/hello_world/Debug/hello_world.elf' is downloaded to processor 'ps7_cortexa9_0'.
23:21:59 INFO  : 'configparams force-mem-access 0' command is executed.
23:21:59 INFO  : ----------------XSDB Script----------------
connect -url tcp:127.0.0.1:3121
targets -set -nocase -filter {name =~"APU*"}
rst -system
after 3000
targets -set -nocase -filter {name =~"APU*"}
loadhw -hw D:/Zynq/vitis/hello_world/vitis/system_wrapper/export/system_wrapper/hw/system_wrapper.xsa -mem-ranges [list {0x40000000 0xbfffffff}] -regs
configparams force-mem-access 1
targets -set -nocase -filter {name =~"APU*"}
source D:/Zynq/vitis/hello_world/vitis/hello_world/_ide/psinit/ps7_init.tcl
ps7_init
ps7_post_config
targets -set -nocase -filter {name =~ "*A9*#0"}
dow D:/Zynq/vitis/hello_world/vitis/hello_world/Debug/hello_world.elf
configparams force-mem-access 0
----------------End of Script----------------

23:21:59 INFO  : Context for processor 'ps7_cortexa9_0' is selected.
23:21:59 INFO  : 'con' command is executed.
23:21:59 INFO  : ----------------XSDB Script (After Launch)----------------
targets -set -nocase -filter {name =~ "*A9*#0"}
con
----------------End of Script----------------

23:21:59 INFO  : Launch script is exported to file 'D:\Zynq\vitis\hello_world\vitis\hello_world_system\_ide\scripts\debugger_hello_world-default.tcl'
23:23:06 INFO  : Disconnected from the channel tcfchan#4.
23:23:07 INFO  : Connected to target on host '127.0.0.1' and port '3121'.
23:23:08 INFO  : Jtag cable 'Digilent JTAG-SMT2 C306AFE5ABCD' is selected.
23:23:08 INFO  : 'jtag frequency' command is executed.
23:23:08 INFO  : Context for 'APU' is selected.
23:23:08 INFO  : System reset is completed.
23:23:11 INFO  : 'after 3000' command is executed.
23:23:11 INFO  : Context for 'APU' is selected.
23:23:11 INFO  : Hardware design and registers information is loaded from 'D:/Zynq/vitis/hello_world/vitis/system_wrapper/export/system_wrapper/hw/system_wrapper.xsa'.
23:23:11 INFO  : 'configparams force-mem-access 1' command is executed.
23:23:11 INFO  : Context for 'APU' is selected.
23:23:11 INFO  : Sourcing of 'D:/Zynq/vitis/hello_world/vitis/hello_world/_ide/psinit/ps7_init.tcl' is done.
23:23:11 INFO  : 'ps7_init' command is executed.
23:23:11 INFO  : 'ps7_post_config' command is executed.
23:23:11 INFO  : Context for processor 'ps7_cortexa9_0' is selected.
23:23:11 INFO  : The application 'D:/Zynq/vitis/hello_world/vitis/hello_world/Debug/hello_world.elf' is downloaded to processor 'ps7_cortexa9_0'.
23:23:11 INFO  : 'configparams force-mem-access 0' command is executed.
23:23:11 INFO  : ----------------XSDB Script----------------
connect -url tcp:127.0.0.1:3121
targets -set -nocase -filter {name =~"APU*"}
rst -system
after 3000
targets -set -nocase -filter {name =~"APU*"}
loadhw -hw D:/Zynq/vitis/hello_world/vitis/system_wrapper/export/system_wrapper/hw/system_wrapper.xsa -mem-ranges [list {0x40000000 0xbfffffff}] -regs
configparams force-mem-access 1
targets -set -nocase -filter {name =~"APU*"}
source D:/Zynq/vitis/hello_world/vitis/hello_world/_ide/psinit/ps7_init.tcl
ps7_init
ps7_post_config
targets -set -nocase -filter {name =~ "*A9*#0"}
dow D:/Zynq/vitis/hello_world/vitis/hello_world/Debug/hello_world.elf
configparams force-mem-access 0
----------------End of Script----------------

23:23:11 INFO  : Context for processor 'ps7_cortexa9_0' is selected.
23:23:11 INFO  : 'con' command is executed.
23:23:11 INFO  : ----------------XSDB Script (After Launch)----------------
targets -set -nocase -filter {name =~ "*A9*#0"}
con
----------------End of Script----------------

23:23:11 INFO  : Launch script is exported to file 'D:\Zynq\vitis\hello_world\vitis\hello_world_system\_ide\scripts\debugger_hello_world-default.tcl'
23:44:28 INFO  : Checking for BSP changes to sync application flags for project 'hello_world'...
23:44:36 INFO  : Disconnected from the channel tcfchan#5.
23:44:37 INFO  : Connected to target on host '127.0.0.1' and port '3121'.
23:44:37 INFO  : Jtag cable 'Digilent JTAG-SMT2 C306AFE5ABCD' is selected.
23:44:37 INFO  : 'jtag frequency' command is executed.
23:44:37 INFO  : Context for 'APU' is selected.
23:44:37 INFO  : System reset is completed.
23:44:40 INFO  : 'after 3000' command is executed.
23:44:40 INFO  : Context for 'APU' is selected.
23:44:40 INFO  : Hardware design and registers information is loaded from 'D:/Zynq/vitis/hello_world/vitis/system_wrapper/export/system_wrapper/hw/system_wrapper.xsa'.
23:44:40 INFO  : 'configparams force-mem-access 1' command is executed.
23:44:40 INFO  : Context for 'APU' is selected.
23:44:40 INFO  : Sourcing of 'D:/Zynq/vitis/hello_world/vitis/hello_world/_ide/psinit/ps7_init.tcl' is done.
23:44:41 INFO  : 'ps7_init' command is executed.
23:44:41 INFO  : 'ps7_post_config' command is executed.
23:44:41 INFO  : Context for processor 'ps7_cortexa9_0' is selected.
23:44:41 INFO  : The application 'D:/Zynq/vitis/hello_world/vitis/hello_world/Debug/hello_world.elf' is downloaded to processor 'ps7_cortexa9_0'.
23:44:41 INFO  : 'configparams force-mem-access 0' command is executed.
23:44:41 INFO  : ----------------XSDB Script----------------
connect -url tcp:127.0.0.1:3121
targets -set -nocase -filter {name =~"APU*"}
rst -system
after 3000
targets -set -nocase -filter {name =~"APU*"}
loadhw -hw D:/Zynq/vitis/hello_world/vitis/system_wrapper/export/system_wrapper/hw/system_wrapper.xsa -mem-ranges [list {0x40000000 0xbfffffff}] -regs
configparams force-mem-access 1
targets -set -nocase -filter {name =~"APU*"}
source D:/Zynq/vitis/hello_world/vitis/hello_world/_ide/psinit/ps7_init.tcl
ps7_init
ps7_post_config
targets -set -nocase -filter {name =~ "*A9*#0"}
dow D:/Zynq/vitis/hello_world/vitis/hello_world/Debug/hello_world.elf
configparams force-mem-access 0
----------------End of Script----------------

23:44:41 INFO  : Context for processor 'ps7_cortexa9_0' is selected.
23:44:41 INFO  : 'con' command is executed.
23:44:41 INFO  : ----------------XSDB Script (After Launch)----------------
targets -set -nocase -filter {name =~ "*A9*#0"}
con
----------------End of Script----------------

23:44:41 INFO  : Launch script is exported to file 'D:\Zynq\vitis\hello_world\vitis\hello_world_system\_ide\scripts\debugger_hello_world-default.tcl'
23:45:03 INFO  : Checking for BSP changes to sync application flags for project 'hello_world'...
23:45:10 INFO  : Disconnected from the channel tcfchan#6.
23:45:11 INFO  : Connected to target on host '127.0.0.1' and port '3121'.
23:45:11 INFO  : Jtag cable 'Digilent JTAG-SMT2 C306AFE5ABCD' is selected.
23:45:11 INFO  : 'jtag frequency' command is executed.
23:45:11 INFO  : Context for 'APU' is selected.
23:45:11 INFO  : System reset is completed.
23:45:14 INFO  : 'after 3000' command is executed.
23:45:14 INFO  : Context for 'APU' is selected.
23:45:14 INFO  : Hardware design and registers information is loaded from 'D:/Zynq/vitis/hello_world/vitis/system_wrapper/export/system_wrapper/hw/system_wrapper.xsa'.
23:45:14 INFO  : 'configparams force-mem-access 1' command is executed.
23:45:14 INFO  : Context for 'APU' is selected.
23:45:14 INFO  : Sourcing of 'D:/Zynq/vitis/hello_world/vitis/hello_world/_ide/psinit/ps7_init.tcl' is done.
23:45:14 INFO  : 'ps7_init' command is executed.
23:45:14 INFO  : 'ps7_post_config' command is executed.
23:45:14 INFO  : Context for processor 'ps7_cortexa9_0' is selected.
23:45:15 INFO  : The application 'D:/Zynq/vitis/hello_world/vitis/hello_world/Debug/hello_world.elf' is downloaded to processor 'ps7_cortexa9_0'.
23:45:15 INFO  : 'configparams force-mem-access 0' command is executed.
23:45:15 INFO  : ----------------XSDB Script----------------
connect -url tcp:127.0.0.1:3121
targets -set -nocase -filter {name =~"APU*"}
rst -system
after 3000
targets -set -nocase -filter {name =~"APU*"}
loadhw -hw D:/Zynq/vitis/hello_world/vitis/system_wrapper/export/system_wrapper/hw/system_wrapper.xsa -mem-ranges [list {0x40000000 0xbfffffff}] -regs
configparams force-mem-access 1
targets -set -nocase -filter {name =~"APU*"}
source D:/Zynq/vitis/hello_world/vitis/hello_world/_ide/psinit/ps7_init.tcl
ps7_init
ps7_post_config
targets -set -nocase -filter {name =~ "*A9*#0"}
dow D:/Zynq/vitis/hello_world/vitis/hello_world/Debug/hello_world.elf
configparams force-mem-access 0
----------------End of Script----------------

23:45:15 INFO  : Context for processor 'ps7_cortexa9_0' is selected.
23:45:15 INFO  : 'con' command is executed.
23:45:15 INFO  : ----------------XSDB Script (After Launch)----------------
targets -set -nocase -filter {name =~ "*A9*#0"}
con
----------------End of Script----------------

23:45:15 INFO  : Launch script is exported to file 'D:\Zynq\vitis\hello_world\vitis\hello_world_system\_ide\scripts\debugger_hello_world-default.tcl'
23:56:20 INFO  : Disconnected from the channel tcfchan#7.
