11:01:33 INFO  : Registering command handlers for Vitis TCF services
11:01:33 INFO  : Launching XSCT server: xsct.bat -n  -interactive D:\Zynq\vitis\micro_sd_rw\vitis\temp_xsdb_launch_script.tcl
11:01:35 INFO  : Platform repository initialization has completed.
11:01:35 INFO  : XSCT server has started successfully.
11:01:36 INFO  : Successfully done setting XSCT server connection channel  
11:01:36 INFO  : plnx-install-location is set to ''
11:01:36 INFO  : Successfully done setting workspace for the tool. 
11:01:36 INFO  : Successfully done query RDI_DATADIR 
11:02:05 INFO  : Result from executing command 'getProjects': system_wrapper
11:02:05 INFO  : Result from executing command 'getPlatforms': 
11:02:05 WARN  : An unexpected exception occurred in the module 'platform project logging'
11:02:05 INFO  : Platform 'system_wrapper' is added to custom repositories.
11:02:10 INFO  : Platform 'system_wrapper' is added to custom repositories.
14:47:01 INFO  : Result from executing command 'getProjects': system_wrapper
14:47:01 INFO  : Result from executing command 'getPlatforms': system_wrapper|D:/Zynq/vitis/micro_sd_rw/vitis/system_wrapper/export/system_wrapper/system_wrapper.xpfm
14:47:01 INFO  : Checking for BSP changes to sync application flags for project 'micro_sd_rw'...
14:47:01 INFO  : Updating application flags with new BSP settings...
14:47:01 INFO  : Successfully updated application flags for project micro_sd_rw.
15:02:24 INFO  : Checking for BSP changes to sync application flags for project 'micro_sd_rw'...
15:02:41 INFO  : Checking for BSP changes to sync application flags for project 'micro_sd_rw'...
15:03:21 INFO  : Checking for BSP changes to sync application flags for project 'micro_sd_rw'...
