d:\windowsdriverpratice\masm6432\kmdfdiver\01_kmdfdemo\debug\vc142.pdb
d:\windowsdriverpratice\masm6432\kmdfdiver\01_kmdfdemo\debug\main.obj
d:\windowsdriverpratice\masm6432\kmdfdiver\debug\01_kmdfdemo\01_kmdfdemo.cat
d:\windowsdriverpratice\masm6432\kmdfdiver\debug\01_kmdfdemo.sys
d:\windowsdriverpratice\masm6432\kmdfdiver\debug\01_kmdfdemo.pdb
d:\windowsdriverpratice\masm6432\kmdfdiver\01_kmdfdemo\debug\01_kmdfdemo.inf
d:\windowsdriverpratice\masm6432\kmdfdiver\debug\01_kmdfdemo.cer
d:\windowsdriverpratice\masm6432\kmdfdiver\debug\01_kmdfdemo.inf
d:\windowsdriverpratice\masm6432\kmdfdiver\01_kmdfdemo\debug\01_kmdfdemo.tlog\cl.command.1.tlog
d:\windowsdriverpratice\masm6432\kmdfdiver\01_kmdfdemo\debug\01_kmdfdemo.tlog\cl.read.1.tlog
d:\windowsdriverpratice\masm6432\kmdfdiver\01_kmdfdemo\debug\01_kmdfdemo.tlog\cl.write.1.tlog
d:\windowsdriverpratice\masm6432\kmdfdiver\01_kmdfdemo\debug\01_kmdfdemo.tlog\inf2cat-expand.46420.read.1.tlog
d:\windowsdriverpratice\masm6432\kmdfdiver\01_kmdfdemo\debug\01_kmdfdemo.tlog\inf2cat-expand.46420.write.1.tlog
d:\windowsdriverpratice\masm6432\kmdfdiver\01_kmdfdemo\debug\01_kmdfdemo.tlog\inf2cat-expand.49592.read.1.tlog
d:\windowsdriverpratice\masm6432\kmdfdiver\01_kmdfdemo\debug\01_kmdfdemo.tlog\inf2cat-expand.49592.write.1.tlog
d:\windowsdriverpratice\masm6432\kmdfdiver\01_kmdfdemo\debug\01_kmdfdemo.tlog\inf2cat-expand.read.1.tlog
d:\windowsdriverpratice\masm6432\kmdfdiver\01_kmdfdemo\debug\01_kmdfdemo.tlog\inf2cat-expand.write.1.tlog
d:\windowsdriverpratice\masm6432\kmdfdiver\01_kmdfdemo\debug\01_kmdfdemo.tlog\inf2cat.command.1.tlog
d:\windowsdriverpratice\masm6432\kmdfdiver\01_kmdfdemo\debug\01_kmdfdemo.tlog\inf2cat.read.1.tlog
d:\windowsdriverpratice\masm6432\kmdfdiver\01_kmdfdemo\debug\01_kmdfdemo.tlog\inf2cat.write.1.tlog
d:\windowsdriverpratice\masm6432\kmdfdiver\01_kmdfdemo\debug\01_kmdfdemo.tlog\link.command.1.tlog
d:\windowsdriverpratice\masm6432\kmdfdiver\01_kmdfdemo\debug\01_kmdfdemo.tlog\link.read.1.tlog
d:\windowsdriverpratice\masm6432\kmdfdiver\01_kmdfdemo\debug\01_kmdfdemo.tlog\link.write.1.tlog
d:\windowsdriverpratice\masm6432\kmdfdiver\01_kmdfdemo\debug\01_kmdfdemo.tlog\signtool.command.1.tlog
d:\windowsdriverpratice\masm6432\kmdfdiver\01_kmdfdemo\debug\01_kmdfdemo.tlog\signtool.read.1.tlog
d:\windowsdriverpratice\masm6432\kmdfdiver\01_kmdfdemo\debug\01_kmdfdemo.tlog\signtool.timestamp.1.tlog
d:\windowsdriverpratice\masm6432\kmdfdiver\01_kmdfdemo\debug\01_kmdfdemo.tlog\signtool.write.1.tlog
d:\windowsdriverpratice\masm6432\kmdfdiver\01_kmdfdemo\debug\01_kmdfdemo.tlog\stampinf.command.1.tlog
d:\windowsdriverpratice\masm6432\kmdfdiver\01_kmdfdemo\debug\01_kmdfdemo.tlog\stampinf.read.1.tlog
d:\windowsdriverpratice\masm6432\kmdfdiver\01_kmdfdemo\debug\01_kmdfdemo.tlog\stampinf.write.1.tlog
