C51 COMPILER V9.54   MAIN                                                                  11/10/2024 11:59:49 PAGE 1   


C51 COMPILER V9.54, COMPILATION OF MODULE MAIN
OBJECT MODULE PLACED IN .\Objects\main.obj
COMPILER INVOKED BY: C:\Keil_v5\C51\BIN\C51.EXE main.c OPTIMIZE(8,SPEED) BROWSE DEBUG OBJECTEXTEND PRINT(.\Listings\main
                    -.lst) TABS(2) OBJECT(.\Objects\main.obj)

line level    source

   1          /*************************************************
   2          Copyright (C), 2009-2012    , Level Chip Co., Ltd.
   3          文件名: mainwindow.h
   4          作  者: 钱锐      版本: V0.1.0     新建日期: 2024.11.10
   5          描  述: LED流水灯
   6          备  注:  
   7          修改记录: 
   8          
   9            1.  日期: 2024.11.10
  10                作者: 钱锐
  11                内容:
  12                    1) 此为模板第一个版本;
  13                版本:V0.1.0
  14          
  15          *************************************************/
  16          #include <REGX52.H>
  17          #include <INTRINS.H>
  18          
  19          void Delay1ms(unsigned _Mes)    //@12.000MHz
  20          {
  21   1        unsigned char i, j;
  22   1      
  23   1        while(_Mes--)
  24   1        {
  25   2          i = 2;
  26   2          j = 239;
  27   2          do
  28   2          {
  29   3            while (--j);
  30   3          } while (--i);
  31   2        }
  32   1      }
  33          
  34          
  35          int main(void)
  36          { 
  37   1        while(1)
  38   1        {
  39   2          P2 = 0xFE;
  40   2          Delay1ms(500);
  41   2          P2 = 0xFD;
  42   2          Delay1ms(500);
  43   2          P2 = 0xFB;
  44   2          Delay1ms(500);
  45   2          P2 = 0xF7;
  46   2          Delay1ms(500);
  47   2          P2 = 0xEF;
  48   2          Delay1ms(500);
  49   2          P2 = 0xDF;
  50   2          Delay1ms(500);
  51   2          P2 = 0xBF;
  52   2          Delay1ms(500);
  53   2          P2 = 0x7F;
  54   2          Delay1ms(500);
C51 COMPILER V9.54   MAIN                                                                  11/10/2024 11:59:49 PAGE 2   

  55   2      
  56   2        }
  57   1        
  58   1      }


MODULE INFORMATION:   STATIC OVERLAYABLE
   CODE SIZE        =     75    ----
   CONSTANT SIZE    =   ----    ----
   XDATA SIZE       =   ----    ----
   PDATA SIZE       =   ----    ----
   DATA SIZE        =   ----    ----
   IDATA SIZE       =   ----    ----
   BIT SIZE         =   ----    ----
END OF MODULE INFORMATION.


C51 COMPILATION COMPLETE.  0 WARNING(S),  0 ERROR(S)
