C51 COMPILER V9.54   INT0                                                                  12/03/2024 18:34:06 PAGE 1   


C51 COMPILER V9.54, COMPILATION OF MODULE INT0
OBJECT MODULE PLACED IN .\Objects\Int0.obj
COMPILER INVOKED BY: C:\Keil_v5\C51\BIN\C51.EXE Int0.c OPTIMIZE(8,SPEED) BROWSE DEBUG OBJECTEXTEND PRINT(.\Listings\Int0
                    -.lst) TABS(2) OBJECT(.\Objects\Int0.obj)

line level    source

   1          /*************************************************
   2          Copyright (C), 2009-2012    , Level Chip Co., Ltd.
   3          文件名:  Int0.c
   4          作  者: 钱锐      版本: V0.1.0     新建日期: 2024.12.03
   5          描  述: 红外中断模块
   6          备  注:  
   7          修改记录: 
   8          
   9            1.  日期: 2024.12.03
  10                作者: 钱锐
  11                内容:
  12                    1) 此为模板第一个版本;
  13                版本:V0.1.0
  14          
  15          *************************************************/
  16          
  17          #include <REGX52.H>
  18          
  19          #include "Int0.h"
  20          
  21          void Int0_Init(void)
  22          {
  23   1        IT0 = 1;
  24   1        IE0 = 0;
  25   1        EX0 = 1;
  26   1        EA = 1;
  27   1        PX0 = 1;
  28   1      }
  29          
  30          //红外中断函数模板
  31          //void Int0_Routine(void) interrupt 0
  32          //{
  33          //  
  34          //}


MODULE INFORMATION:   STATIC OVERLAYABLE
   CODE SIZE        =     11    ----
   CONSTANT SIZE    =   ----    ----
   XDATA SIZE       =   ----    ----
   PDATA SIZE       =   ----    ----
   DATA SIZE        =   ----    ----
   IDATA SIZE       =   ----    ----
   BIT SIZE         =   ----    ----
END OF MODULE INFORMATION.


C51 COMPILATION COMPLETE.  0 WARNING(S),  0 ERROR(S)
