C51 COMPILER V9.54   MAIN                                                                  12/03/2024 18:34:05 PAGE 1   


C51 COMPILER V9.54, COMPILATION OF MODULE MAIN
OBJECT MODULE PLACED IN .\Objects\main.obj
COMPILER INVOKED BY: C:\Keil_v5\C51\BIN\C51.EXE main.c OPTIMIZE(8,SPEED) BROWSE DEBUG OBJECTEXTEND PRINT(.\Listings\main
                    -.lst) TABS(2) OBJECT(.\Objects\main.obj)

line level    source

   1          /*************************************************
   2          Copyright (C), 2009-2012    , Level Chip Co., Ltd.
   3          文件名:  main.c
   4          作  者: 钱锐      版本: V0.1.0     新建日期: 2024.12.01
   5          描  述: 直流电机调速
   6          备  注:  
   7          修改记录: 
   8          
   9            1.  日期: 2024.12.01
  10                作者: 钱锐
  11                内容:
  12                    1) 此为模板第一个版本;
  13                版本:V0.1.0
  14          
  15          *************************************************/
  16          #include <REGX52.H>
  17          
  18          #include "Key.h"
  19          #include "Delay.h"
  20          #include "NixieTube.h"
  21          #include "Timer1.h"
  22          #include "LCD1602.h"
  23          #include "IR.h"
  24          
  25          int main(void)
  26          {
  27   1        unsigned int unCurSpeed = 0;          //速度
  28   1        unsigned char uchAddr = 0;            //地址
  29   1        unsigned char uchCommand = 0;         //命令
  30   1        
  31   1        Timer1_Init();
  32   1        IR_Init();
  33   1        
  34   1        SetNixieTube(1, unCurSpeed / 25);
  35   1        
  36   1        while(1)
  37   1        {   
  38   2          //红外信号命令判定
  39   2          if(IR_GetDataFlag() || IR_GetRepeatFlag())
  40   2          {
  41   3            uchAddr = IR_GetAddress();
  42   3            uchCommand = IR_GetCommand();
  43   3            
  44   3            if(uchCommand == IR_0)
  45   3              unCurSpeed = 0;
  46   3            if(uchCommand == IR_1)
  47   3              unCurSpeed = 25;
  48   3            if(uchCommand == IR_2)
  49   3              unCurSpeed = 50;
  50   3            if(uchCommand == IR_3)
  51   3              unCurSpeed = 75;
  52   3            if(uchCommand == IR_4)
  53   3              unCurSpeed = 100;
  54   3                  
C51 COMPILER V9.54   MAIN                                                                  12/03/2024 18:34:05 PAGE 2   

  55   3            Timer1_SetCurSpeed(unCurSpeed); 
  56   3          }
  57   2          SetNixieTube(1, unCurSpeed / 25);
  58   2        }
  59   1        
  60   1        return 0;
  61   1      }
*** WARNING C294 IN LINE 60 OF main.c: unreachable code


MODULE INFORMATION:   STATIC OVERLAYABLE
   CODE SIZE        =    118    ----
   CONSTANT SIZE    =   ----    ----
   XDATA SIZE       =   ----    ----
   PDATA SIZE       =   ----    ----
   DATA SIZE        =   ----       4
   IDATA SIZE       =   ----    ----
   BIT SIZE         =   ----    ----
END OF MODULE INFORMATION.


C51 COMPILATION COMPLETE.  1 WARNING(S),  0 ERROR(S)
