C51 COMPILER V9.54   TIMER1                                                                12/03/2024 18:34:06 PAGE 1   


C51 COMPILER V9.54, COMPILATION OF MODULE TIMER1
OBJECT MODULE PLACED IN .\Objects\Timer1.obj
COMPILER INVOKED BY: C:\Keil_v5\C51\BIN\C51.EXE Timer1.c OPTIMIZE(8,SPEED) BROWSE DEBUG OBJECTEXTEND PRINT(.\Listings\Ti
                    -mer1.lst) TABS(2) OBJECT(.\Objects\Timer1.obj)

line level    source

   1          /*************************************************
   2          Copyright (C), 2009-2012    , Level Chip Co., Ltd.
   3          文件名:  Timer0.c
   4          作  者: 钱锐      版本: V0.1.0     新建日期: 2024.11.12
   5          描  述: 定时器0模块
   6          备  注:  
   7          修改记录: 
   8          
   9            1.  日期: 2024.11.12
  10                作者: 钱锐
  11                内容:
  12                    1) 此为模板第一个版本;
  13                版本:V0.1.0
  14          
  15          *************************************************/
  16          
  17          #include <REGX52.H>
  18          
  19          #include "Timer1.h"
  20          #include "Key.h"
  21          #include "NixieTube.h"
  22          
  23          #define MONITOR P1_0
  24          
  25          static unsigned int g_unCompValue = 0;      //比较值
  26          
  27          void Timer1_Init(void)
  28          {
  29   1        //设置定时器
  30   1        TMOD &= 0x0F;   //设置定时器模式
  31   1        TMOD |= 0x10;   //设置定时器模式
  32   1        TL1 = 0x9C;   //设置定时初值
  33   1        TH1 = 0xFF;   //设置定时初值
  34   1        TF1 = 0;    //清除TF0标志
  35   1        TR1 = 1;    //定时器0开始计时
  36   1        
  37   1        //开启Timer0对应的中断
  38   1        ET1 = 1;
  39   1        EA = 1;
  40   1        PT1 = 0;
  41   1      }
  42          
  43          void Timer1_SetCurSpeed(unsigned char _Speed)
  44          {
  45   1        g_unCompValue = _Speed;
  46   1      }
  47          
  48          //定时器1的中断函数;100us
  49          void Timer1_Rountime(void) interrupt 3
  50          {
  51   1        static unsigned int unKeyCounter = 0;
  52   1        static unsigned int unCounter = 0;
  53   1        static unsigned int unNixieTubeCount = 0;     //数码管计数
  54   1        
C51 COMPILER V9.54   TIMER1                                                                12/03/2024 18:34:06 PAGE 2   

  55   1        TL1 = 0xA4;   //设置定时初值
  56   1        TH1 = 0xFF;   //设置定时初值
  57   1        
  58   1        //独立按键调用
  59   1        unKeyCounter++;
  60   1        if(unKeyCounter >= 200)
  61   1        {
  62   2          unKeyCounter = 0;
  63   2          KeyLoop();
  64   2        }
  65   1            
  66   1        unNixieTubeCount++;
  67   1        if(unNixieTubeCount >= 20)
  68   1        {
  69   2          unNixieTubeCount = 0;
  70   2          
  71   2          NixieTubeLoop();
  72   2        }
  73   1        
  74   1        unCounter++;
  75   1        unCounter %= 100;
  76   1        if(unCounter > g_unCompValue)
  77   1        {
  78   2          MONITOR = 0;
  79   2        }
  80   1        else if(unCounter <= g_unCompValue)
  81   1        {
  82   2          MONITOR = 1;
  83   2        }
  84   1      }
  85          
  86          
  87          //定时器1的中断函数模板
  88          //void Timer1_Rountime(void) interrupt 3
  89          //{
  90          //  TL1 = 0xAE;   //设置定时初值
  91          //  TH1 = 0xFB;   //设置定时初值
  92          //}


MODULE INFORMATION:   STATIC OVERLAYABLE
   CODE SIZE        =    193    ----
   CONSTANT SIZE    =   ----    ----
   XDATA SIZE       =   ----    ----
   PDATA SIZE       =   ----    ----
   DATA SIZE        =      8    ----
   IDATA SIZE       =   ----    ----
   BIT SIZE         =   ----    ----
END OF MODULE INFORMATION.


C51 COMPILATION COMPLETE.  0 WARNING(S),  0 ERROR(S)
