C51 COMPILER V9.54   TIMER0                                                                12/03/2024 18:34:06 PAGE 1   


C51 COMPILER V9.54, COMPILATION OF MODULE TIMER0
OBJECT MODULE PLACED IN .\Objects\Timer0.obj
COMPILER INVOKED BY: C:\Keil_v5\C51\BIN\C51.EXE Timer0.c OPTIMIZE(8,SPEED) BROWSE DEBUG OBJECTEXTEND PRINT(.\Listings\Ti
                    -mer0.lst) TABS(2) OBJECT(.\Objects\Timer0.obj)

line level    source

   1          /*************************************************
   2          Copyright (C), 2009-2012    , Level Chip Co., Ltd.
   3          文件名:  Timer0.c
   4          作  者: 钱锐      版本: V0.1.0     新建日期: 2024.11.12
   5          描  述: 定时器0模块
   6          备  注:  
   7          修改记录: 
   8          
   9            1.  日期: 2024.11.12
  10                作者: 钱锐
  11                内容:
  12                    1) 此为模板第一个版本;
  13                版本:V0.1.0
  14          
  15          *************************************************/
  16          
  17          #include <REGX52.H>
  18          
  19          #include "Timer0.h"
  20          
  21          void Timer0_Init(void)
  22          {
  23   1        //设置定时器
  24   1        TMOD &= 0xF0;   //设置定时器模式
  25   1        TMOD |= 0x01;   //设置定时器模式
  26   1        TL0 = 0;    //设置定时初值
  27   1        TH0 = 0;    //设置定时初值
  28   1        TF0 = 0;    //清除TF0标志
  29   1        TR0 = 0;    //定时器0开始计时
  30   1      }
  31          
  32          void Timer0_SetCounter(unsigned int _Counter)
  33          {
  34   1        TH0 = _Counter / 256;   //设置定时初值
  35   1        TL0 = _Counter % 256;   //设置定时初值
  36   1      }
  37          
  38          unsigned int Timer0_GetCounter(void)
  39          {
  40   1        return (TH0 << 8) | TL0;
  41   1      }
  42          
  43          void Timer0_Run(unsigned char _Flag)
  44          {
  45   1        TR0 = _Flag;
  46   1      }
  47          
  48          //定时器0的中断函数模板
  49          //void Timer0_Rountime(void) interrupt 1
  50          //{
  51          //  TL0 = 0xAE;   //设置定时初值
  52          //  TH0 = 0xFB;   //设置定时初值
  53          //}

C51 COMPILER V9.54   TIMER0                                                                12/03/2024 18:34:06 PAGE 2   


MODULE INFORMATION:   STATIC OVERLAYABLE
   CODE SIZE        =     42    ----
   CONSTANT SIZE    =   ----    ----
   XDATA SIZE       =   ----    ----
   PDATA SIZE       =   ----    ----
   DATA SIZE        =   ----    ----
   IDATA SIZE       =   ----    ----
   BIT SIZE         =   ----    ----
END OF MODULE INFORMATION.


C51 COMPILATION COMPLETE.  0 WARNING(S),  0 ERROR(S)
