d:\windowsdriverpratice\masm6432\wdmdriver\wdmdriver\01_05_vsgenaratewdminf\debug\vc142.pdb
d:\windowsdriverpratice\masm6432\wdmdriver\wdmdriver\01_05_vsgenaratewdminf\debug\main.obj
d:\windowsdriverpratice\masm6432\wdmdriver\wdmdriver\debug\01_05_vsgenaratewdminf.sys
d:\windowsdriverpratice\masm6432\wdmdriver\wdmdriver\debug\01_05_vsgenaratewdminf.pdb
d:\windowsdriverpratice\masm6432\wdmdriver\wdmdriver\01_05_vsgenaratewdminf\debug\01_05_vsgenaratewdminf.inf
d:\windowsdriverpratice\masm6432\wdmdriver\wdmdriver\debug\01_05_vsgenaratewdminf.cer
d:\windowsdriverpratice\masm6432\wdmdriver\wdmdriver\debug\01_05_vsgenaratewdminf.inf
d:\windowsdriverpratice\masm6432\wdmdriver\wdmdriver\01_05_vsgenaratewdminf\debug\01_05_vs.ba8d3cc8.tlog\cl.command.1.tlog
d:\windowsdriverpratice\masm6432\wdmdriver\wdmdriver\01_05_vsgenaratewdminf\debug\01_05_vs.ba8d3cc8.tlog\cl.read.1.tlog
d:\windowsdriverpratice\masm6432\wdmdriver\wdmdriver\01_05_vsgenaratewdminf\debug\01_05_vs.ba8d3cc8.tlog\cl.write.1.tlog
d:\windowsdriverpratice\masm6432\wdmdriver\wdmdriver\01_05_vsgenaratewdminf\debug\01_05_vs.ba8d3cc8.tlog\inf2cat-expand.52676.read.1.tlog
d:\windowsdriverpratice\masm6432\wdmdriver\wdmdriver\01_05_vsgenaratewdminf\debug\01_05_vs.ba8d3cc8.tlog\inf2cat-expand.52676.write.1.tlog
d:\windowsdriverpratice\masm6432\wdmdriver\wdmdriver\01_05_vsgenaratewdminf\debug\01_05_vs.ba8d3cc8.tlog\inf2cat-expand.55260.read.1.tlog
d:\windowsdriverpratice\masm6432\wdmdriver\wdmdriver\01_05_vsgenaratewdminf\debug\01_05_vs.ba8d3cc8.tlog\inf2cat-expand.55260.write.1.tlog
d:\windowsdriverpratice\masm6432\wdmdriver\wdmdriver\01_05_vsgenaratewdminf\debug\01_05_vs.ba8d3cc8.tlog\inf2cat-expand.read.1.tlog
d:\windowsdriverpratice\masm6432\wdmdriver\wdmdriver\01_05_vsgenaratewdminf\debug\01_05_vs.ba8d3cc8.tlog\inf2cat-expand.write.1.tlog
d:\windowsdriverpratice\masm6432\wdmdriver\wdmdriver\01_05_vsgenaratewdminf\debug\01_05_vs.ba8d3cc8.tlog\inf2cat.command.1.tlog
d:\windowsdriverpratice\masm6432\wdmdriver\wdmdriver\01_05_vsgenaratewdminf\debug\01_05_vs.ba8d3cc8.tlog\inf2cat.read.1.tlog
d:\windowsdriverpratice\masm6432\wdmdriver\wdmdriver\01_05_vsgenaratewdminf\debug\01_05_vs.ba8d3cc8.tlog\inf2cat.write.1.tlog
d:\windowsdriverpratice\masm6432\wdmdriver\wdmdriver\01_05_vsgenaratewdminf\debug\01_05_vs.ba8d3cc8.tlog\link.command.1.tlog
d:\windowsdriverpratice\masm6432\wdmdriver\wdmdriver\01_05_vsgenaratewdminf\debug\01_05_vs.ba8d3cc8.tlog\link.read.1.tlog
d:\windowsdriverpratice\masm6432\wdmdriver\wdmdriver\01_05_vsgenaratewdminf\debug\01_05_vs.ba8d3cc8.tlog\link.write.1.tlog
d:\windowsdriverpratice\masm6432\wdmdriver\wdmdriver\01_05_vsgenaratewdminf\debug\01_05_vs.ba8d3cc8.tlog\signtool.command.1.tlog
d:\windowsdriverpratice\masm6432\wdmdriver\wdmdriver\01_05_vsgenaratewdminf\debug\01_05_vs.ba8d3cc8.tlog\signtool.read.1.tlog
d:\windowsdriverpratice\masm6432\wdmdriver\wdmdriver\01_05_vsgenaratewdminf\debug\01_05_vs.ba8d3cc8.tlog\signtool.timestamp.1.tlog
d:\windowsdriverpratice\masm6432\wdmdriver\wdmdriver\01_05_vsgenaratewdminf\debug\01_05_vs.ba8d3cc8.tlog\signtool.write.1.tlog
d:\windowsdriverpratice\masm6432\wdmdriver\wdmdriver\01_05_vsgenaratewdminf\debug\01_05_vs.ba8d3cc8.tlog\stampinf.command.1.tlog
d:\windowsdriverpratice\masm6432\wdmdriver\wdmdriver\01_05_vsgenaratewdminf\debug\01_05_vs.ba8d3cc8.tlog\stampinf.read.1.tlog
d:\windowsdriverpratice\masm6432\wdmdriver\wdmdriver\01_05_vsgenaratewdminf\debug\01_05_vs.ba8d3cc8.tlog\stampinf.write.1.tlog
