C51 COMPILER V9.54   MAIN                                                                  11/30/2024 15:31:52 PAGE 1   


C51 COMPILER V9.54, COMPILATION OF MODULE MAIN
OBJECT MODULE PLACED IN .\Objects\main.obj
COMPILER INVOKED BY: C:\Keil_v5\C51\BIN\C51.EXE main.c OPTIMIZE(8,SPEED) BROWSE DEBUG OBJECTEXTEND PRINT(.\Listings\main
                    -.lst) TABS(2) OBJECT(.\Objects\main.obj)

line level    source

   1          /*************************************************
   2          Copyright (C), 2009-2012    , Level Chip Co., Ltd.
   3          文件名:  main.c
   4          作  者: 钱锐      版本: V0.1.0     新建日期: 2024.11.30
   5          描  述: LCD1602显示字符串和数字
   6          备  注:  
   7          修改记录: 
   8          
   9            1.  日期: 2024.11.30
  10                作者: 钱锐
  11                内容:
  12                    1) 此为模板第一个版本;
  13                版本:V0.1.0
  14          
  15          *************************************************/
  16          
  17          #include "LCD1602.h"
  18          #include "Delay.h"
  19          
  20          int main(void)
  21          {
  22   1        LCD_Init();
  23   1        LCD_ShowChar(1, 1, 'A');
  24   1        LCD_ShowString(1, 3, "Temp");
  25   1        LCD_ShowNum(1, 8, 20, 2);
  26   1        LCD_ShowSignedNum(1, 11, -31, 2);
  27   1        LCD_ShowHexNum(2, 1, 0x65, 2);
  28   1        LCD_ShowBinNum(2, 4, 0x12, 8);
  29   1        
  30   1        LCD_WriteData(0xDF);
  31   1        
  32   1        LCD_ShowString(1, 15, "Hello world!");
  33   1        
  34   1        while(1)
  35   1        {
  36   2          LCD_WriteCommand(0x18);     //向左移屏指令
  37   2          Delay(500);
  38   2        }
  39   1        
  40   1        return 0;
  41   1      }
*** WARNING C294 IN LINE 40 OF main.c: unreachable code


MODULE INFORMATION:   STATIC OVERLAYABLE
   CODE SIZE        =    113    ----
   CONSTANT SIZE    =     18    ----
   XDATA SIZE       =   ----    ----
   PDATA SIZE       =   ----    ----
   DATA SIZE        =   ----    ----
   IDATA SIZE       =   ----    ----
   BIT SIZE         =   ----    ----
END OF MODULE INFORMATION.


C51 COMPILATION COMPLETE.  1 WARNING(S),  0 ERROR(S)
