C51 COMPILER V9.54   KEY                                                                   12/01/2024 10:01:39 PAGE 1   


C51 COMPILER V9.54, COMPILATION OF MODULE KEY
OBJECT MODULE PLACED IN .\Objects\Key.obj
COMPILER INVOKED BY: C:\Keil_v5\C51\BIN\C51.EXE Key.c OPTIMIZE(8,SPEED) BROWSE DEBUG OBJECTEXTEND PRINT(.\Listings\Key.l
                    -st) TABS(2) OBJECT(.\Objects\Key.obj)

line level    source

   1          /*************************************************
   2          Copyright (C), 2009-2012    , Level Chip Co., Ltd.
   3          文件名:  Key.c
   4          作  者: 钱锐      版本: V0.1.0     新建日期: 2024.11.12
   5          描  述: 独立按键模块
   6          备  注:  
   7          修改记录: 
   8          
   9            1.  日期: 2024.11.12
  10                作者: 钱锐
  11                内容:
  12                    1) 此为模板第一个版本;
  13                版本:V0.1.0
  14          
  15          *************************************************/
  16          
  17          #include <REGX52.H>
  18          
  19          #include "Key.h"
  20          #include "Delay.h"
  21          
  22          int g_nCurKey = 0;            //当前key值
  23          
  24          static int GetKey(void)
  25          {
  26   1        int nCurKey = 0;
  27   1        
  28   1        if(P3_1==0){ nCurKey = 1; } 
  29   1        if(P3_0==0){ nCurKey = 2; } 
  30   1        if(P3_2==0){ nCurKey = 3; } 
  31   1        if(P3_3==0){ nCurKey = 4; } 
  32   1          
  33   1        return nCurKey;
  34   1      }
  35          
  36          void KeyLoop(void)
  37          {
  38   1        static int nLastKey = 0;
  39   1        static int nCurKey = 0;
  40   1        
  41   1        nCurKey = GetKey();
  42   1        if(nLastKey == 1 && nCurKey == 0) g_nCurKey = 1;
  43   1        if(nLastKey == 2 && nCurKey == 0) g_nCurKey = 2;
  44   1        if(nLastKey == 3 && nCurKey == 0) g_nCurKey = 3;
  45   1        if(nLastKey == 4 && nCurKey == 0) g_nCurKey = 4;
  46   1        
  47   1        nLastKey = nCurKey;
  48   1      }
  49          
  50          int GetCurKey(void)
  51          {
  52   1        int nCurKey = g_nCurKey;
  53   1        
  54   1        g_nCurKey = 0;
C51 COMPILER V9.54   KEY                                                                   12/01/2024 10:01:39 PAGE 2   

  55   1        
  56   1        return nCurKey;
  57   1      }


MODULE INFORMATION:   STATIC OVERLAYABLE
   CODE SIZE        =    129    ----
   CONSTANT SIZE    =   ----    ----
   XDATA SIZE       =   ----    ----
   PDATA SIZE       =   ----    ----
   DATA SIZE        =      6    ----
   IDATA SIZE       =   ----    ----
   BIT SIZE         =   ----    ----
END OF MODULE INFORMATION.


C51 COMPILATION COMPLETE.  0 WARNING(S),  0 ERROR(S)
