C51 COMPILER V9.54   MAIN                                                                  12/01/2024 10:01:39 PAGE 1   


C51 COMPILER V9.54, COMPILATION OF MODULE MAIN
OBJECT MODULE PLACED IN .\Objects\main.obj
COMPILER INVOKED BY: C:\Keil_v5\C51\BIN\C51.EXE main.c OPTIMIZE(8,SPEED) BROWSE DEBUG OBJECTEXTEND PRINT(.\Listings\main
                    -.lst) TABS(2) OBJECT(.\Objects\main.obj)

line level    source

   1          /*************************************************
   2          Copyright (C), 2009-2012    , Level Chip Co., Ltd.
   3          文件名:  main.c
   4          作  者: 钱锐      版本: V0.1.0     新建日期: 2024.12.01
   5          描  述: 直流电机调速
   6          备  注:  
   7          修改记录: 
   8          
   9            1.  日期: 2024.12.01
  10                作者: 钱锐
  11                内容:
  12                    1) 此为模板第一个版本;
  13                版本:V0.1.0
  14          
  15          *************************************************/
  16          #include <REGX52.H>
  17          
  18          #include "Key.h"
  19          #include "Delay.h"
  20          #include "NixieTube.h"
  21          #include "Timer0.h"
  22          #include "LCD1602.h"
  23          
  24          #define MONITOR P1_0
  25          
  26          static unsigned int g_unCompValue = 0;      //比较值
  27          
  28          int main(void)
  29          {
  30   1        int nCurKey = 0;                          //必须使用int类型，不然单片机内部会截断数据
  31   1        
  32   1        Timer0_Init();
  33   1        
  34   1        while(1)
  35   1        {
  36   2          nCurKey = GetCurKey();
  37   2          
  38   2          if(nCurKey == 0)
  39   2            continue;
  40   2          
  41   2          if(nCurKey == 1)
  42   2          {
  43   3            g_unCompValue += 25;
  44   3            g_unCompValue %= 125;
  45   3          }
  46   2          
  47   2          SetNixieTube(1, g_unCompValue / 25);
  48   2        }
  49   1        
  50   1        return 0;
  51   1      }
  52          
  53          //定时器0的中断函数;100us
  54          void Timer0_Rountime(void) interrupt 1
C51 COMPILER V9.54   MAIN                                                                  12/01/2024 10:01:39 PAGE 2   

  55          {
  56   1        static unsigned int unKeyCounter = 0;
  57   1        static unsigned int unCounter = 0;
  58   1        static unsigned int unNixieTubeCount = 0;     //数码管计数
  59   1        
  60   1        TL0 = 0xA4;   //设置定时初值
  61   1        TH0 = 0xFF;   //设置定时初值
  62   1        
  63   1        //独立按键调用
  64   1        unKeyCounter++;
  65   1        if(unKeyCounter >= 200)
  66   1        {
  67   2          unKeyCounter = 0;
  68   2          KeyLoop();
  69   2        }
  70   1            
  71   1        unNixieTubeCount++;
  72   1        if(unNixieTubeCount >= 20)
  73   1        {
  74   2          unNixieTubeCount = 0;
  75   2          
  76   2          NixieTubeLoop();
  77   2        }
  78   1        
  79   1        unCounter++;
  80   1        unCounter %= 100;
  81   1        if(unCounter > g_unCompValue)
  82   1        {
  83   2          MONITOR = 0;
  84   2        }
  85   1        else if(unCounter <= g_unCompValue)
  86   1        {
  87   2          MONITOR = 1;
  88   2        }
  89   1      }
*** WARNING C294 IN LINE 50 OF main.c: unreachable code


MODULE INFORMATION:   STATIC OVERLAYABLE
   CODE SIZE        =    238    ----
   CONSTANT SIZE    =   ----    ----
   XDATA SIZE       =   ----    ----
   PDATA SIZE       =   ----    ----
   DATA SIZE        =      8       2
   IDATA SIZE       =   ----    ----
   BIT SIZE         =   ----    ----
END OF MODULE INFORMATION.


C51 COMPILATION COMPLETE.  1 WARNING(S),  0 ERROR(S)
