d:\windowsdriverpratice\masm6432\kmdfdiver\18_pnphanle\debug\vc142.pdb
d:\windowsdriverpratice\masm6432\kmdfdiver\18_pnphanle\debug\queue.obj
d:\windowsdriverpratice\masm6432\kmdfdiver\18_pnphanle\debug\driver.obj
d:\windowsdriverpratice\masm6432\kmdfdiver\18_pnphanle\debug\device.obj
d:\windowsdriverpratice\masm6432\kmdfdiver\debug\18_pnphanle\18_pnphanle.cat
d:\windowsdriverpratice\masm6432\kmdfdiver\debug\18_pnphanle.sys
d:\windowsdriverpratice\masm6432\kmdfdiver\debug\18_pnphanle.pdb
d:\windowsdriverpratice\masm6432\kmdfdiver\18_pnphanle\debug\18_pnphanle.inf
d:\windowsdriverpratice\masm6432\kmdfdiver\debug\18_pnphanle.cer
d:\windowsdriverpratice\masm6432\kmdfdiver\debug\18_pnphanle.inf
d:\windowsdriverpratice\masm6432\kmdfdiver\18_pnphanle\debug\18_pnphanle.tlog\cl.command.1.tlog
d:\windowsdriverpratice\masm6432\kmdfdiver\18_pnphanle\debug\18_pnphanle.tlog\cl.read.1.tlog
d:\windowsdriverpratice\masm6432\kmdfdiver\18_pnphanle\debug\18_pnphanle.tlog\cl.write.1.tlog
d:\windowsdriverpratice\masm6432\kmdfdiver\18_pnphanle\debug\18_pnphanle.tlog\inf2cat-expand.10448.read.1.tlog
d:\windowsdriverpratice\masm6432\kmdfdiver\18_pnphanle\debug\18_pnphanle.tlog\inf2cat-expand.10448.write.1.tlog
d:\windowsdriverpratice\masm6432\kmdfdiver\18_pnphanle\debug\18_pnphanle.tlog\inf2cat-expand.43116.read.1.tlog
d:\windowsdriverpratice\masm6432\kmdfdiver\18_pnphanle\debug\18_pnphanle.tlog\inf2cat-expand.43116.write.1.tlog
d:\windowsdriverpratice\masm6432\kmdfdiver\18_pnphanle\debug\18_pnphanle.tlog\inf2cat-expand.48756.read.1.tlog
d:\windowsdriverpratice\masm6432\kmdfdiver\18_pnphanle\debug\18_pnphanle.tlog\inf2cat-expand.48756.write.1.tlog
d:\windowsdriverpratice\masm6432\kmdfdiver\18_pnphanle\debug\18_pnphanle.tlog\inf2cat-expand.58312.read.1.tlog
d:\windowsdriverpratice\masm6432\kmdfdiver\18_pnphanle\debug\18_pnphanle.tlog\inf2cat-expand.58312.write.1.tlog
d:\windowsdriverpratice\masm6432\kmdfdiver\18_pnphanle\debug\18_pnphanle.tlog\inf2cat-expand.58520.read.1.tlog
d:\windowsdriverpratice\masm6432\kmdfdiver\18_pnphanle\debug\18_pnphanle.tlog\inf2cat-expand.58520.write.1.tlog
d:\windowsdriverpratice\masm6432\kmdfdiver\18_pnphanle\debug\18_pnphanle.tlog\inf2cat-expand.read.1.tlog
d:\windowsdriverpratice\masm6432\kmdfdiver\18_pnphanle\debug\18_pnphanle.tlog\inf2cat-expand.write.1.tlog
d:\windowsdriverpratice\masm6432\kmdfdiver\18_pnphanle\debug\18_pnphanle.tlog\inf2cat.command.1.tlog
d:\windowsdriverpratice\masm6432\kmdfdiver\18_pnphanle\debug\18_pnphanle.tlog\inf2cat.read.1.tlog
d:\windowsdriverpratice\masm6432\kmdfdiver\18_pnphanle\debug\18_pnphanle.tlog\inf2cat.write.1.tlog
d:\windowsdriverpratice\masm6432\kmdfdiver\18_pnphanle\debug\18_pnphanle.tlog\link.command.1.tlog
d:\windowsdriverpratice\masm6432\kmdfdiver\18_pnphanle\debug\18_pnphanle.tlog\link.read.1.tlog
d:\windowsdriverpratice\masm6432\kmdfdiver\18_pnphanle\debug\18_pnphanle.tlog\link.write.1.tlog
d:\windowsdriverpratice\masm6432\kmdfdiver\18_pnphanle\debug\18_pnphanle.tlog\signtool.command.1.tlog
d:\windowsdriverpratice\masm6432\kmdfdiver\18_pnphanle\debug\18_pnphanle.tlog\signtool.read.1.tlog
d:\windowsdriverpratice\masm6432\kmdfdiver\18_pnphanle\debug\18_pnphanle.tlog\signtool.timestamp.1.tlog
d:\windowsdriverpratice\masm6432\kmdfdiver\18_pnphanle\debug\18_pnphanle.tlog\signtool.write.1.tlog
d:\windowsdriverpratice\masm6432\kmdfdiver\18_pnphanle\debug\18_pnphanle.tlog\stampinf.command.1.tlog
d:\windowsdriverpratice\masm6432\kmdfdiver\18_pnphanle\debug\18_pnphanle.tlog\stampinf.read.1.tlog
d:\windowsdriverpratice\masm6432\kmdfdiver\18_pnphanle\debug\18_pnphanle.tlog\stampinf.write.1.tlog
