d:\windowsdriverpratice\masm6432\kmdfdiver\11_01_wdfaddtimer_manualhandlerequest\debug\vc142.pdb
d:\windowsdriverpratice\masm6432\kmdfdiver\11_01_wdfaddtimer_manualhandlerequest\debug\queue.obj
d:\windowsdriverpratice\masm6432\kmdfdiver\11_01_wdfaddtimer_manualhandlerequest\debug\driver.obj
d:\windowsdriverpratice\masm6432\kmdfdiver\11_01_wdfaddtimer_manualhandlerequest\debug\device.obj
d:\windowsdriverpratice\masm6432\kmdfdiver\debug\11_01_wdfaddtimer_manualhandlerequest\11_01_wdfaddtimer_manualhandlerequest.cat
d:\windowsdriverpratice\masm6432\kmdfdiver\debug\11_01_wdfaddtimer_manualhandlerequest.sys
d:\windowsdriverpratice\masm6432\kmdfdiver\debug\11_01_wdfaddtimer_manualhandlerequest.pdb
d:\windowsdriverpratice\masm6432\kmdfdiver\11_01_wdfaddtimer_manualhandlerequest\debug\11_01_wdfaddtimer_manualhandlerequest.inf
d:\windowsdriverpratice\masm6432\kmdfdiver\debug\11_01_wdfaddtimer_manualhandlerequest.cer
d:\windowsdriverpratice\masm6432\kmdfdiver\debug\11_01_wdfaddtimer_manualhandlerequest.inf
d:\windowsdriverpratice\masm6432\kmdfdiver\11_01_wdfaddtimer_manualhandlerequest\debug\11_01_wd.aa1bee1c.tlog\cl.command.1.tlog
d:\windowsdriverpratice\masm6432\kmdfdiver\11_01_wdfaddtimer_manualhandlerequest\debug\11_01_wd.aa1bee1c.tlog\cl.read.1.tlog
d:\windowsdriverpratice\masm6432\kmdfdiver\11_01_wdfaddtimer_manualhandlerequest\debug\11_01_wd.aa1bee1c.tlog\cl.write.1.tlog
d:\windowsdriverpratice\masm6432\kmdfdiver\11_01_wdfaddtimer_manualhandlerequest\debug\11_01_wd.aa1bee1c.tlog\inf2cat-expand.14940.read.1.tlog
d:\windowsdriverpratice\masm6432\kmdfdiver\11_01_wdfaddtimer_manualhandlerequest\debug\11_01_wd.aa1bee1c.tlog\inf2cat-expand.14940.write.1.tlog
d:\windowsdriverpratice\masm6432\kmdfdiver\11_01_wdfaddtimer_manualhandlerequest\debug\11_01_wd.aa1bee1c.tlog\inf2cat-expand.23452.read.1.tlog
d:\windowsdriverpratice\masm6432\kmdfdiver\11_01_wdfaddtimer_manualhandlerequest\debug\11_01_wd.aa1bee1c.tlog\inf2cat-expand.23452.write.1.tlog
d:\windowsdriverpratice\masm6432\kmdfdiver\11_01_wdfaddtimer_manualhandlerequest\debug\11_01_wd.aa1bee1c.tlog\inf2cat-expand.read.1.tlog
d:\windowsdriverpratice\masm6432\kmdfdiver\11_01_wdfaddtimer_manualhandlerequest\debug\11_01_wd.aa1bee1c.tlog\inf2cat-expand.write.1.tlog
d:\windowsdriverpratice\masm6432\kmdfdiver\11_01_wdfaddtimer_manualhandlerequest\debug\11_01_wd.aa1bee1c.tlog\inf2cat.command.1.tlog
d:\windowsdriverpratice\masm6432\kmdfdiver\11_01_wdfaddtimer_manualhandlerequest\debug\11_01_wd.aa1bee1c.tlog\inf2cat.read.1.tlog
d:\windowsdriverpratice\masm6432\kmdfdiver\11_01_wdfaddtimer_manualhandlerequest\debug\11_01_wd.aa1bee1c.tlog\inf2cat.write.1.tlog
d:\windowsdriverpratice\masm6432\kmdfdiver\11_01_wdfaddtimer_manualhandlerequest\debug\11_01_wd.aa1bee1c.tlog\link.command.1.tlog
d:\windowsdriverpratice\masm6432\kmdfdiver\11_01_wdfaddtimer_manualhandlerequest\debug\11_01_wd.aa1bee1c.tlog\link.read.1.tlog
d:\windowsdriverpratice\masm6432\kmdfdiver\11_01_wdfaddtimer_manualhandlerequest\debug\11_01_wd.aa1bee1c.tlog\link.write.1.tlog
d:\windowsdriverpratice\masm6432\kmdfdiver\11_01_wdfaddtimer_manualhandlerequest\debug\11_01_wd.aa1bee1c.tlog\signtool.command.1.tlog
d:\windowsdriverpratice\masm6432\kmdfdiver\11_01_wdfaddtimer_manualhandlerequest\debug\11_01_wd.aa1bee1c.tlog\signtool.read.1.tlog
d:\windowsdriverpratice\masm6432\kmdfdiver\11_01_wdfaddtimer_manualhandlerequest\debug\11_01_wd.aa1bee1c.tlog\signtool.timestamp.1.tlog
d:\windowsdriverpratice\masm6432\kmdfdiver\11_01_wdfaddtimer_manualhandlerequest\debug\11_01_wd.aa1bee1c.tlog\signtool.write.1.tlog
d:\windowsdriverpratice\masm6432\kmdfdiver\11_01_wdfaddtimer_manualhandlerequest\debug\11_01_wd.aa1bee1c.tlog\stampinf.command.1.tlog
d:\windowsdriverpratice\masm6432\kmdfdiver\11_01_wdfaddtimer_manualhandlerequest\debug\11_01_wd.aa1bee1c.tlog\stampinf.read.1.tlog
d:\windowsdriverpratice\masm6432\kmdfdiver\11_01_wdfaddtimer_manualhandlerequest\debug\11_01_wd.aa1bee1c.tlog\stampinf.write.1.tlog
