C51 COMPILER V9.54   MAIN                                                                  12/02/2024 19:39:32 PAGE 1   


C51 COMPILER V9.54, COMPILATION OF MODULE MAIN
OBJECT MODULE PLACED IN .\Objects\main.obj
COMPILER INVOKED BY: C:\Keil_v5\C51\BIN\C51.EXE main.c OPTIMIZE(8,SPEED) BROWSE DEBUG OBJECTEXTEND PRINT(.\Listings\main
                    -.lst) TABS(2) OBJECT(.\Objects\main.obj)

line level    source

   1          /*************************************************
   2          Copyright (C), 2009-2012    , Level Chip Co., Ltd.
   3          文件名:  main.c
   4          作  者: 钱锐      版本: V0.1.0     新建日期: 2024.12.02
   5          描  述: AD魔术模数转换
   6          备  注:  
   7          修改记录: 
   8          
   9            1.  日期: 2024.12.02
  10                作者: 钱锐
  11                内容:
  12                    1) 此为模板第一个版本;
  13                版本:V0.1.0
  14          
  15          *************************************************/
  16          
  17          #include "Delay.h"
  18          #include "LCD1602.h"
  19          #include "XPT2046.h"
  20          
  21          int main(void)
  22          {
  23   1        unsigned int unReadAD = 0;
  24   1        
  25   1        LCD_Init();
  26   1        
  27   1        LCD_ShowString(1, 1, "ADJ  NTC  RG");
  28   1        while(1)
  29   1        {
  30   2          unReadAD = XPT2046_ReadCurAD(XPT2046_XP_12);
  31   2          LCD_ShowNum(2, 1, unReadAD, 4);
  32   2          unReadAD = XPT2046_ReadCurAD(XPT2046_YP_12);
  33   2          LCD_ShowNum(2, 6, unReadAD, 4);
  34   2          unReadAD = XPT2046_ReadCurAD(XPT2046_VBAT_8);
  35   2          LCD_ShowNum(2, 11, unReadAD, 4);
  36   2        }
  37   1        
  38   1        return 0;
  39   1      }
  40          
*** WARNING C294 IN LINE 38 OF main.c: unreachable code


MODULE INFORMATION:   STATIC OVERLAYABLE
   CODE SIZE        =     92    ----
   CONSTANT SIZE    =     13    ----
   XDATA SIZE       =   ----    ----
   PDATA SIZE       =   ----    ----
   DATA SIZE        =   ----       2
   IDATA SIZE       =   ----    ----
   BIT SIZE         =   ----    ----
END OF MODULE INFORMATION.


C51 COMPILATION COMPLETE.  1 WARNING(S),  0 ERROR(S)
