11:06:15 INFO  : Registering command handlers for Vitis TCF services
11:06:15 INFO  : Launching XSCT server: xsct.bat -n  -interactive D:\Zynq\vitis\timer_intr_led\vitis\temp_xsdb_launch_script.tcl
11:06:17 INFO  : Platform repository initialization has completed.
11:06:17 INFO  : XSCT server has started successfully.
11:06:17 INFO  : Successfully done setting XSCT server connection channel  
11:06:17 INFO  : plnx-install-location is set to ''
11:06:17 INFO  : Successfully done setting workspace for the tool. 
11:06:17 INFO  : Successfully done query RDI_DATADIR 
11:06:47 INFO  : Result from executing command 'getProjects': system_wrapper
11:06:47 INFO  : Result from executing command 'getPlatforms': 
11:06:47 WARN  : An unexpected exception occurred in the module 'platform project logging'
11:06:47 INFO  : Platform 'system_wrapper' is added to custom repositories.
11:06:52 INFO  : Platform 'system_wrapper' is added to custom repositories.
11:48:53 INFO  : Result from executing command 'getProjects': system_wrapper
11:48:53 INFO  : Result from executing command 'getPlatforms': system_wrapper|D:/Zynq/vitis/timer_intr_led/vitis/system_wrapper/export/system_wrapper/system_wrapper.xpfm
11:48:53 INFO  : Checking for BSP changes to sync application flags for project 'timer_intr_led'...
11:48:54 INFO  : Checking for BSP changes to sync application flags for project 'timer_intr_led'...
11:49:12 INFO  : Checking for BSP changes to sync application flags for project 'timer_intr_led'...
11:49:29 INFO  : Checking for BSP changes to sync application flags for project 'timer_intr_led'...
11:49:38 INFO  : Checking for BSP changes to sync application flags for project 'timer_intr_led'...
11:59:16 INFO  : Checking for BSP changes to sync application flags for project 'timer_intr_led'...
