23:28:03 INFO  : Launching XSCT server: xsct.bat -n  -interactive D:\Zynq\vitis\emio_led\vitis\temp_xsdb_launch_script.tcl
23:28:03 INFO  : Registering command handlers for Vitis TCF services
23:28:05 INFO  : Platform repository initialization has completed.
23:28:06 INFO  : XSCT server has started successfully.
23:28:06 INFO  : Successfully done setting XSCT server connection channel  
23:28:11 INFO  : plnx-install-location is set to ''
23:28:11 INFO  : Successfully done setting workspace for the tool. 
23:28:12 INFO  : Successfully done query RDI_DATADIR 
23:28:40 INFO  : Result from executing command 'getProjects': system_wrapper
23:28:40 INFO  : Result from executing command 'getPlatforms': 
23:28:40 WARN  : An unexpected exception occurred in the module 'platform project logging'
23:28:40 INFO  : Platform 'system_wrapper' is added to custom repositories.
23:28:46 INFO  : Platform 'system_wrapper' is added to custom repositories.
23:30:19 INFO  : Result from executing command 'getProjects': system_wrapper
23:30:19 INFO  : Result from executing command 'getPlatforms': system_wrapper|D:/Zynq/vitis/emio_led/vitis/system_wrapper/export/system_wrapper/system_wrapper.xpfm
23:30:19 INFO  : Checking for BSP changes to sync application flags for project 'emio_led'...
23:31:25 INFO  : Connected to target on host '127.0.0.1' and port '3121'.
23:31:26 INFO  : Jtag cable 'Digilent JTAG-SMT2 C306AFE5ABCD' is selected.
23:31:26 INFO  : 'jtag frequency' command is executed.
23:31:26 INFO  : Context for 'APU' is selected.
23:31:26 INFO  : System reset is completed.
23:31:29 INFO  : 'after 3000' command is executed.
23:31:29 INFO  : 'targets -set -filter {jtag_cable_name =~ "Digilent JTAG-SMT2 C306AFE5ABCD" && level==0 && jtag_device_ctx=="jsn-JTAG-SMT2-C306AFE5ABCD-23727093-0"}' command is executed.
23:31:32 INFO  : Device configured successfully with "D:/Zynq/vitis/emio_led/vitis/emio_led/_ide/bitstream/system_wrapper.bit"
23:31:32 INFO  : Context for 'APU' is selected.
23:31:32 INFO  : Hardware design and registers information is loaded from 'D:/Zynq/vitis/emio_led/vitis/system_wrapper/export/system_wrapper/hw/system_wrapper.xsa'.
23:31:32 INFO  : 'configparams force-mem-access 1' command is executed.
23:31:32 INFO  : Context for 'APU' is selected.
23:31:32 INFO  : Sourcing of 'D:/Zynq/vitis/emio_led/vitis/emio_led/_ide/psinit/ps7_init.tcl' is done.
23:31:32 INFO  : 'ps7_init' command is executed.
23:31:32 INFO  : 'ps7_post_config' command is executed.
23:31:32 INFO  : Context for processor 'ps7_cortexa9_0' is selected.
23:31:32 INFO  : The application 'D:/Zynq/vitis/emio_led/vitis/emio_led/Debug/emio_led.elf' is downloaded to processor 'ps7_cortexa9_0'.
23:31:32 INFO  : 'configparams force-mem-access 0' command is executed.
23:31:32 INFO  : ----------------XSDB Script----------------
connect -url tcp:127.0.0.1:3121
targets -set -nocase -filter {name =~"APU*"}
rst -system
after 3000
targets -set -filter {jtag_cable_name =~ "Digilent JTAG-SMT2 C306AFE5ABCD" && level==0 && jtag_device_ctx=="jsn-JTAG-SMT2-C306AFE5ABCD-23727093-0"}
fpga -file D:/Zynq/vitis/emio_led/vitis/emio_led/_ide/bitstream/system_wrapper.bit
targets -set -nocase -filter {name =~"APU*"}
loadhw -hw D:/Zynq/vitis/emio_led/vitis/system_wrapper/export/system_wrapper/hw/system_wrapper.xsa -mem-ranges [list {0x40000000 0xbfffffff}] -regs
configparams force-mem-access 1
targets -set -nocase -filter {name =~"APU*"}
source D:/Zynq/vitis/emio_led/vitis/emio_led/_ide/psinit/ps7_init.tcl
ps7_init
ps7_post_config
targets -set -nocase -filter {name =~ "*A9*#0"}
dow D:/Zynq/vitis/emio_led/vitis/emio_led/Debug/emio_led.elf
configparams force-mem-access 0
----------------End of Script----------------

23:31:33 INFO  : Context for processor 'ps7_cortexa9_0' is selected.
23:31:33 INFO  : 'con' command is executed.
23:31:33 INFO  : ----------------XSDB Script (After Launch)----------------
targets -set -nocase -filter {name =~ "*A9*#0"}
con
----------------End of Script----------------

23:31:33 INFO  : Launch script is exported to file 'D:\Zynq\vitis\emio_led\vitis\emio_led_system\_ide\scripts\debugger_emio_led-default.tcl'
23:36:43 INFO  : Checking for BSP changes to sync application flags for project 'emio_led'...
23:36:51 INFO  : Disconnected from the channel tcfchan#2.
23:36:52 INFO  : Connected to target on host '127.0.0.1' and port '3121'.
23:36:52 INFO  : Jtag cable 'Digilent JTAG-SMT2 C306AFE5ABCD' is selected.
23:36:52 INFO  : 'jtag frequency' command is executed.
23:36:52 INFO  : Context for 'APU' is selected.
23:36:52 INFO  : System reset is completed.
23:36:55 INFO  : 'after 3000' command is executed.
23:36:55 INFO  : 'targets -set -filter {jtag_cable_name =~ "Digilent JTAG-SMT2 C306AFE5ABCD" && level==0 && jtag_device_ctx=="jsn-JTAG-SMT2-C306AFE5ABCD-23727093-0"}' command is executed.
23:36:58 INFO  : Device configured successfully with "D:/Zynq/vitis/emio_led/vitis/emio_led/_ide/bitstream/system_wrapper.bit"
23:36:58 INFO  : Context for 'APU' is selected.
23:36:58 INFO  : Hardware design and registers information is loaded from 'D:/Zynq/vitis/emio_led/vitis/system_wrapper/export/system_wrapper/hw/system_wrapper.xsa'.
23:36:58 INFO  : 'configparams force-mem-access 1' command is executed.
23:36:58 INFO  : Context for 'APU' is selected.
23:36:58 INFO  : Sourcing of 'D:/Zynq/vitis/emio_led/vitis/emio_led/_ide/psinit/ps7_init.tcl' is done.
23:36:58 INFO  : 'ps7_init' command is executed.
23:36:58 INFO  : 'ps7_post_config' command is executed.
23:36:58 INFO  : Context for processor 'ps7_cortexa9_0' is selected.
23:36:58 INFO  : The application 'D:/Zynq/vitis/emio_led/vitis/emio_led/Debug/emio_led.elf' is downloaded to processor 'ps7_cortexa9_0'.
23:36:59 INFO  : 'configparams force-mem-access 0' command is executed.
23:36:59 INFO  : ----------------XSDB Script----------------
connect -url tcp:127.0.0.1:3121
targets -set -nocase -filter {name =~"APU*"}
rst -system
after 3000
targets -set -filter {jtag_cable_name =~ "Digilent JTAG-SMT2 C306AFE5ABCD" && level==0 && jtag_device_ctx=="jsn-JTAG-SMT2-C306AFE5ABCD-23727093-0"}
fpga -file D:/Zynq/vitis/emio_led/vitis/emio_led/_ide/bitstream/system_wrapper.bit
targets -set -nocase -filter {name =~"APU*"}
loadhw -hw D:/Zynq/vitis/emio_led/vitis/system_wrapper/export/system_wrapper/hw/system_wrapper.xsa -mem-ranges [list {0x40000000 0xbfffffff}] -regs
configparams force-mem-access 1
targets -set -nocase -filter {name =~"APU*"}
source D:/Zynq/vitis/emio_led/vitis/emio_led/_ide/psinit/ps7_init.tcl
ps7_init
ps7_post_config
targets -set -nocase -filter {name =~ "*A9*#0"}
dow D:/Zynq/vitis/emio_led/vitis/emio_led/Debug/emio_led.elf
configparams force-mem-access 0
----------------End of Script----------------

23:36:59 INFO  : Context for processor 'ps7_cortexa9_0' is selected.
23:36:59 INFO  : 'con' command is executed.
23:36:59 INFO  : ----------------XSDB Script (After Launch)----------------
targets -set -nocase -filter {name =~ "*A9*#0"}
con
----------------End of Script----------------

23:36:59 INFO  : Launch script is exported to file 'D:\Zynq\vitis\emio_led\vitis\emio_led_system\_ide\scripts\debugger_emio_led-default.tcl'
23:37:44 INFO  : Checking for BSP changes to sync application flags for project 'emio_led'...
23:37:48 INFO  : Disconnected from the channel tcfchan#3.
23:37:49 INFO  : Connected to target on host '127.0.0.1' and port '3121'.
23:37:49 INFO  : Jtag cable 'Digilent JTAG-SMT2 C306AFE5ABCD' is selected.
23:37:49 INFO  : 'jtag frequency' command is executed.
23:37:49 INFO  : Context for 'APU' is selected.
23:37:49 INFO  : System reset is completed.
23:37:52 INFO  : 'after 3000' command is executed.
23:37:53 INFO  : 'targets -set -filter {jtag_cable_name =~ "Digilent JTAG-SMT2 C306AFE5ABCD" && level==0 && jtag_device_ctx=="jsn-JTAG-SMT2-C306AFE5ABCD-23727093-0"}' command is executed.
23:37:55 INFO  : Device configured successfully with "D:/Zynq/vitis/emio_led/vitis/emio_led/_ide/bitstream/system_wrapper.bit"
23:37:55 INFO  : Context for 'APU' is selected.
23:37:55 INFO  : Hardware design and registers information is loaded from 'D:/Zynq/vitis/emio_led/vitis/system_wrapper/export/system_wrapper/hw/system_wrapper.xsa'.
23:37:55 INFO  : 'configparams force-mem-access 1' command is executed.
23:37:55 INFO  : Context for 'APU' is selected.
23:37:55 INFO  : Sourcing of 'D:/Zynq/vitis/emio_led/vitis/emio_led/_ide/psinit/ps7_init.tcl' is done.
23:37:55 INFO  : 'ps7_init' command is executed.
23:37:55 INFO  : 'ps7_post_config' command is executed.
23:37:55 INFO  : Context for processor 'ps7_cortexa9_0' is selected.
23:37:56 INFO  : The application 'D:/Zynq/vitis/emio_led/vitis/emio_led/Debug/emio_led.elf' is downloaded to processor 'ps7_cortexa9_0'.
23:37:56 INFO  : 'configparams force-mem-access 0' command is executed.
23:37:56 INFO  : ----------------XSDB Script----------------
connect -url tcp:127.0.0.1:3121
targets -set -nocase -filter {name =~"APU*"}
rst -system
after 3000
targets -set -filter {jtag_cable_name =~ "Digilent JTAG-SMT2 C306AFE5ABCD" && level==0 && jtag_device_ctx=="jsn-JTAG-SMT2-C306AFE5ABCD-23727093-0"}
fpga -file D:/Zynq/vitis/emio_led/vitis/emio_led/_ide/bitstream/system_wrapper.bit
targets -set -nocase -filter {name =~"APU*"}
loadhw -hw D:/Zynq/vitis/emio_led/vitis/system_wrapper/export/system_wrapper/hw/system_wrapper.xsa -mem-ranges [list {0x40000000 0xbfffffff}] -regs
configparams force-mem-access 1
targets -set -nocase -filter {name =~"APU*"}
source D:/Zynq/vitis/emio_led/vitis/emio_led/_ide/psinit/ps7_init.tcl
ps7_init
ps7_post_config
targets -set -nocase -filter {name =~ "*A9*#0"}
dow D:/Zynq/vitis/emio_led/vitis/emio_led/Debug/emio_led.elf
configparams force-mem-access 0
----------------End of Script----------------

23:37:56 INFO  : Context for processor 'ps7_cortexa9_0' is selected.
23:37:56 INFO  : 'con' command is executed.
23:37:56 INFO  : ----------------XSDB Script (After Launch)----------------
targets -set -nocase -filter {name =~ "*A9*#0"}
con
----------------End of Script----------------

23:37:56 INFO  : Launch script is exported to file 'D:\Zynq\vitis\emio_led\vitis\emio_led_system\_ide\scripts\debugger_emio_led-default.tcl'
23:38:40 INFO  : Checking for BSP changes to sync application flags for project 'emio_led'...
23:38:45 INFO  : Disconnected from the channel tcfchan#4.
23:38:46 INFO  : Connected to target on host '127.0.0.1' and port '3121'.
23:38:46 INFO  : Jtag cable 'Digilent JTAG-SMT2 C306AFE5ABCD' is selected.
23:38:46 INFO  : 'jtag frequency' command is executed.
23:38:46 INFO  : Context for 'APU' is selected.
23:38:46 INFO  : System reset is completed.
23:38:49 INFO  : 'after 3000' command is executed.
23:38:49 INFO  : 'targets -set -filter {jtag_cable_name =~ "Digilent JTAG-SMT2 C306AFE5ABCD" && level==0 && jtag_device_ctx=="jsn-JTAG-SMT2-C306AFE5ABCD-23727093-0"}' command is executed.
23:38:52 INFO  : Device configured successfully with "D:/Zynq/vitis/emio_led/vitis/emio_led/_ide/bitstream/system_wrapper.bit"
23:38:52 INFO  : Context for 'APU' is selected.
23:38:52 INFO  : Hardware design and registers information is loaded from 'D:/Zynq/vitis/emio_led/vitis/system_wrapper/export/system_wrapper/hw/system_wrapper.xsa'.
23:38:52 INFO  : 'configparams force-mem-access 1' command is executed.
23:38:52 INFO  : Context for 'APU' is selected.
23:38:52 INFO  : Sourcing of 'D:/Zynq/vitis/emio_led/vitis/emio_led/_ide/psinit/ps7_init.tcl' is done.
23:38:52 INFO  : 'ps7_init' command is executed.
23:38:52 INFO  : 'ps7_post_config' command is executed.
23:38:52 INFO  : Context for processor 'ps7_cortexa9_0' is selected.
23:38:53 INFO  : The application 'D:/Zynq/vitis/emio_led/vitis/emio_led/Debug/emio_led.elf' is downloaded to processor 'ps7_cortexa9_0'.
23:38:53 INFO  : 'configparams force-mem-access 0' command is executed.
23:38:53 INFO  : ----------------XSDB Script----------------
connect -url tcp:127.0.0.1:3121
targets -set -nocase -filter {name =~"APU*"}
rst -system
after 3000
targets -set -filter {jtag_cable_name =~ "Digilent JTAG-SMT2 C306AFE5ABCD" && level==0 && jtag_device_ctx=="jsn-JTAG-SMT2-C306AFE5ABCD-23727093-0"}
fpga -file D:/Zynq/vitis/emio_led/vitis/emio_led/_ide/bitstream/system_wrapper.bit
targets -set -nocase -filter {name =~"APU*"}
loadhw -hw D:/Zynq/vitis/emio_led/vitis/system_wrapper/export/system_wrapper/hw/system_wrapper.xsa -mem-ranges [list {0x40000000 0xbfffffff}] -regs
configparams force-mem-access 1
targets -set -nocase -filter {name =~"APU*"}
source D:/Zynq/vitis/emio_led/vitis/emio_led/_ide/psinit/ps7_init.tcl
ps7_init
ps7_post_config
targets -set -nocase -filter {name =~ "*A9*#0"}
dow D:/Zynq/vitis/emio_led/vitis/emio_led/Debug/emio_led.elf
configparams force-mem-access 0
----------------End of Script----------------

23:38:53 INFO  : Context for processor 'ps7_cortexa9_0' is selected.
23:38:53 INFO  : 'con' command is executed.
23:38:53 INFO  : ----------------XSDB Script (After Launch)----------------
targets -set -nocase -filter {name =~ "*A9*#0"}
con
----------------End of Script----------------

23:38:53 INFO  : Launch script is exported to file 'D:\Zynq\vitis\emio_led\vitis\emio_led_system\_ide\scripts\debugger_emio_led-default.tcl'
23:39:02 INFO  : Checking for BSP changes to sync application flags for project 'emio_led'...
23:39:06 INFO  : Disconnected from the channel tcfchan#5.
23:39:07 INFO  : Connected to target on host '127.0.0.1' and port '3121'.
23:39:07 INFO  : Jtag cable 'Digilent JTAG-SMT2 C306AFE5ABCD' is selected.
23:39:07 INFO  : 'jtag frequency' command is executed.
23:39:07 INFO  : Context for 'APU' is selected.
23:39:07 INFO  : System reset is completed.
23:39:10 INFO  : 'after 3000' command is executed.
23:39:10 INFO  : 'targets -set -filter {jtag_cable_name =~ "Digilent JTAG-SMT2 C306AFE5ABCD" && level==0 && jtag_device_ctx=="jsn-JTAG-SMT2-C306AFE5ABCD-23727093-0"}' command is executed.
23:39:13 INFO  : Device configured successfully with "D:/Zynq/vitis/emio_led/vitis/emio_led/_ide/bitstream/system_wrapper.bit"
23:39:13 INFO  : Context for 'APU' is selected.
23:39:13 INFO  : Hardware design and registers information is loaded from 'D:/Zynq/vitis/emio_led/vitis/system_wrapper/export/system_wrapper/hw/system_wrapper.xsa'.
23:39:13 INFO  : 'configparams force-mem-access 1' command is executed.
23:39:13 INFO  : Context for 'APU' is selected.
23:39:13 INFO  : Sourcing of 'D:/Zynq/vitis/emio_led/vitis/emio_led/_ide/psinit/ps7_init.tcl' is done.
23:39:13 INFO  : 'ps7_init' command is executed.
23:39:13 INFO  : 'ps7_post_config' command is executed.
23:39:13 INFO  : Context for processor 'ps7_cortexa9_0' is selected.
23:39:14 INFO  : The application 'D:/Zynq/vitis/emio_led/vitis/emio_led/Debug/emio_led.elf' is downloaded to processor 'ps7_cortexa9_0'.
23:39:14 INFO  : 'configparams force-mem-access 0' command is executed.
23:39:14 INFO  : ----------------XSDB Script----------------
connect -url tcp:127.0.0.1:3121
targets -set -nocase -filter {name =~"APU*"}
rst -system
after 3000
targets -set -filter {jtag_cable_name =~ "Digilent JTAG-SMT2 C306AFE5ABCD" && level==0 && jtag_device_ctx=="jsn-JTAG-SMT2-C306AFE5ABCD-23727093-0"}
fpga -file D:/Zynq/vitis/emio_led/vitis/emio_led/_ide/bitstream/system_wrapper.bit
targets -set -nocase -filter {name =~"APU*"}
loadhw -hw D:/Zynq/vitis/emio_led/vitis/system_wrapper/export/system_wrapper/hw/system_wrapper.xsa -mem-ranges [list {0x40000000 0xbfffffff}] -regs
configparams force-mem-access 1
targets -set -nocase -filter {name =~"APU*"}
source D:/Zynq/vitis/emio_led/vitis/emio_led/_ide/psinit/ps7_init.tcl
ps7_init
ps7_post_config
targets -set -nocase -filter {name =~ "*A9*#0"}
dow D:/Zynq/vitis/emio_led/vitis/emio_led/Debug/emio_led.elf
configparams force-mem-access 0
----------------End of Script----------------

23:39:14 INFO  : Context for processor 'ps7_cortexa9_0' is selected.
23:39:14 INFO  : 'con' command is executed.
23:39:14 INFO  : ----------------XSDB Script (After Launch)----------------
targets -set -nocase -filter {name =~ "*A9*#0"}
con
----------------End of Script----------------

23:39:14 INFO  : Launch script is exported to file 'D:\Zynq\vitis\emio_led\vitis\emio_led_system\_ide\scripts\debugger_emio_led-default.tcl'
23:39:42 INFO  : Checking for BSP changes to sync application flags for project 'emio_led'...
23:39:48 INFO  : Disconnected from the channel tcfchan#6.
23:39:49 INFO  : Connected to target on host '127.0.0.1' and port '3121'.
23:39:49 INFO  : Jtag cable 'Digilent JTAG-SMT2 C306AFE5ABCD' is selected.
23:39:49 INFO  : 'jtag frequency' command is executed.
23:39:49 INFO  : Context for 'APU' is selected.
23:39:49 INFO  : System reset is completed.
23:39:52 INFO  : 'after 3000' command is executed.
23:39:52 INFO  : 'targets -set -filter {jtag_cable_name =~ "Digilent JTAG-SMT2 C306AFE5ABCD" && level==0 && jtag_device_ctx=="jsn-JTAG-SMT2-C306AFE5ABCD-23727093-0"}' command is executed.
23:39:55 INFO  : Device configured successfully with "D:/Zynq/vitis/emio_led/vitis/emio_led/_ide/bitstream/system_wrapper.bit"
23:39:55 INFO  : Context for 'APU' is selected.
23:39:55 INFO  : Hardware design and registers information is loaded from 'D:/Zynq/vitis/emio_led/vitis/system_wrapper/export/system_wrapper/hw/system_wrapper.xsa'.
23:39:55 INFO  : 'configparams force-mem-access 1' command is executed.
23:39:55 INFO  : Context for 'APU' is selected.
23:39:55 INFO  : Sourcing of 'D:/Zynq/vitis/emio_led/vitis/emio_led/_ide/psinit/ps7_init.tcl' is done.
23:39:55 INFO  : 'ps7_init' command is executed.
23:39:55 INFO  : 'ps7_post_config' command is executed.
23:39:55 INFO  : Context for processor 'ps7_cortexa9_0' is selected.
23:39:55 INFO  : The application 'D:/Zynq/vitis/emio_led/vitis/emio_led/Debug/emio_led.elf' is downloaded to processor 'ps7_cortexa9_0'.
23:39:55 INFO  : 'configparams force-mem-access 0' command is executed.
23:39:55 INFO  : ----------------XSDB Script----------------
connect -url tcp:127.0.0.1:3121
targets -set -nocase -filter {name =~"APU*"}
rst -system
after 3000
targets -set -filter {jtag_cable_name =~ "Digilent JTAG-SMT2 C306AFE5ABCD" && level==0 && jtag_device_ctx=="jsn-JTAG-SMT2-C306AFE5ABCD-23727093-0"}
fpga -file D:/Zynq/vitis/emio_led/vitis/emio_led/_ide/bitstream/system_wrapper.bit
targets -set -nocase -filter {name =~"APU*"}
loadhw -hw D:/Zynq/vitis/emio_led/vitis/system_wrapper/export/system_wrapper/hw/system_wrapper.xsa -mem-ranges [list {0x40000000 0xbfffffff}] -regs
configparams force-mem-access 1
targets -set -nocase -filter {name =~"APU*"}
source D:/Zynq/vitis/emio_led/vitis/emio_led/_ide/psinit/ps7_init.tcl
ps7_init
ps7_post_config
targets -set -nocase -filter {name =~ "*A9*#0"}
dow D:/Zynq/vitis/emio_led/vitis/emio_led/Debug/emio_led.elf
configparams force-mem-access 0
----------------End of Script----------------

23:39:56 INFO  : Context for processor 'ps7_cortexa9_0' is selected.
23:39:56 INFO  : 'con' command is executed.
23:39:56 INFO  : ----------------XSDB Script (After Launch)----------------
targets -set -nocase -filter {name =~ "*A9*#0"}
con
----------------End of Script----------------

23:39:56 INFO  : Launch script is exported to file 'D:\Zynq\vitis\emio_led\vitis\emio_led_system\_ide\scripts\debugger_emio_led-default.tcl'
23:41:14 INFO  : Checking for BSP changes to sync application flags for project 'emio_led'...
23:41:19 INFO  : Disconnected from the channel tcfchan#7.
