C51 COMPILER V9.54   MAIN                                                                  12/01/2024 09:16:02 PAGE 1   


C51 COMPILER V9.54, COMPILATION OF MODULE MAIN
OBJECT MODULE PLACED IN .\Objects\main.obj
COMPILER INVOKED BY: C:\Keil_v5\C51\BIN\C51.EXE main.c OPTIMIZE(8,SPEED) BROWSE DEBUG OBJECTEXTEND PRINT(.\Listings\main
                    -.lst) TABS(2) OBJECT(.\Objects\main.obj)

line level    source

   1          /*************************************************
   2          Copyright (C), 2009-2012    , Level Chip Co., Ltd.
   3          文件名:  main.c
   4          作  者: 钱锐      版本: V0.1.0     新建日期: 2024.12.01
   5          描  述: LED呼吸灯
   6          备  注:  
   7          修改记录: 
   8          
   9            1.  日期: 2024.12.01
  10                作者: 钱锐
  11                内容:
  12                    1) 此为模板第一个版本;
  13                版本:V0.1.0
  14          
  15          *************************************************/
  16          #include <REGX52.H>
  17          
  18          #define LED_01 P2_0
  19          
  20          void Delay(unsigned char _Counter)
  21          {
  22   1        while(_Counter--);
  23   1      }
  24          
  25          int main(void)
  26          {
  27   1        int i = 0;
  28   1        int j = 0;
  29   1        
  30   1        while(1)
  31   1        {
  32   2          for(i = 0; i <= 100; i++)
  33   2          {
  34   3            for(j = 0; j <= 20; j++)
  35   3            {
  36   4              LED_01 = 0;
  37   4              Delay(i);
  38   4              LED_01 = 1;
  39   4              Delay(100 - i);
  40   4            }
  41   3          }
  42   2          
  43   2          for(i = 0; i <= 100; i++)
  44   2          {
  45   3            for(j = 0; j <= 20; j++)
  46   3            {
  47   4              LED_01 = 1;
  48   4              Delay(i);
  49   4              LED_01 = 0;
  50   4              Delay(100 - i);
  51   4            }
  52   3          }
  53   2        }
  54   1        
C51 COMPILER V9.54   MAIN                                                                  12/01/2024 09:16:02 PAGE 2   

  55   1        return 0;
  56   1      }
  57          
*** WARNING C294 IN LINE 55 OF main.c: unreachable code


MODULE INFORMATION:   STATIC OVERLAYABLE
   CODE SIZE        =    104    ----
   CONSTANT SIZE    =   ----    ----
   XDATA SIZE       =   ----    ----
   PDATA SIZE       =   ----    ----
   DATA SIZE        =   ----    ----
   IDATA SIZE       =   ----    ----
   BIT SIZE         =   ----    ----
END OF MODULE INFORMATION.


C51 COMPILATION COMPLETE.  1 WARNING(S),  0 ERROR(S)
