d:\windowsdriverpratice\masm6432\kmdfdiver\04_01_wdfioqueue\debug\vc142.pdb
d:\windowsdriverpratice\masm6432\kmdfdiver\04_01_wdfioqueue\debug\main.obj
d:\windowsdriverpratice\masm6432\kmdfdiver\debug\04_01_wdfioqueue.sys
d:\windowsdriverpratice\masm6432\kmdfdiver\debug\04_01_wdfioqueue.pdb
d:\windowsdriverpratice\masm6432\kmdfdiver\04_01_wdfioqueue\debug\04_01_wdfioqueue.inf
d:\windowsdriverpratice\masm6432\kmdfdiver\debug\04_01_wdfioqueue.cer
d:\windowsdriverpratice\masm6432\kmdfdiver\debug\04_01_wdfioqueue.inf
d:\windowsdriverpratice\masm6432\kmdfdiver\04_01_wdfioqueue\debug\04_01_wdfioqueue.tlog\cl.command.1.tlog
d:\windowsdriverpratice\masm6432\kmdfdiver\04_01_wdfioqueue\debug\04_01_wdfioqueue.tlog\cl.read.1.tlog
d:\windowsdriverpratice\masm6432\kmdfdiver\04_01_wdfioqueue\debug\04_01_wdfioqueue.tlog\cl.write.1.tlog
d:\windowsdriverpratice\masm6432\kmdfdiver\04_01_wdfioqueue\debug\04_01_wdfioqueue.tlog\inf2cat-expand.20916.read.1.tlog
d:\windowsdriverpratice\masm6432\kmdfdiver\04_01_wdfioqueue\debug\04_01_wdfioqueue.tlog\inf2cat-expand.20916.write.1.tlog
d:\windowsdriverpratice\masm6432\kmdfdiver\04_01_wdfioqueue\debug\04_01_wdfioqueue.tlog\inf2cat-expand.3652.read.1.tlog
d:\windowsdriverpratice\masm6432\kmdfdiver\04_01_wdfioqueue\debug\04_01_wdfioqueue.tlog\inf2cat-expand.3652.write.1.tlog
d:\windowsdriverpratice\masm6432\kmdfdiver\04_01_wdfioqueue\debug\04_01_wdfioqueue.tlog\inf2cat-expand.read.1.tlog
d:\windowsdriverpratice\masm6432\kmdfdiver\04_01_wdfioqueue\debug\04_01_wdfioqueue.tlog\inf2cat-expand.write.1.tlog
d:\windowsdriverpratice\masm6432\kmdfdiver\04_01_wdfioqueue\debug\04_01_wdfioqueue.tlog\inf2cat.command.1.tlog
d:\windowsdriverpratice\masm6432\kmdfdiver\04_01_wdfioqueue\debug\04_01_wdfioqueue.tlog\inf2cat.read.1.tlog
d:\windowsdriverpratice\masm6432\kmdfdiver\04_01_wdfioqueue\debug\04_01_wdfioqueue.tlog\inf2cat.write.1.tlog
d:\windowsdriverpratice\masm6432\kmdfdiver\04_01_wdfioqueue\debug\04_01_wdfioqueue.tlog\link.command.1.tlog
d:\windowsdriverpratice\masm6432\kmdfdiver\04_01_wdfioqueue\debug\04_01_wdfioqueue.tlog\link.read.1.tlog
d:\windowsdriverpratice\masm6432\kmdfdiver\04_01_wdfioqueue\debug\04_01_wdfioqueue.tlog\link.write.1.tlog
d:\windowsdriverpratice\masm6432\kmdfdiver\04_01_wdfioqueue\debug\04_01_wdfioqueue.tlog\signtool.command.1.tlog
d:\windowsdriverpratice\masm6432\kmdfdiver\04_01_wdfioqueue\debug\04_01_wdfioqueue.tlog\signtool.read.1.tlog
d:\windowsdriverpratice\masm6432\kmdfdiver\04_01_wdfioqueue\debug\04_01_wdfioqueue.tlog\signtool.timestamp.1.tlog
d:\windowsdriverpratice\masm6432\kmdfdiver\04_01_wdfioqueue\debug\04_01_wdfioqueue.tlog\signtool.write.1.tlog
d:\windowsdriverpratice\masm6432\kmdfdiver\04_01_wdfioqueue\debug\04_01_wdfioqueue.tlog\stampinf.command.1.tlog
d:\windowsdriverpratice\masm6432\kmdfdiver\04_01_wdfioqueue\debug\04_01_wdfioqueue.tlog\stampinf.read.1.tlog
d:\windowsdriverpratice\masm6432\kmdfdiver\04_01_wdfioqueue\debug\04_01_wdfioqueue.tlog\stampinf.write.1.tlog
